20:21:14: Creating resource group General
20:21:14: Creating resource group Internal
20:21:14: Creating resource group Autodetect
20:21:14: SceneManagerFactory for type 'DefaultSceneManager' registered.
20:21:14: Registering ResourceManager for type Material
20:21:14: Registering ResourceManager for type Mesh
20:21:14: Registering ResourceManager for type Skeleton
20:21:14: MovableObjectFactory for type 'ParticleSystem' registered.
20:21:14: ArchiveFactory for archive type FileSystem registered.
20:21:14: ArchiveFactory for archive type Zip registered.
20:21:14: ArchiveFactory for archive type EmbeddedZip registered.
20:21:14: DDS codec registering
20:21:14: FreeImage version: 3.17.0
20:21:14: This program uses FreeImage, a free, open source image library supporting all common bitmap formats. See http://freeimage.sourceforge.net for details
20:21:14: Supported formats: bmp,ico,jpg,jif,jpeg,jpe,jng,koa,iff,lbm,mng,pbm,pbm,pcd,pcx,pgm,pgm,png,ppm,ppm,ras,tga,targa,tif,tiff,wap,wbmp,wbm,psd,cut,xbm,xpm,gif,hdr,sgi,rgb,rgba,bw,exr,j2k,j2c,jp2,pfm,pct,pict,pic,3fr,arw,bay,bmq,cap,cine,cr2,crw,cs1,dc2,dcr,drf,dsc,dng,erf,fff,ia,iiq,k25,kc2,kdc,mdc,mef,mos,mrw,nef,nrw,orf,pef,ptx,pxn,qtk,raf,raw,rdc,rw2,rwl,rwz,sr2,srf,srw,sti,x3f,webp,jxr,wdp,hdp
20:21:14: Registering ResourceManager for type HighLevelGpuProgram
20:21:14: Registering ResourceManager for type Compositor
20:21:14: MovableObjectFactory for type 'Entity' registered.
20:21:14: MovableObjectFactory for type 'Light' registered.
20:21:14: MovableObjectFactory for type 'BillboardSet' registered.
20:21:14: MovableObjectFactory for type 'ManualObject' registered.
20:21:14: MovableObjectFactory for type 'BillboardChain' registered.
20:21:14: MovableObjectFactory for type 'RibbonTrail' registered.
20:21:14: Loading library /usr/local/lib/OGRE/RenderSystem_GL
20:21:14: Installing plugin: GL RenderSystem
20:21:14: OpenGL Rendering Subsystem created.
20:21:14: Plugin successfully installed
20:21:14: Loading library /usr/local/lib/OGRE/Plugin_ParticleFX
20:21:14: Installing plugin: ParticleFX
20:21:14: Particle Emitter Type 'Point' registered
20:21:14: Particle Emitter Type 'Box' registered
20:21:14: Particle Emitter Type 'Ellipsoid' registered
20:21:14: Particle Emitter Type 'Cylinder' registered
20:21:14: Particle Emitter Type 'Ring' registered
20:21:14: Particle Emitter Type 'HollowEllipsoid' registered
20:21:14: Particle Affector Type 'LinearForce' registered
20:21:14: Particle Affector Type 'ColourFader' registered
20:21:14: Particle Affector Type 'ColourFader2' registered
20:21:14: Particle Affector Type 'ColourImage' registered
20:21:14: Particle Affector Type 'ColourInterpolator' registered
20:21:14: Particle Affector Type 'Scaler' registered
20:21:14: Particle Affector Type 'Rotator' registered
20:21:14: Particle Affector Type 'DirectionRandomiser' registered
20:21:14: Particle Affector Type 'DeflectorPlane' registered
20:21:14: Plugin successfully installed
20:21:14: Loading library /usr/local/lib/OGRE/Plugin_BSPSceneManager
20:21:14: Installing plugin: BSP Scene Manager
20:21:14: Plugin successfully installed
20:21:14: Loading library /usr/local/lib/OGRE/Plugin_CgProgramManager
20:21:14: Installing plugin: Cg Program Manager
20:21:14: Plugin successfully installed
20:21:14: Loading library /usr/local/lib/OGRE/Plugin_PCZSceneManager
20:21:14: Installing plugin: Portal Connected Zone Scene Manager
20:21:14: PCZone Factory Type 'ZoneType_Default' registered
20:21:14: Plugin successfully installed
20:21:14: Loading library /usr/local/lib/OGRE/Plugin_OctreeZone
20:21:14: Installing plugin: Octree Zone Factory
20:21:14: Plugin successfully installed
20:21:14: Loading library /usr/local/lib/OGRE/Plugin_OctreeSceneManager
20:21:14: Installing plugin: Octree Scene Manager
20:21:14: Plugin successfully installed
20:21:14: *-*-* OGRE Initialising
20:21:14: *-*-* Version 1.9.0 (Ghadamon)
20:21:14: Creating resource group Essential
20:21:14: Added resource location '/usr/local/share/OGRE/Media/thumbnails' of type 'FileSystem' to resource group 'Essential'
20:21:14: Added resource location '/usr/local/share/OGRE/Media/packs/SdkTrays.zip' of type 'Zip' to resource group 'Essential'
20:21:14: Added resource location '/usr/local/share/OGRE/Media/packs/profiler.zip' of type 'Zip' to resource group 'Essential'
20:21:14: Added resource location '/usr/local/share/OGRE/Media' of type 'FileSystem' to resource group 'General'
20:21:14: Creating resource group Popular
20:21:14: Added resource location '/usr/local/share/OGRE/Media/fonts' of type 'FileSystem' to resource group 'Popular'
20:21:14: Added resource location '/usr/local/share/OGRE/Media/materials/programs' of type 'FileSystem' to resource group 'Popular'
20:21:14: Added resource location '/usr/local/share/OGRE/Media/materials/programs/GLSL' of type 'FileSystem' to resource group 'Popular'
20:21:14: Added resource location '/usr/local/share/OGRE/Media/materials/scripts' of type 'FileSystem' to resource group 'Popular'
20:21:14: Added resource location '/usr/local/share/OGRE/Media/materials/textures' of type 'FileSystem' to resource group 'Popular'
20:21:14: Added resource location '/usr/local/share/OGRE/Media/materials/textures/nvidia' of type 'FileSystem' to resource group 'Popular'
20:21:14: Added resource location '/usr/local/share/OGRE/Media/models' of type 'FileSystem' to resource group 'Popular'
20:21:14: Added resource location '/usr/local/share/OGRE/Media/particle' of type 'FileSystem' to resource group 'Popular'
20:21:14: Added resource location '/usr/local/share/OGRE/Media/DeferredShadingMedia' of type 'FileSystem' to resource group 'Popular'
20:21:14: Added resource location '/usr/local/share/OGRE/Media/PCZAppMedia' of type 'FileSystem' to resource group 'Popular'
20:21:14: Added resource location '/usr/local/share/OGRE/Media/RTShaderLib' of type 'FileSystem' to resource group 'Popular'
20:21:14: Added resource location '/usr/local/share/OGRE/Media/RTShaderLib/materials' of type 'FileSystem' to resource group 'Popular'
20:21:14: Added resource location '/usr/local/share/OGRE/Media/materials/scripts/SSAO' of type 'FileSystem' to resource group 'Popular'
20:21:14: Added resource location '/usr/local/share/OGRE/Media/materials/textures/SSAO' of type 'FileSystem' to resource group 'Popular'
20:21:14: Added resource location '/usr/local/share/OGRE/Media/volumeTerrain' of type 'FileSystem' to resource group 'Popular'
20:21:14: Added resource location '/usr/local/share/OGRE/Media/packs/cubemap.zip' of type 'Zip' to resource group 'Popular'
20:21:14: Added resource location '/usr/local/share/OGRE/Media/packs/cubemapsJS.zip' of type 'Zip' to resource group 'Popular'
20:21:14: Added resource location '/usr/local/share/OGRE/Media/packs/dragon.zip' of type 'Zip' to resource group 'Popular'
20:21:14: Added resource location '/usr/local/share/OGRE/Media/packs/fresneldemo.zip' of type 'Zip' to resource group 'Popular'
20:21:14: Added resource location '/usr/local/share/OGRE/Media/packs/ogretestmap.zip' of type 'Zip' to resource group 'Popular'
20:21:14: Added resource location '/usr/local/share/OGRE/Media/packs/ogredance.zip' of type 'Zip' to resource group 'Popular'
20:21:14: Added resource location '/usr/local/share/OGRE/Media/packs/Sinbad.zip' of type 'Zip' to resource group 'Popular'
20:21:14: Added resource location '/usr/local/share/OGRE/Media/packs/skybox.zip' of type 'Zip' to resource group 'Popular'
20:21:14: Added resource location '/usr/local/share/OGRE/Media/volumeTerrain/volumeTerrainBig.zip' of type 'Zip' to resource group 'Popular'
20:21:14: Creating resource group Tests
20:21:14: Added resource location '/usr/local/Tests/Media' of type 'FileSystem' to resource group 'Tests'
20:21:16: *-*-* OGRE Shutdown
20:21:16: Unregistering ResourceManager for type Compositor
20:21:16: Unregistering ResourceManager for type Skeleton
20:21:16: Unregistering ResourceManager for type Mesh
20:21:16: Unregistering ResourceManager for type HighLevelGpuProgram
20:21:16: Uninstalling plugin: Octree Scene Manager
20:21:16: Plugin successfully uninstalled
20:21:16: Unloading library /usr/local/lib/OGRE/Plugin_OctreeSceneManager
20:21:16: Uninstalling plugin: Octree Zone Factory
20:21:16: Plugin successfully uninstalled
20:21:16: Unloading library /usr/local/lib/OGRE/Plugin_OctreeZone
20:21:16: Uninstalling plugin: Portal Connected Zone Scene Manager
20:21:16: Plugin successfully uninstalled
20:21:16: Unloading library /usr/local/lib/OGRE/Plugin_PCZSceneManager
20:21:16: Uninstalling plugin: Cg Program Manager
20:21:16: Plugin successfully uninstalled
20:21:16: Unloading library /usr/local/lib/OGRE/Plugin_CgProgramManager
20:21:16: Uninstalling plugin: BSP Scene Manager
20:21:16: Plugin successfully uninstalled
20:21:16: Unloading library /usr/local/lib/OGRE/Plugin_BSPSceneManager
20:21:16: Uninstalling plugin: ParticleFX
20:21:16: Plugin successfully uninstalled
20:21:16: Unloading library /usr/local/lib/OGRE/Plugin_ParticleFX
20:21:16: Uninstalling plugin: GL RenderSystem
20:21:16: ******************************
*** Stopping GLX Subsystem ***
******************************
20:21:16: Plugin successfully uninstalled
20:21:16: Unloading library /usr/local/lib/OGRE/RenderSystem_GL
20:21:16: Unregistering ResourceManager for type Material
