12:51:03: Creating resource group General
12:51:03: Creating resource group Internal
12:51:03: Creating resource group Autodetect
12:51:03: SceneManagerFactory for type 'DefaultSceneManager' registered.
12:51:03: Registering ResourceManager for type Material
12:51:03: Registering ResourceManager for type Mesh
12:51:03: Registering ResourceManager for type Skeleton
12:51:03: MovableObjectFactory for type 'ParticleSystem' registered.
12:51:03: ArchiveFactory for archive type FileSystem registered.
12:51:03: ArchiveFactory for archive type Zip registered.
12:51:03: ArchiveFactory for archive type EmbeddedZip registered.
12:51:03: DDS codec registering
12:51:03: FreeImage version: 3.17.0
12:51:03: This program uses FreeImage, a free, open source image library supporting all common bitmap formats. See http://freeimage.sourceforge.net for details
12:51:03: Supported formats: bmp,ico,jpg,jif,jpeg,jpe,jng,koa,iff,lbm,mng,pbm,pbm,pcd,pcx,pgm,pgm,png,ppm,ppm,ras,tga,targa,tif,tiff,wap,wbmp,wbm,psd,cut,xbm,xpm,gif,hdr,sgi,rgb,rgba,bw,exr,j2k,j2c,jp2,pfm,pct,pict,pic,3fr,arw,bay,bmq,cap,cine,cr2,crw,cs1,dc2,dcr,drf,dsc,dng,erf,fff,ia,iiq,k25,kc2,kdc,mdc,mef,mos,mrw,nef,nrw,orf,pef,ptx,pxn,qtk,raf,raw,rdc,rw2,rwl,rwz,sr2,srf,srw,sti,x3f,webp,jxr,wdp,hdp
12:51:03: Registering ResourceManager for type HighLevelGpuProgram
12:51:03: Registering ResourceManager for type Compositor
12:51:03: MovableObjectFactory for type 'Entity' registered.
12:51:03: MovableObjectFactory for type 'Light' registered.
12:51:03: MovableObjectFactory for type 'BillboardSet' registered.
12:51:03: MovableObjectFactory for type 'ManualObject' registered.
12:51:03: MovableObjectFactory for type 'BillboardChain' registered.
12:51:03: MovableObjectFactory for type 'RibbonTrail' registered.
12:51:03: Loading library /usr/local/lib/OGRE/RenderSystem_GL
12:51:03: Installing plugin: GL RenderSystem
12:51:03: OpenGL Rendering Subsystem created.
12:51:04: Plugin successfully installed
12:51:04: Loading library /usr/local/lib/OGRE/Plugin_ParticleFX
12:51:04: Installing plugin: ParticleFX
12:51:04: Particle Emitter Type 'Point' registered
12:51:04: Particle Emitter Type 'Box' registered
12:51:04: Particle Emitter Type 'Ellipsoid' registered
12:51:04: Particle Emitter Type 'Cylinder' registered
12:51:04: Particle Emitter Type 'Ring' registered
12:51:04: Particle Emitter Type 'HollowEllipsoid' registered
12:51:04: Particle Affector Type 'LinearForce' registered
12:51:04: Particle Affector Type 'ColourFader' registered
12:51:04: Particle Affector Type 'ColourFader2' registered
12:51:04: Particle Affector Type 'ColourImage' registered
12:51:04: Particle Affector Type 'ColourInterpolator' registered
12:51:04: Particle Affector Type 'Scaler' registered
12:51:04: Particle Affector Type 'Rotator' registered
12:51:04: Particle Affector Type 'DirectionRandomiser' registered
12:51:04: Particle Affector Type 'DeflectorPlane' registered
12:51:04: Plugin successfully installed
12:51:04: Loading library /usr/local/lib/OGRE/Plugin_BSPSceneManager
12:51:04: Installing plugin: BSP Scene Manager
12:51:04: Plugin successfully installed
12:51:04: Loading library /usr/local/lib/OGRE/Plugin_CgProgramManager
12:51:04: Installing plugin: Cg Program Manager
12:51:04: Plugin successfully installed
12:51:04: Loading library /usr/local/lib/OGRE/Plugin_PCZSceneManager
12:51:04: Installing plugin: Portal Connected Zone Scene Manager
12:51:04: PCZone Factory Type 'ZoneType_Default' registered
12:51:04: Plugin successfully installed
12:51:04: Loading library /usr/local/lib/OGRE/Plugin_OctreeZone
12:51:04: Installing plugin: Octree Zone Factory
12:51:04: Plugin successfully installed
12:51:04: Loading library /usr/local/lib/OGRE/Plugin_OctreeSceneManager
12:51:04: Installing plugin: Octree Scene Manager
12:51:04: Plugin successfully installed
12:51:04: *-*-* OGRE Initialising
12:51:04: *-*-* Version 1.9.0 (Ghadamon)
12:51:04: Added resource location '/usr/local/share/OGRE/Media/thumbnails' of type 'FileSystem' to resource group 'General'
12:51:04: Added resource location '../FE3D/data/material/programs' of type 'FileSystem' to resource group 'General'
12:51:04: Added resource location '../FE3D/data/material/scripts' of type 'FileSystem' to resource group 'General'
12:51:04: Added resource location '../FE3D/data/material/textures' of type 'FileSystem' to resource group 'General'
12:51:04: Added resource location '../FE3D/data/meshes' of type 'FileSystem' to resource group 'General'
12:51:04: Added resource location '../FE3D/data/watercraft/material/maps' of type 'FileSystem' to resource group 'General'
12:51:04: Added resource location '../FE3D/data/watercraft/material/scripts' of type 'FileSystem' to resource group 'General'
12:51:04: Added resource location '../FE3D/data/watercraft/material/textures' of type 'FileSystem' to resource group 'General'
12:51:04: Added resource location '../FE3D/data/watercraft/meshes' of type 'FileSystem' to resource group 'General'
12:51:04: Added resource location '../FE3D/data/watercraft/terrain' of type 'FileSystem' to resource group 'General'
12:51:04: Added resource location '/usr/local/share/OGRE/Media/packs/SdkTrays.zip' of type 'Zip' to resource group 'General'
12:51:04: Added resource location '/usr/local/share/OGRE/Media/packs/profiler.zip' of type 'Zip' to resource group 'General'
12:51:04: Added resource location '/usr/local/share/OGRE/Media' of type 'FileSystem' to resource group 'General'
12:51:04: Added resource location 'Mesh' of type 'FileSystem' to resource group 'General'
12:51:04: Added resource location '/usr/local/share/OGRE/Media/fonts' of type 'FileSystem' to resource group 'General'
12:51:04: Added resource location '/usr/local/share/OGRE/Media/materials/programs' of type 'FileSystem' to resource group 'General'
12:51:04: Added resource location '/usr/local/share/OGRE/Media/materials/programs/Cg' of type 'FileSystem' to resource group 'General'
12:51:04: Added resource location '/usr/local/share/OGRE/Media/materials/programs/GLSL' of type 'FileSystem' to resource group 'General'
12:51:04: Added resource location '/usr/local/share/OGRE/Media/materials/programs/GLSL400' of type 'FileSystem' to resource group 'General'
12:51:04: Added resource location '/usr/local/share/OGRE/Media/materials/programs/HLSL' of type 'FileSystem' to resource group 'General'
12:51:04: Added resource location '/usr/local/share/OGRE/Media/materials/programs/HLSL_Cg' of type 'FileSystem' to resource group 'General'
12:51:04: Added resource location '/usr/local/share/OGRE/Media/materials/scripts' of type 'FileSystem' to resource group 'General'
12:51:04: Added resource location '/usr/local/share/OGRE/Media/materials/textures' of type 'FileSystem' to resource group 'General'
12:51:04: Added resource location '/usr/local/share/OGRE/Media/materials/textures/nvidia' of type 'FileSystem' to resource group 'General'
12:51:04: Added resource location '/usr/local/share/OGRE/Media/models' of type 'FileSystem' to resource group 'General'
12:51:04: Added resource location '/usr/local/share/OGRE/Media/particle' of type 'FileSystem' to resource group 'General'
12:51:04: Added resource location '/usr/local/share/OGRE/Media/DeferredShadingMedia' of type 'FileSystem' to resource group 'General'
12:51:04: Added resource location '/usr/local/share/OGRE/Media/PCZAppMedia' of type 'FileSystem' to resource group 'General'
12:51:04: Added resource location '/usr/local/share/OGRE/Media/RTShaderLib' of type 'FileSystem' to resource group 'General'
12:51:04: Added resource location '/usr/local/share/OGRE/Media/RTShaderLib/GLSL' of type 'FileSystem' to resource group 'General'
12:51:04: Added resource location '/usr/local/share/OGRE/Media/RTShaderLib/HLSL_Cg' of type 'FileSystem' to resource group 'General'
12:51:04: Added resource location '/usr/local/share/OGRE/Media/RTShaderLib/materials' of type 'FileSystem' to resource group 'General'
12:51:04: Added resource location '/usr/local/share/OGRE/Media/materials/scripts/SSAO' of type 'FileSystem' to resource group 'General'
12:51:04: Added resource location '/usr/local/share/OGRE/Media/materials/textures/SSAO' of type 'FileSystem' to resource group 'General'
12:51:04: Added resource location '/usr/local/share/OGRE/Media/volumeTerrain' of type 'FileSystem' to resource group 'General'
12:51:04: Added resource location '/usr/local/share/OGRE/Media/packs/cubemap.zip' of type 'Zip' to resource group 'General'
12:51:04: Added resource location '/usr/local/share/OGRE/Media/packs/cubemapsJS.zip' of type 'Zip' to resource group 'General'
12:51:04: Added resource location '/usr/local/share/OGRE/Media/packs/dragon.zip' of type 'Zip' to resource group 'General'
12:51:04: Added resource location '/usr/local/share/OGRE/Media/packs/fresneldemo.zip' of type 'Zip' to resource group 'General'
12:51:04: Added resource location '/usr/local/share/OGRE/Media/packs/ogretestmap.zip' of type 'Zip' to resource group 'General'
12:51:04: Added resource location '/usr/local/share/OGRE/Media/packs/ogredance.zip' of type 'Zip' to resource group 'General'
12:51:04: Added resource location '/usr/local/share/OGRE/Media/packs/Sinbad.zip' of type 'Zip' to resource group 'General'
12:51:04: Added resource location '/usr/local/share/OGRE/Media/packs/skybox.zip' of type 'Zip' to resource group 'General'
12:51:04: Added resource location '/usr/local/share/OGRE/Media/volumeTerrain/volumeTerrainBig.zip' of type 'Zip' to resource group 'General'
12:51:04: Added resource location '/usr/local/Tests/Media' of type 'FileSystem' to resource group 'General'
12:51:04: CPU Identifier & Features
12:51:04: -------------------------
12:51:04:  *   CPU ID: GenuineIntel: Intel(R) Core(TM) i7-6700 CPU @ 3.40GHz
12:51:04:  *      SSE: yes
12:51:04:  *     SSE2: yes
12:51:04:  *     SSE3: yes
12:51:04:  *      MMX: yes
12:51:04:  *   MMXEXT: yes
12:51:04:  *    3DNOW: no
12:51:04:  * 3DNOWEXT: no
12:51:04:  *     CMOV: yes
12:51:04:  *      TSC: yes
12:51:04:  *      FPU: yes
12:51:04:  *      PRO: yes
12:51:04:  *       HT: no
12:51:04: -------------------------
12:51:04: ******************************
*** Starting GLX Subsystem ***
******************************
12:51:04: Registering ResourceManager for type Texture
12:51:04: GLRenderSystem::_createRenderWindow "381 Game Engine", 1920x1080 windowed  miscParams: FSAA=0 displayFrequency=54 Hz gamma=No vsync=No 
12:51:04: GLXWindow::create used FBConfigID = 165
12:51:04: GL_VERSION = 4.5.0 NVIDIA 367.57
12:51:04: GL_VENDOR = NVIDIA Corporation
12:51:04: GL_RENDERER = GeForce GTX 745/PCIe/SSE2
12:51:04: GL_EXTENSIONS = GL_AMD_multi_draw_indirect GL_AMD_seamless_cubemap_per_texture GL_ARB_arrays_of_arrays GL_ARB_base_instance GL_ARB_bindless_texture GL_ARB_blend_func_extended GL_ARB_buffer_storage GL_ARB_clear_buffer_object GL_ARB_clear_texture GL_ARB_clip_control GL_ARB_color_buffer_float GL_ARB_compatibility GL_ARB_compressed_texture_pixel_storage GL_ARB_conservative_depth GL_ARB_compute_shader GL_ARB_compute_variable_group_size GL_ARB_conditional_render_inverted GL_ARB_copy_buffer GL_ARB_copy_image GL_ARB_cull_distance GL_ARB_debug_output GL_ARB_depth_buffer_float GL_ARB_depth_clamp GL_ARB_depth_texture GL_ARB_derivative_control GL_ARB_direct_state_access GL_ARB_draw_buffers GL_ARB_draw_buffers_blend GL_ARB_draw_indirect GL_ARB_draw_elements_base_vertex GL_ARB_draw_instanced GL_ARB_enhanced_layouts GL_ARB_ES2_compatibility GL_ARB_ES3_compatibility GL_ARB_ES3_1_compatibility GL_ARB_ES3_2_compatibility GL_ARB_explicit_attrib_location GL_ARB_explicit_uniform_location GL_ARB_fragment_coord_conventions GL_ARB_fragment_layer_viewport GL_ARB_fragment_program GL_ARB_fragment_program_shadow GL_ARB_fragment_shader GL_ARB_framebuffer_no_attachments GL_ARB_framebuffer_object GL_ARB_framebuffer_sRGB GL_ARB_geometry_shader4 GL_ARB_get_program_binary GL_ARB_get_texture_sub_image GL_ARB_gpu_shader5 GL_ARB_gpu_shader_fp64 GL_ARB_gpu_shader_int64 GL_ARB_half_float_pixel GL_ARB_half_float_vertex GL_ARB_imaging GL_ARB_indirect_parameters GL_ARB_instanced_arrays GL_ARB_internalformat_query GL_ARB_internalformat_query2 GL_ARB_invalidate_subdata GL_ARB_map_buffer_alignment GL_ARB_map_buffer_range GL_ARB_multi_bind GL_ARB_multi_draw_indirect GL_ARB_multisample GL_ARB_multitexture GL_ARB_occlusion_query GL_ARB_occlusion_query2 GL_ARB_parallel_shader_compile GL_ARB_pipeline_statistics_query GL_ARB_pixel_buffer_object GL_ARB_point_parameters GL_ARB_point_sprite GL_ARB_program_interface_query GL_ARB_provoking_vertex GL_ARB_query_buffer_object GL_ARB_robust_buffer_access_behavior GL_ARB_robustness GL_ARB_sample_shading GL_ARB_sampler_objects GL_ARB_seamless_cube_map GL_ARB_seamless_cubemap_per_texture GL_ARB_separate_shader_objects GL_ARB_shader_atomic_counter_ops GL_ARB_shader_atomic_counters GL_ARB_shader_ballot GL_ARB_shader_bit_encoding GL_ARB_shader_clock GL_ARB_shader_draw_parameters GL_ARB_shader_group_vote GL_ARB_shader_image_load_store GL_ARB_shader_image_size GL_ARB_shader_objects GL_ARB_shader_precision GL_ARB_shader_storage_buffer_object GL_ARB_shader_subroutine GL_ARB_shader_texture_image_samples GL_ARB_shader_texture_lod GL_ARB_shading_language_100 GL_ARB_shading_language_420pack GL_ARB_shading_language_include GL_ARB_shading_language_packing GL_ARB_shadow GL_ARB_sparse_buffer GL_ARB_sparse_texture GL_ARB_stencil_texturing GL_ARB_sync GL_ARB_tessellation_shader GL_ARB_texture_barrier GL_ARB_texture_border_clamp GL_ARB_texture_buffer_object GL_ARB_texture_buffer_object_rgb32 GL_ARB_texture_buffer_range GL_ARB_texture_compression GL_ARB_texture_compression_bptc GL_ARB_texture_compression_rgtc GL_ARB_texture_cube_map GL_ARB_texture_cube_map_array GL_ARB_texture_env_add GL_ARB_texture_env_combine GL_ARB_texture_env_crossbar GL_ARB_texture_env_dot3 GL_ARB_texture_float GL_ARB_texture_gather GL_ARB_texture_mirror_clamp_to_edge GL_ARB_texture_mirrored_repeat GL_ARB_texture_multisample GL_ARB_texture_non_power_of_two GL_ARB_texture_query_levels GL_ARB_texture_query_lod GL_ARB_texture_rectangle GL_ARB_texture_rg GL_ARB_texture_rgb10_a2ui GL_ARB_texture_stencil8 GL_ARB_texture_storage GL_ARB_texture_storage_multisample GL_ARB_texture_swizzle GL_ARB_texture_view GL_ARB_timer_query GL_ARB_transform_feedback2 GL_ARB_transform_feedback3 GL_ARB_transform_feedback_instanced GL_ARB_transform_feedback_overflow_query GL_ARB_transpose_matrix GL_ARB_uniform_buffer_object GL_ARB_vertex_array_bgra GL_ARB_vertex_array_object GL_ARB_vertex_attrib_64bit GL_ARB_vertex_attrib_binding GL_ARB_vertex_buffer_object GL_ARB_vertex_program GL_ARB_vertex_shader GL_ARB_vertex_type_10f_11f_11f_rev GL_ARB_vertex_type_2_10_10_10_rev GL_ARB_viewport_array GL_ARB_window_pos GL_ATI_draw_buffers GL_ATI_texture_float GL_ATI_texture_mirror_once GL_S3_s3tc GL_EXT_texture_env_add GL_EXT_abgr GL_EXT_bgra GL_EXT_bindable_uniform GL_EXT_blend_color GL_EXT_blend_equation_separate GL_EXT_blend_func_separate GL_EXT_blend_minmax GL_EXT_blend_subtract GL_EXT_compiled_vertex_array GL_EXT_Cg_shader GL_EXT_depth_bounds_test GL_EXT_direct_state_access GL_EXT_draw_buffers2 GL_EXT_draw_instanced GL_EXT_draw_range_elements GL_EXT_fog_coord GL_EXT_framebuffer_blit GL_EXT_framebuffer_multisample GL_EXTX_framebuffer_mixed_formats GL_EXT_framebuffer_multisample_blit_scaled GL_EXT_framebuffer_object GL_EXT_framebuffer_sRGB GL_EXT_geometry_shader4 GL_EXT_gpu_program_parameters GL_EXT_gpu_shader4 GL_EXT_multi_draw_arrays GL_EXT_packed_depth_stencil GL_EXT_packed_float GL_EXT_packed_pixels GL_EXT_pixel_buffer_object GL_EXT_point_parameters GL_EXT_polygon_offset_clamp GL_EXT_provoking_vertex GL_EXT_rescale_normal GL_EXT_secondary_color GL_EXT_separate_shader_objects GL_EXT_separate_specular_color GL_EXT_shader_image_load_formatted GL_EXT_shader_image_load_store GL_EXT_shader_integer_mix GL_EXT_shadow_funcs GL_EXT_stencil_two_side GL_EXT_stencil_wrap GL_EXT_texture3D GL_EXT_texture_array GL_EXT_texture_buffer_object GL_EXT_texture_compression_dxt1 GL_EXT_texture_compression_latc GL_EXT_texture_compression_rgtc GL_EXT_texture_compression_s3tc GL_EXT_texture_cube_map GL_EXT_texture_edge_clamp GL_EXT_texture_env_combine GL_EXT_texture_env_dot3 GL_EXT_texture_filter_anisotropic GL_EXT_texture_integer GL_EXT_texture_lod GL_EXT_texture_lod_bias GL_EXT_texture_mirror_clamp GL_EXT_texture_object GL_EXT_texture_shared_exponent GL_EXT_texture_sRGB GL_EXT_texture_sRGB_decode GL_EXT_texture_storage GL_EXT_texture_swizzle GL_EXT_timer_query GL_EXT_transform_feedback2 GL_EXT_vertex_array GL_EXT_vertex_array_bgra GL_EXT_vertex_attrib_64bit GL_EXT_x11_sync_object GL_EXT_import_sync_object GL_NV_robustness_video_memory_purge GL_IBM_rasterpos_clip GL_IBM_texture_mirrored_repeat GL_KHR_context_flush_control GL_KHR_debug GL_KHR_no_error GL_KHR_robust_buffer_access_behavior GL_KHR_robustness GL_KTX_buffer_region GL_NV_bindless_multi_draw_indirect GL_NV_bindless_multi_draw_indirect_count GL_NV_bindless_texture GL_NV_blend_equation_advanced GL_NV_blend_equation_advanced_coherent GL_NV_blend_square GL_NV_command_list GL_NV_compute_program5 GL_NV_conditional_render GL_NV_copy_depth_to_color GL_NV_copy_image GL_NV_depth_buffer_float GL_NV_depth_clamp GL_NV_draw_texture GL_NV_draw_vulkan_image GL_NV_ES1_1_compatibility GL_NV_ES3_1_compatibility GL_NV_explicit_multisample GL_NV_fence GL_NV_float_buffer GL_NV_fog_distance GL_NV_fragment_program GL_NV_fragment_program_option GL_NV_fragment_program2 GL_NV_framebuffer_multisample_coverage GL_NV_geometry_shader4 GL_NV_gpu_program4 GL_NV_internalformat_sample_query GL_NV_gpu_program4_1 GL_NV_gpu_program5 GL_NV_gpu_program5_mem_extended GL_NV_gpu_program_fp64 GL_NV_gpu_shader5 GL_NV_half_float GL_NV_light_max_exponent GL_NV_multisample_coverage GL_NV_multisample_filter_hint GL_NV_occlusion_query GL_NV_packed_depth_stencil GL_NV_parameter_buffer_object GL_NV_parameter_buffer_object2 GL_NV_path_rendering GL_NV_pixel_data_range GL_NV_point_sprite GL_NV_primitive_restart GL_NV_register_combiners GL_NV_register_combiners2 GL_NV_shader_atomic_counters GL_NV_shader_atomic_float GL_NV_shader_atomic_int64 GL_NV_shader_buffer_load GL_NV_shader_storage_buffer_object GL_NV_texgen_reflection GL_NV_texture_barrier GL_NV_texture_compression_vtc GL_NV_texture_env_combine4 GL_NV_texture_multisample GL_NV_texture_rectangle GL_NV_texture_shader GL_NV_texture_shader2 GL_NV_texture_shader3 GL_NV_transform_feedback GL_NV_transform_feedback2 GL_NV_uniform_buffer_unified_memory GL_NV_vdpau_interop GL_NV_vertex_array_range GL_NV_vertex_array_range2 GL_NV_vertex_attrib_integer_64bit GL_NV_vertex_buffer_unified_memory GL_NV_vertex_program GL_NV_vertex_program1_1 GL_NV_vertex_program2 GL_NV_vertex_program2_option GL_NV_vertex_program3 GL_NVX_conditional_render GL_NVX_gpu_memory_info GL_NVX_nvenc_interop GL_NV_shader_thread_group GL_NV_shader_thread_shuffle GL_KHR_blend_equation_advanced GL_KHR_blend_equation_advanced_coherent GL_SGIS_generate_mipmap GL_SGIS_texture_lod GL_SGIX_depth_texture GL_SGIX_shadow GL_SUN_slice_accum 
12:51:04: Supported GLX extensions: GLX_EXT_visual_info GLX_EXT_visual_rating GLX_SGIX_fbconfig GLX_SGIX_pbuffer GLX_SGI_video_sync GLX_SGI_swap_control GLX_EXT_swap_control GLX_EXT_swap_control_tear GLX_EXT_texture_from_pixmap GLX_EXT_buffer_age GLX_ARB_create_context GLX_ARB_create_context_profile GLX_EXT_create_context_es_profile GLX_EXT_create_context_es2_profile GLX_ARB_create_context_robustness GLX_NV_delay_before_swap GLX_EXT_stereo_tree GLX_ARB_context_flush_control GLX_NV_robustness_video_memory_purge GLX_ARB_multisample GLX_NV_float_buffer GLX_ARB_fbconfig_float GLX_EXT_framebuffer_sRGB GLX_NV_copy_image GLX_ARB_get_proc_address 
12:51:04: ***************************
12:51:04: *** GL Renderer Started ***
12:51:04: ***************************
12:51:04: Registering ResourceManager for type GpuProgram
12:51:04: GLSL support detected
12:51:04: GL: Using GL_EXT_framebuffer_object for rendering to textures (best)
12:51:04: FBO PF_UNKNOWN depth/stencil support: D0S8 D16S0 D24S0 D32S0 Packed-D24S8 
12:51:04: FBO PF_L8 depth/stencil support: D0S0 D0S8 D16S0 D24S0 D32S0 Packed-D24S8 
12:51:04: FBO PF_A8 depth/stencil support: D0S0 D0S8 D16S0 D24S0 D32S0 Packed-D24S8 
12:51:04: FBO PF_A4L4 depth/stencil support: D0S0 D0S8 D16S0 D24S0 D32S0 Packed-D24S8 
12:51:04: FBO PF_BYTE_LA depth/stencil support: D0S0 D0S8 D16S0 D24S0 D32S0 Packed-D24S8 
12:51:04: FBO PF_R5G6B5 depth/stencil support: D0S0 D0S8 D16S0 D24S0 D32S0 Packed-D24S8 
12:51:04: FBO PF_B5G6R5 depth/stencil support: D0S0 D0S8 D16S0 D24S0 D32S0 Packed-D24S8 
12:51:04: FBO PF_A4R4G4B4 depth/stencil support: D0S0 D0S8 D16S0 D24S0 D32S0 Packed-D24S8 
12:51:04: FBO PF_A1R5G5B5 depth/stencil support: D0S0 D0S8 D16S0 D24S0 D32S0 Packed-D24S8 
12:51:04: FBO PF_R8G8B8 depth/stencil support: D0S0 D0S8 D16S0 D24S0 D32S0 Packed-D24S8 
12:51:04: FBO PF_B8G8R8 depth/stencil support: D0S0 D0S8 D16S0 D24S0 D32S0 Packed-D24S8 
12:51:04: FBO PF_A8R8G8B8 depth/stencil support: D0S0 D0S8 D16S0 D24S0 D32S0 Packed-D24S8 
12:51:04: FBO PF_B8G8R8A8 depth/stencil support: D0S0 D0S8 D16S0 D24S0 D32S0 Packed-D24S8 
12:51:04: FBO PF_A2R10G10B10 depth/stencil support: D0S0 D0S8 D16S0 D24S0 D32S0 Packed-D24S8 
12:51:04: FBO PF_A2B10G10R10 depth/stencil support: D0S0 D0S8 D16S0 D24S0 D32S0 Packed-D24S8 
12:51:04: FBO PF_FLOAT16_RGB depth/stencil support: D0S0 D0S8 D16S0 D24S0 D32S0 Packed-D24S8 
12:51:04: FBO PF_FLOAT16_RGBA depth/stencil support: D0S0 D0S8 D16S0 D24S0 D32S0 Packed-D24S8 
12:51:04: FBO PF_FLOAT32_RGB depth/stencil support: D0S0 D0S8 D16S0 D24S0 D32S0 Packed-D24S8 
12:51:04: FBO PF_FLOAT32_RGBA depth/stencil support: D0S0 D0S8 D16S0 D24S0 D32S0 Packed-D24S8 
12:51:04: FBO PF_X8R8G8B8 depth/stencil support: D0S0 D0S8 D16S0 D24S0 D32S0 Packed-D24S8 
12:51:04: FBO PF_X8B8G8R8 depth/stencil support: D0S0 D0S8 D16S0 D24S0 D32S0 Packed-D24S8 
12:51:04: FBO PF_SHORT_RGBA depth/stencil support: D0S0 D0S8 D16S0 D24S0 D32S0 Packed-D24S8 
12:51:04: FBO PF_R3G3B2 depth/stencil support: D0S0 D0S8 D16S0 D24S0 D32S0 Packed-D24S8 
12:51:04: FBO PF_FLOAT16_R depth/stencil support: D0S0 D0S8 D16S0 D24S0 D32S0 Packed-D24S8 
12:51:04: FBO PF_FLOAT32_R depth/stencil support: D0S0 D0S8 D16S0 D24S0 D32S0 Packed-D24S8 
12:51:04: FBO PF_FLOAT16_GR depth/stencil support: D0S0 D0S8 D16S0 D24S0 D32S0 Packed-D24S8 
12:51:04: FBO PF_FLOAT32_GR depth/stencil support: D0S0 D0S8 D16S0 D24S0 D32S0 Packed-D24S8 
12:51:04: FBO PF_SHORT_RGB depth/stencil support: D0S0 D0S8 D16S0 D24S0 D32S0 Packed-D24S8 
12:51:04: [GL] : Valid FBO targets PF_UNKNOWN PF_L8 PF_A8 PF_A4L4 PF_BYTE_LA PF_R5G6B5 PF_B5G6R5 PF_A4R4G4B4 PF_A1R5G5B5 PF_R8G8B8 PF_B8G8R8 PF_A8R8G8B8 PF_B8G8R8A8 PF_A2R10G10B10 PF_A2B10G10R10 PF_FLOAT16_RGB PF_FLOAT16_RGBA PF_FLOAT32_RGB PF_FLOAT32_RGBA PF_X8R8G8B8 PF_X8B8G8R8 PF_SHORT_RGBA PF_R3G3B2 PF_FLOAT16_R PF_FLOAT32_R PF_FLOAT16_GR PF_FLOAT32_GR PF_SHORT_RGB 
12:51:04: RenderSystem capabilities
12:51:04: -------------------------
12:51:04: RenderSystem Name: OpenGL Rendering Subsystem
12:51:04: GPU Vendor: nvidia
12:51:04: Device Name: GeForce GTX 745/PCIe/SSE2
12:51:04: Driver Version: 4.5.0.0
12:51:04:  * Fixed function pipeline: yes
12:51:04:  * Hardware generation of mipmaps: yes
12:51:04:  * Texture blending: yes
12:51:04:  * Anisotropic texture filtering: yes
12:51:04:  * Dot product texture operation: yes
12:51:04:  * Cube mapping: yes
12:51:04:  * Hardware stencil buffer: yes
12:51:04:    - Stencil depth: 8
12:51:04:    - Two sided stencil support: yes
12:51:04:    - Wrap stencil values: yes
12:51:04:  * Hardware vertex / index buffers: yes
12:51:04:  * 32-bit index buffers: yes
12:51:04:  * Vertex programs: yes
12:51:04:  * Number of floating-point constants for vertex programs: 1024
12:51:04:  * Number of integer constants for vertex programs: 0
12:51:04:  * Number of boolean constants for vertex programs: 0
12:51:04:  * Fragment programs: yes
12:51:04:  * Number of floating-point constants for fragment programs: 1024
12:51:04:  * Number of integer constants for fragment programs: 0
12:51:04:  * Number of boolean constants for fragment programs: 0
12:51:04:  * Geometry programs: yes
12:51:04:  * Number of floating-point constants for geometry programs: 2048
12:51:04:  * Number of integer constants for geometry programs: 0
12:51:04:  * Number of boolean constants for geometry programs: 0
12:51:04:  * Tesselation Hull programs: no
12:51:04:  * Number of floating-point constants for tesselation hull programs: 13879
12:51:04:  * Number of integer constants for tesselation hull programs: 56
12:51:04:  * Number of boolean constants for tesselation hull programs: 0
12:51:04:  * Tesselation Domain programs: no
12:51:04:  * Number of floating-point constants for tesselation domain programs: 0
12:51:04:  * Number of integer constants for tesselation domain programs: 28200
12:51:04:  * Number of boolean constants for tesselation domain programs: 60552
12:51:04:  * Compute programs: no
12:51:04:  * Number of floating-point constants for compute programs: 32665
12:51:04:  * Number of integer constants for compute programs: 0
12:51:04:  * Number of boolean constants for compute programs: 11
12:51:04:  * Supported Shader Profiles: arbfp1 arbvp1 fp20 fp30 fp40 glsl glsl100 glsl110 glsl120 gp4fp gp4gp gp4vp gpu_fp gpu_gp gpu_vp nvgp4 vp30 vp40
12:51:04:  * Texture Compression: yes
12:51:04:    - DXT: yes
12:51:04:    - VTC: yes
12:51:04:    - PVRTC: no
12:51:04:    - ATC: no
12:51:04:    - ETC1: no
12:51:04:    - ETC2: no
12:51:04:    - BC4/BC5: no
12:51:04:    - BC6H/BC7: no
12:51:04:  * Scissor Rectangle: yes
12:51:04:  * Hardware Occlusion Query: yes
12:51:04:  * User clip planes: yes
12:51:04:  * VET_UBYTE4 vertex element type: yes
12:51:04:  * Infinite far plane projection: yes
12:51:04:  * Hardware render-to-texture: yes
12:51:04:  * Floating point textures: yes
12:51:04:  * Non-power-of-two textures: yes
12:51:04:  * 1d textures: yes
12:51:04:  * Volume textures: yes
12:51:04:  * Multiple Render Targets: 8
12:51:04:    - With different bit depths: yes
12:51:04:  * Point Sprites: yes
12:51:04:  * Extended point parameters: yes
12:51:04:  * Max Point Size: 2047
12:51:04:  * Vertex texture fetch: yes
12:51:04:  * Number of world matrices: 0
12:51:04:  * Number of texture units: 16
12:51:04:  * Stencil buffer depth: 8
12:51:04:  * Number of vertex blend matrices: 0
12:51:04:    - Max vertex textures: 32
12:51:04:    - Vertex textures shared: yes
12:51:04:  * Render to Vertex Buffer : yes
12:51:04:  * Hardware Atomic Counters: no
12:51:04:  * GL 1.5 without VBO workaround: no
12:51:04:  * Frame Buffer objects: yes
12:51:04:  * Frame Buffer objects (ARB extension): no
12:51:04:  * Frame Buffer objects (ATI extension): no
12:51:04:  * PBuffer support: yes
12:51:04:  * GL 1.5 without HW-occlusion workaround: no
12:51:04:  * Vertex Array Objects: no
12:51:04:  * Separate shader objects: no
12:51:04: DefaultWorkQueue('Root') initialising on thread 7f99ec978800.
12:51:04: DefaultWorkQueue('Root')::WorkerFunc - thread 7f99dedc6700 starting.
12:51:04: DefaultWorkQueue('Root')::WorkerFunc - thread 7f99dddc4700 starting.
12:51:04: DefaultWorkQueue('Root')::WorkerFunc - thread 7f99de5c5700 starting.
12:51:04: DefaultWorkQueue('Root')::WorkerFunc - thread 7f99dd5c3700 starting.
12:51:04: DefaultWorkQueue('Root')::WorkerFunc - thread 7f99dcdc2700 starting.
12:51:04: DefaultWorkQueue('Root')::WorkerFunc - thread 7f99d77fe700 starting.
12:51:04: DefaultWorkQueue('Root')::WorkerFunc - thread 7f99d7fff700 starting.
12:51:04: DefaultWorkQueue('Root')::WorkerFunc - thread 7f99d6ffd700 starting.
12:51:04: Particle Renderer Type 'billboard' registered
12:51:04: SceneManagerFactory for type 'BspSceneManager' registered.
12:51:04: Registering ResourceManager for type BspLevel
12:51:04: SceneManagerFactory for type 'PCZSceneManager' registered.
12:51:04: MovableObjectFactory for type 'PCZLight' registered.
12:51:04: MovableObjectFactory for type 'Portal' registered.
12:51:04: MovableObjectFactory for type 'AntiPortal' registered.
12:51:04: PCZone Factory Type 'ZoneType_Octree' registered
12:51:04: SceneManagerFactory for type 'OctreeSceneManager' registered.
12:51:04: Parsing scripts for resource group Autodetect
12:51:04: Finished parsing scripts for resource group Autodetect
12:51:04: Creating resources for group Autodetect
12:51:04: All done
12:51:04: Parsing scripts for resource group General
12:51:04: Parsing script Instancing.program
12:51:04: Parsing script StdQuad_vp.program
12:51:04: Parsing script DualQuaternion.program
12:51:04: Parsing script Examples.program
12:51:04: Parsing script ShadowCaster.program
12:51:04: Parsing script deferred_post.program
12:51:04: Parsing script GBuffer.program
12:51:04: Parsing script triplanarReference.program
12:51:04: Parsing script SdkTrays.material
12:51:04: Parsing script OgreProfiler.material
12:51:04: Parsing script ddg51.material
12:51:04: Parsing script sleek.material
12:51:04: Parsing script alienship.material
12:51:05: Compiler error: unknown error in alienship.material(90): token "1.0," is not recognized
12:51:05: Parsing script cigarette.material
12:51:05: Parsing script cvn68.material
12:51:05: Parsing script IsoSurf.material
12:51:05: Problem parsing the following Cg Uniform: '@TMP29' in file Ogre/IsoSurf/TessellateTetrahedraGS_CG
12:51:05: Parsing script OldMovie.material
12:51:05: Parsing script Examples-Water.material
12:51:05: Parsing script ShaderSystem.material
12:51:05: Parsing script CompositorDemo.material
12:51:05: Parsing script OffsetMapping.material
12:51:05: Compiler error: object unsupported by render system in OffsetMapping.material(35): , Shader name: Examples/OffsetMappingPSAsm
12:51:05: Parsing script Posterize.material
12:51:05: Parsing script sibenik.material
12:51:05: Parsing script CGSwizzle.material
12:51:05: Parsing script pssm.material
12:51:05: Parsing script Halftone.material
12:51:05: Parsing script BlackAndWhite.material
12:51:05: Parsing script Glass.material
12:51:05: Parsing script MotionBlur.material
12:51:05: Parsing script Tiling.material
12:51:05: Parsing script Examples-Advanced.material
12:51:05: Compiler error: object unsupported by render system in Examples-Advanced.material(728): , Shader name: Examples/FresnelRefractReflectPS
12:51:05: Parsing script GLSLSwizzle.material
12:51:05: Parsing script Penguin.material
12:51:05: Parsing script shadows.material
12:51:05: Parsing script Bloom2.material
12:51:05: Parsing script HWInstancing.material
12:51:05: Parsing script hdr.material
12:51:05: Parsing script ParticleGS.material
12:51:05: Parsing script ASCII.material
12:51:05: Parsing script Examples.material
12:51:05: Parsing script HeatVision.material
12:51:05: Parsing script HW_VTF_LUTInstancing.material
12:51:05: Parsing script RZR-002.material
12:51:05: Parsing script Hurt.material
12:51:05: Parsing script instancing.material
12:51:05: Parsing script Embossed.material
12:51:05: Parsing script ASMSwizzle.material
12:51:05: Parsing script RasterizationOrder.material
12:51:05: Parsing script Ogre.material
12:51:05: Parsing script facial.material
12:51:05: Parsing script Invert.material
12:51:05: Parsing script MRTtest.material
12:51:05: Parsing script HW_VTFInstancing.material
12:51:05: Parsing script RadialBlur.material
12:51:05: Parsing script DualQuaternion.material
12:51:05: Parsing script Example-Water.material
12:51:05: Parsing script InstancingMisc.material
12:51:05: Parsing script VTFInstancing.material
12:51:05: Parsing script DepthShadowmap.material
12:51:05: Parsing script smoke.material
12:51:05: Parsing script DOF.material
12:51:05: Parsing script Ocean.material
12:51:05: Parsing script AdaptivePNTrianglesTessellation.material
12:51:05: Parsing script VarianceShadowmap.material
12:51:05: Parsing script ShaderInstancing.material
12:51:05: Parsing script NightVision.material
12:51:05: Parsing script Bloom.material
12:51:05: Parsing script Examples-DynTex.material
12:51:05: Parsing script Laplace.material
12:51:05: Parsing script Tesselation.material
12:51:05: Parsing script Dither.material
12:51:05: Parsing script SharpenEdges.material
12:51:05: Parsing script OldTV.material
12:51:05: Parsing script deferreddemo.material
12:51:05: Parsing script ssao.material
12:51:05: Parsing script deferred_post_minilight.material
12:51:05: Parsing script deferred_post.material
12:51:05: Parsing script ShadowCaster.material
12:51:05: Parsing script ROOM.material
12:51:05: Parsing script DualQuaternionSkinning_Shadow.material
12:51:05: Parsing script RTShaderSystem.material
12:51:05: Compiler error: unknown error in RTShaderSystem.material(23): token "rtshader_system" is not recognized
12:51:05: Compiler error: unknown error in RTShaderSystem.material(52): token "rtshader_system" is not recognized
12:51:05: Compiler error: unknown error in RTShaderSystem.material(81): token "rtshader_system" is not recognized
12:51:05: Compiler error: unknown error in RTShaderSystem.material(110): token "rtshader_system" is not recognized
12:51:05: Compiler error: unknown error in RTShaderSystem.material(146): token "rtshader_system" is not recognized
12:51:05: Compiler error: unknown error in RTShaderSystem.material(81): token "rtshader_system" is not recognized
12:51:05: Compiler error: unknown error in RTShaderSystem.material(162): token "rtshader_system" is not recognized
12:51:05: Compiler error: unknown error in RTShaderSystem.material(81): token "rtshader_system" is not recognized
12:51:05: Compiler error: unknown error in RTShaderSystem.material(110): token "rtshader_system" is not recognized
12:51:05: Compiler error: unknown error in RTShaderSystem.material(211): token "rtshader_system" is not recognized
12:51:05: Parsing script TriplanarTexturing.material
12:51:05: Compiler error: unknown error in TriplanarTexturing.material(9): token "rtshader_system" is not recognized
12:51:05: Parsing script HardwareSkinningShadow.material
12:51:05: Parsing script Modulate.material
12:51:05: Parsing script Volumetric.material
12:51:05: Parsing script ShowViewPos.material
12:51:05: Parsing script ShowDepth.material
12:51:05: Parsing script SSAOPost.material
12:51:05: Parsing script HorizonBased.material
12:51:05: Parsing script GBuffer.material
12:51:05: Parsing script ShowNormals.material
12:51:05: Parsing script Crytek.material
12:51:05: Parsing script HemisphereMC.material
12:51:05: Parsing script CreaseShading.material
12:51:05: Parsing script UnsharpMask.material
12:51:05: Parsing script triplanarReference.material
12:51:05: Parsing script RomanBath.material
12:51:05: Parsing script Sinbad.material
12:51:05: Parsing script smoke.particle
12:51:05: Parsing script Examples.particle
12:51:05: Parsing script emitted_emitter.particle
12:51:05: Parsing script Examples-Water.particle
12:51:05: Parsing script Examples.compositor
12:51:05: Parsing script ssao.compositor
12:51:05: Parsing script deferred.compositor
12:51:05: Parsing script SSAOPost.compositor
12:51:05: Parsing script SSAO.compositor
12:51:05: Finished parsing scripts for resource group General
12:51:05: Creating resources for group General
12:51:05: All done
12:51:05: Parsing scripts for resource group Internal
12:51:05: Finished parsing scripts for resource group Internal
12:51:05: Creating resources for group Internal
12:51:05: All done
12:51:05: Mesh: Loading ddg51.mesh.
12:51:06: WARNING: ddg51.mesh is an older format ([MeshSerializer_v1.40]); you should upgrade it as soon as possible using the OgreMeshUpgrade tool.
12:51:06: Can't assign material C000015/SOLID/TEX/ecslHorizontal.bmp to SubEntity of Ogre/MO1 because this Material does not exist. Have you forgotten to define it in a .material script?
12:51:06: Can't assign material C000018/SOLID/TEX/ecslHorizontal.bmp to SubEntity of Ogre/MO1 because this Material does not exist. Have you forgotten to define it in a .material script?
12:51:06: Can't assign material C000013/SOLID/TEX/ecslHorizontal.bmp to SubEntity of Ogre/MO1 because this Material does not exist. Have you forgotten to define it in a .material script?
12:51:06: Can't assign material C000016/SOLID/TEX/ecslHorizontal.bmp to SubEntity of Ogre/MO1 because this Material does not exist. Have you forgotten to define it in a .material script?
12:51:06: Can't assign material C000005/SOLID/TEX/ecslHorizontal.bmp to SubEntity of Ogre/MO1 because this Material does not exist. Have you forgotten to define it in a .material script?
12:51:06: Can't assign material C000011/SOLID/TEX/ecslHorizontal.bmp to SubEntity of Ogre/MO1 because this Material does not exist. Have you forgotten to define it in a .material script?
12:51:06: Can't assign material C000017/SOLID/TEX/ecslHorizontal.bmp to SubEntity of Ogre/MO1 because this Material does not exist. Have you forgotten to define it in a .material script?
12:51:06: Can't assign material C000004/SOLID/TEX/ecslHorizontal.bmp to SubEntity of Ogre/MO1 because this Material does not exist. Have you forgotten to define it in a .material script?
12:51:06: Can't assign material C000003/SOLID/TEX/ecslHorizontal.bmp to SubEntity of Ogre/MO1 because this Material does not exist. Have you forgotten to define it in a .material script?
12:51:06: Can't assign material C000002/SOLID/TEX/ecslHorizontal.bmp to SubEntity of Ogre/MO1 because this Material does not exist. Have you forgotten to define it in a .material script?
12:51:06: Can't assign material C000012/SOLID/TEX/ecslHorizontal.bmp to SubEntity of Ogre/MO1 because this Material does not exist. Have you forgotten to define it in a .material script?
12:51:06: Can't assign material C000000/SOLID/TEX/ecslHorizontal.bmp to SubEntity of Ogre/MO1 because this Material does not exist. Have you forgotten to define it in a .material script?
12:51:06: Can't assign material C000007/SOLID/TEX/ecslHorizontal.bmp to SubEntity of Ogre/MO1 because this Material does not exist. Have you forgotten to define it in a .material script?
12:51:06: Can't assign material C000006/SOLID/TEX/ecslHorizontal.bmp to SubEntity of Ogre/MO1 because this Material does not exist. Have you forgotten to define it in a .material script?
12:51:06: Can't assign material Deck/SOLID/TEX/ecslHorizontal.bmp to SubEntity of Ogre/MO1 because this Material does not exist. Have you forgotten to define it in a .material script?
12:51:06: Mesh: Loading cigarette.mesh.
12:51:06: WARNING: cigarette.mesh is an older format ([MeshSerializer_v1.40]); you should upgrade it as soon as possible using the OgreMeshUpgrade tool.
12:51:06: Texture: clouds.jpg: Loading 1 faces(PF_R8G8B8,256x256x1) with 5 hardware generated mipmaps from Image. Internal format is PF_X8R8G8B8,256x256x1.
12:51:07: Mesh: Loading alienship.mesh.
12:51:07: WARNING: alienship.mesh is an older format ([MeshSerializer_v1.40]); you should upgrade it as soon as possible using the OgreMeshUpgrade tool.
12:51:07: Texture: ALM07.JPG: Loading 1 faces(PF_R8G8B8,512x512x1) with 5 hardware generated mipmaps from Image. Internal format is PF_X8R8G8B8,512x512x1.
12:51:07: Mesh: Loading cvn68.mesh.
12:51:07: WARNING: cvn68.mesh is an older format ([MeshSerializer_v1.40]); you should upgrade it as soon as possible using the OgreMeshUpgrade tool.
12:51:07: Texture: ecslDark.bmp: Loading 1 faces(PF_R8G8B8,128x128x1) with 5 hardware generated mipmaps from Image. Internal format is PF_X8R8G8B8,128x128x1.
12:51:07: Mesh: Loading sleek.mesh.
12:51:08: WARNING: sleek.mesh is an older format ([MeshSerializer_v1.40]); you should upgrade it as soon as possible using the OgreMeshUpgrade tool.
12:51:08: Texture: ecsl.bmp: Loading 1 faces(PF_R8G8B8,128x128x1) with 5 hardware generated mipmaps from Image. Internal format is PF_X8R8G8B8,128x128x1.
12:51:08: Texture: morning_fr.jpg: Loading 1 faces(PF_R8G8B8,512x512x1) with 5 hardware generated mipmaps from Image. Internal format is PF_X8R8G8B8,512x512x1.
12:51:08: Texture: morning_bk.jpg: Loading 1 faces(PF_R8G8B8,512x512x1) with 5 hardware generated mipmaps from Image. Internal format is PF_X8R8G8B8,512x512x1.
12:51:08: Texture: morning_lf.jpg: Loading 1 faces(PF_R8G8B8,512x512x1) with 5 hardware generated mipmaps from Image. Internal format is PF_X8R8G8B8,512x512x1.
12:51:08: Texture: morning_rt.jpg: Loading 1 faces(PF_R8G8B8,512x512x1) with 5 hardware generated mipmaps from Image. Internal format is PF_X8R8G8B8,512x512x1.
12:51:08: Texture: morning_up.jpg: Loading 1 faces(PF_R8G8B8,512x512x1) with 5 hardware generated mipmaps from Image. Internal format is PF_X8R8G8B8,512x512x1.
12:51:08: Texture: morning_dn.jpg: Loading 1 faces(PF_R8G8B8,512x512x1) with 5 hardware generated mipmaps from Image. Internal format is PF_X8R8G8B8,512x512x1.
12:51:08: Texture: waves2.dds: Loading 1 faces(PF_A8R8G8B8,256x256x1) with 5 hardware generated mipmaps from Image. Internal format is PF_A8R8G8B8,256x256x1.
12:51:08: Texture: morning.jpg: Loading 6 faces(PF_R8G8B8,512x512x1) with 5 hardware generated mipmaps from multiple Images. Internal format is PF_X8R8G8B8,512x512x1.
12:53:07: DefaultWorkQueue('Root') shutting down on thread 7f99ec978800.
12:53:07: DefaultWorkQueue('Root')::WorkerFunc - thread 7f99dedc6700 stopped.
12:53:07: DefaultWorkQueue('Root')::WorkerFunc - thread 7f99dddc4700 stopped.
12:53:07: DefaultWorkQueue('Root')::WorkerFunc - thread 7f99de5c5700 stopped.
12:53:07: DefaultWorkQueue('Root')::WorkerFunc - thread 7f99dd5c3700 stopped.
12:53:07: DefaultWorkQueue('Root')::WorkerFunc - thread 7f99dcdc2700 stopped.
12:53:07: DefaultWorkQueue('Root')::WorkerFunc - thread 7f99d77fe700 stopped.
12:53:07: DefaultWorkQueue('Root')::WorkerFunc - thread 7f99d7fff700 stopped.
12:53:07: DefaultWorkQueue('Root')::WorkerFunc - thread 7f99d6ffd700 stopped.
12:53:07: PCZone Factory Type 'ZoneType_Octree' unregistered
12:53:07: Unregistering ResourceManager for type BspLevel
12:53:07: *-*-* OGRE Shutdown
