13:07:16: Creating resource group General
13:07:16: Creating resource group Internal
13:07:16: Creating resource group Autodetect
13:07:16: SceneManagerFactory for type 'DefaultSceneManager' registered.
13:07:16: Registering ResourceManager for type Material
13:07:16: Registering ResourceManager for type Mesh
13:07:16: Registering ResourceManager for type Skeleton
13:07:16: MovableObjectFactory for type 'ParticleSystem' registered.
13:07:16: ArchiveFactory for archive type FileSystem registered.
13:07:16: ArchiveFactory for archive type Zip registered.
13:07:16: ArchiveFactory for archive type EmbeddedZip registered.
13:07:16: DDS codec registering
13:07:16: FreeImage version: 3.17.0
13:07:16: This program uses FreeImage, a free, open source image library supporting all common bitmap formats. See http://freeimage.sourceforge.net for details
13:07:16: Supported formats: bmp,ico,jpg,jif,jpeg,jpe,jng,koa,iff,lbm,mng,pbm,pbm,pcd,pcx,pgm,pgm,png,ppm,ppm,ras,tga,targa,tif,tiff,wap,wbmp,wbm,psd,cut,xbm,xpm,gif,hdr,sgi,rgb,rgba,bw,exr,j2k,j2c,jp2,pfm,pct,pict,pic,3fr,arw,bay,bmq,cap,cine,cr2,crw,cs1,dc2,dcr,drf,dsc,dng,erf,fff,ia,iiq,k25,kc2,kdc,mdc,mef,mos,mrw,nef,nrw,orf,pef,ptx,pxn,qtk,raf,raw,rdc,rw2,rwl,rwz,sr2,srf,srw,sti,x3f,webp,jxr,wdp,hdp
13:07:16: PVRTC codec registering
13:07:16: ETC codec registering
13:07:16: Registering ResourceManager for type HighLevelGpuProgram
13:07:16: Registering ResourceManager for type Compositor
13:07:16: MovableObjectFactory for type 'Entity' registered.
13:07:16: MovableObjectFactory for type 'Light' registered.
13:07:16: MovableObjectFactory for type 'BillboardSet' registered.
13:07:16: MovableObjectFactory for type 'ManualObject' registered.
13:07:16: MovableObjectFactory for type 'BillboardChain' registered.
13:07:16: MovableObjectFactory for type 'RibbonTrail' registered.
13:07:16: Loading library /usr/local/lib/OGRE/RenderSystem_GL
13:07:16: Installing plugin: GL RenderSystem
13:07:16: OpenGL Rendering Subsystem created.
13:07:16: Plugin successfully installed
13:07:16: Loading library /usr/local/lib/OGRE/Plugin_ParticleFX
13:07:16: Installing plugin: ParticleFX
13:07:16: Particle Emitter Type 'Point' registered
13:07:16: Particle Emitter Type 'Box' registered
13:07:16: Particle Emitter Type 'Ellipsoid' registered
13:07:16: Particle Emitter Type 'Cylinder' registered
13:07:16: Particle Emitter Type 'Ring' registered
13:07:16: Particle Emitter Type 'HollowEllipsoid' registered
13:07:16: Particle Affector Type 'LinearForce' registered
13:07:16: Particle Affector Type 'ColourFader' registered
13:07:16: Particle Affector Type 'ColourFader2' registered
13:07:16: Particle Affector Type 'ColourImage' registered
13:07:16: Particle Affector Type 'ColourInterpolator' registered
13:07:16: Particle Affector Type 'Scaler' registered
13:07:16: Particle Affector Type 'Rotator' registered
13:07:16: Particle Affector Type 'DirectionRandomiser' registered
13:07:16: Particle Affector Type 'DeflectorPlane' registered
13:07:16: Plugin successfully installed
13:07:16: Loading library /usr/local/lib/OGRE/Plugin_BSPSceneManager
13:07:16: Installing plugin: BSP Scene Manager
13:07:16: Plugin successfully installed
13:07:16: Loading library /usr/local/lib/OGRE/Plugin_CgProgramManager
13:07:16: Installing plugin: Cg Program Manager
13:07:16: Plugin successfully installed
13:07:16: Loading library /usr/local/lib/OGRE/Plugin_PCZSceneManager
13:07:16: Installing plugin: Portal Connected Zone Scene Manager
13:07:16: PCZone Factory Type 'ZoneType_Default' registered
13:07:16: Plugin successfully installed
13:07:16: Loading library /usr/local/lib/OGRE/Plugin_OctreeZone
13:07:16: Installing plugin: Octree Zone Factory
13:07:16: Plugin successfully installed
13:07:16: Loading library /usr/local/lib/OGRE/Plugin_OctreeSceneManager
13:07:16: Installing plugin: Octree Scene Manager
13:07:16: Plugin successfully installed
13:07:16: *-*-* OGRE Initialising
13:07:16: *-*-* Version 1.9.0 (Ghadamon)
13:07:16: Creating resource group Essential
13:07:16: Added resource location '/usr/local/share/OGRE/Media/thumbnails' of type 'FileSystem' to resource group 'Essential'
13:07:16: Added resource location '/usr/local/share/OGRE/Media/packs/SdkTrays.zip' of type 'Zip' to resource group 'Essential'
13:07:16: Added resource location '/usr/local/share/OGRE/Media/packs/profiler.zip' of type 'Zip' to resource group 'Essential'
13:07:16: Added resource location '/usr/local/share/OGRE/Media' of type 'FileSystem' to resource group 'General'
13:07:16: Creating resource group Popular
13:07:16: Added resource location 'materials' of type 'FileSystem' to resource group 'Popular'
13:07:16: Added resource location '/usr/local/share/OGRE/Media/fonts' of type 'FileSystem' to resource group 'Popular'
13:07:16: Added resource location '/usr/local/share/OGRE/Media/materials/programs' of type 'FileSystem' to resource group 'Popular'
13:07:16: Added resource location '/usr/local/share/OGRE/Media/materials/programs/Cg' of type 'FileSystem' to resource group 'Popular'
13:07:16: Added resource location '/usr/local/share/OGRE/Media/materials/programs/GLSL' of type 'FileSystem' to resource group 'Popular'
13:07:16: Added resource location '/usr/local/share/OGRE/Media/materials/programs/GLSL150' of type 'FileSystem' to resource group 'Popular'
13:07:16: Added resource location '/usr/local/share/OGRE/Media/materials/programs/GLSL400' of type 'FileSystem' to resource group 'Popular'
13:07:16: Added resource location '/usr/local/share/OGRE/Media/materials/programs/HLSL' of type 'FileSystem' to resource group 'Popular'
13:07:16: Added resource location '/usr/local/share/OGRE/Media/materials/programs/HLSL_Cg' of type 'FileSystem' to resource group 'Popular'
13:07:16: Added resource location '/usr/local/share/OGRE/Media/materials/scripts' of type 'FileSystem' to resource group 'Popular'
13:07:16: Added resource location '/usr/local/share/OGRE/Media/materials/textures' of type 'FileSystem' to resource group 'Popular'
13:07:16: Added resource location '/usr/local/share/OGRE/Media/materials/textures/nvidia' of type 'FileSystem' to resource group 'Popular'
13:07:16: Added resource location '/usr/local/share/OGRE/Media/models' of type 'FileSystem' to resource group 'Popular'
13:07:16: Added resource location '/usr/local/share/OGRE/Media/particle' of type 'FileSystem' to resource group 'Popular'
13:07:16: Added resource location '/usr/local/share/OGRE/Media/DeferredShadingMedia' of type 'FileSystem' to resource group 'Popular'
13:07:16: Added resource location '/usr/local/share/OGRE/Media/PCZAppMedia' of type 'FileSystem' to resource group 'Popular'
13:07:16: Added resource location '/usr/local/share/OGRE/Media/RTShaderLib' of type 'FileSystem' to resource group 'Popular'
13:07:16: Added resource location '/usr/local/share/OGRE/Media/RTShaderLib/GLSL' of type 'FileSystem' to resource group 'Popular'
13:07:16: Added resource location '/usr/local/share/OGRE/Media/RTShaderLib/GLSL150' of type 'FileSystem' to resource group 'Popular'
13:07:16: Added resource location '/usr/local/share/OGRE/Media/RTShaderLib/HLSL_Cg' of type 'FileSystem' to resource group 'Popular'
13:07:16: Added resource location '/usr/local/share/OGRE/Media/RTShaderLib/materials' of type 'FileSystem' to resource group 'Popular'
13:07:16: Added resource location '/usr/local/share/OGRE/Media/materials/scripts/SSAO' of type 'FileSystem' to resource group 'Popular'
13:07:16: Added resource location '/usr/local/share/OGRE/Media/materials/textures/SSAO' of type 'FileSystem' to resource group 'Popular'
13:07:16: Added resource location '/usr/local/share/OGRE/Media/volumeTerrain' of type 'FileSystem' to resource group 'Popular'
13:07:16: Added resource location '/usr/local/share/OGRE/Media/packs/cubemap.zip' of type 'Zip' to resource group 'Popular'
13:07:16: Added resource location '/usr/local/share/OGRE/Media/packs/cubemapsJS.zip' of type 'Zip' to resource group 'Popular'
13:07:16: Added resource location '/usr/local/share/OGRE/Media/packs/dragon.zip' of type 'Zip' to resource group 'Popular'
13:07:16: Added resource location '/usr/local/share/OGRE/Media/packs/fresneldemo.zip' of type 'Zip' to resource group 'Popular'
13:07:16: Added resource location '/usr/local/share/OGRE/Media/packs/ogretestmap.zip' of type 'Zip' to resource group 'Popular'
13:07:16: Added resource location '/usr/local/share/OGRE/Media/packs/ogredance.zip' of type 'Zip' to resource group 'Popular'
13:07:16: Added resource location '/usr/local/share/OGRE/Media/packs/Sinbad.zip' of type 'Zip' to resource group 'Popular'
13:07:16: Added resource location '/usr/local/share/OGRE/Media/packs/skybox.zip' of type 'Zip' to resource group 'Popular'
13:07:16: Added resource location '/usr/local/share/OGRE/Media/volumeTerrain/volumeTerrainBig.zip' of type 'Zip' to resource group 'Popular'
13:07:16: Creating resource group Tests
13:07:16: Added resource location '/usr/local/Tests/Media' of type 'FileSystem' to resource group 'Tests'
13:07:21: CPU Identifier & Features
13:07:21: -------------------------
13:07:21:  *   CPU ID: GenuineIntel: Intel(R) Core(TM) i7-4770 CPU @ 3.40GHz
13:07:21:  *      SSE: yes
13:07:21:  *     SSE2: yes
13:07:21:  *     SSE3: yes
13:07:21:  *      MMX: yes
13:07:21:  *   MMXEXT: yes
13:07:21:  *    3DNOW: no
13:07:21:  * 3DNOWEXT: no
13:07:21:  *     CMOV: yes
13:07:21:  *      TSC: yes
13:07:21:  *      FPU: yes
13:07:21:  *      PRO: yes
13:07:21:  *       HT: no
13:07:21: -------------------------
13:07:21: ******************************
*** Starting GLX Subsystem ***
******************************
13:07:21: Registering ResourceManager for type Texture
13:07:21: GLRenderSystem::_createRenderWindow "CS381 - Assignment One", 1280x800 windowed  miscParams: FSAA=0 displayFrequency=50 Hz gamma=No vsync=No 
13:07:21: GLXWindow::create used FBConfigID = 301
13:07:21: GL_VERSION = 3.0 Mesa 11.2.0
13:07:21: GL_VENDOR = X.Org
13:07:21: GL_RENDERER = Gallium 0.4 on AMD CAICOS (DRM 2.43.0, LLVM 3.8.0)
13:07:21: GL_EXTENSIONS = GL_ARB_multisample GL_EXT_abgr GL_EXT_bgra GL_EXT_blend_color GL_EXT_blend_minmax GL_EXT_blend_subtract GL_EXT_copy_texture GL_EXT_polygon_offset GL_EXT_subtexture GL_EXT_texture_object GL_EXT_vertex_array GL_EXT_compiled_vertex_array GL_EXT_texture GL_EXT_texture3D GL_IBM_rasterpos_clip GL_ARB_point_parameters GL_EXT_draw_range_elements GL_EXT_packed_pixels GL_EXT_point_parameters GL_EXT_rescale_normal GL_EXT_separate_specular_color GL_EXT_texture_edge_clamp GL_SGIS_generate_mipmap GL_SGIS_texture_border_clamp GL_SGIS_texture_edge_clamp GL_SGIS_texture_lod GL_ARB_framebuffer_sRGB GL_ARB_multitexture GL_EXT_framebuffer_sRGB GL_IBM_multimode_draw_arrays GL_IBM_texture_mirrored_repeat GL_ARB_texture_cube_map GL_ARB_texture_env_add GL_ARB_transpose_matrix GL_EXT_blend_func_separate GL_EXT_fog_coord GL_EXT_multi_draw_arrays GL_EXT_secondary_color GL_EXT_texture_env_add GL_EXT_texture_filter_anisotropic GL_EXT_texture_lod_bias GL_INGR_blend_func_separate GL_NV_blend_square GL_NV_light_max_exponent GL_NV_texgen_reflection GL_NV_texture_env_combine4 GL_S3_s3tc GL_SUN_multi_draw_arrays GL_ARB_texture_border_clamp GL_ARB_texture_compression GL_EXT_framebuffer_object GL_EXT_texture_compression_s3tc GL_EXT_texture_env_combine GL_EXT_texture_env_dot3 GL_MESA_window_pos GL_NV_packed_depth_stencil GL_NV_texture_rectangle GL_ARB_depth_texture GL_ARB_occlusion_query GL_ARB_shadow GL_ARB_texture_env_combine GL_ARB_texture_env_crossbar GL_ARB_texture_env_dot3 GL_ARB_texture_mirrored_repeat GL_ARB_window_pos GL_EXT_stencil_two_side GL_EXT_texture_cube_map GL_NV_depth_clamp GL_NV_fog_distance GL_APPLE_packed_pixels GL_APPLE_vertex_array_object GL_ARB_draw_buffers GL_ARB_fragment_program GL_ARB_fragment_shader GL_ARB_shader_objects GL_ARB_vertex_program GL_ARB_vertex_shader GL_ATI_draw_buffers GL_ATI_texture_env_combine3 GL_ATI_texture_float GL_EXT_shadow_funcs GL_EXT_stencil_wrap GL_MESA_pack_invert GL_NV_primitive_restart GL_ARB_depth_clamp GL_ARB_fragment_program_shadow GL_ARB_half_float_pixel GL_ARB_occlusion_query2 GL_ARB_point_sprite GL_ARB_shading_language_100 GL_ARB_sync GL_ARB_texture_non_power_of_two GL_ARB_vertex_buffer_object GL_ATI_blend_equation_separate GL_EXT_blend_equation_separate GL_OES_read_format GL_ARB_color_buffer_float GL_ARB_pixel_buffer_object GL_ARB_texture_compression_rgtc GL_ARB_texture_float GL_ARB_texture_rectangle GL_ATI_texture_compression_3dc GL_EXT_packed_float GL_EXT_pixel_buffer_object GL_EXT_texture_compression_dxt1 GL_EXT_texture_compression_rgtc GL_EXT_texture_mirror_clamp GL_EXT_texture_rectangle GL_EXT_texture_sRGB GL_EXT_texture_shared_exponent GL_ARB_framebuffer_object GL_EXT_framebuffer_blit GL_EXT_framebuffer_multisample GL_EXT_packed_depth_stencil GL_ARB_vertex_array_object GL_ATI_separate_stencil GL_ATI_texture_mirror_once GL_EXT_draw_buffers2 GL_EXT_draw_instanced GL_EXT_gpu_program_parameters GL_EXT_texture_array GL_EXT_texture_compression_latc GL_EXT_texture_integer GL_EXT_texture_sRGB_decode GL_EXT_timer_query GL_OES_EGL_image GL_AMD_performance_monitor GL_ARB_copy_buffer GL_ARB_depth_buffer_float GL_ARB_draw_instanced GL_ARB_half_float_vertex GL_ARB_instanced_arrays GL_ARB_map_buffer_range GL_ARB_texture_rg GL_ARB_texture_swizzle GL_ARB_vertex_array_bgra GL_EXT_texture_swizzle GL_EXT_vertex_array_bgra GL_NV_conditional_render GL_AMD_conservative_depth GL_AMD_draw_buffers_blend GL_AMD_seamless_cubemap_per_texture GL_AMD_shader_stencil_export GL_ARB_ES2_compatibility GL_ARB_blend_func_extended GL_ARB_debug_output GL_ARB_draw_buffers_blend GL_ARB_draw_elements_base_vertex GL_ARB_explicit_attrib_location GL_ARB_fragment_coord_conventions GL_ARB_provoking_vertex GL_ARB_sample_shading GL_ARB_sampler_objects GL_ARB_seamless_cube_map GL_ARB_shader_stencil_export GL_ARB_shader_texture_lod GL_ARB_texture_cube_map_array GL_ARB_texture_gather GL_ARB_texture_multisample GL_ARB_texture_query_lod GL_ARB_texture_rgb10_a2ui GL_ARB_uniform_buffer_object GL_ARB_vertex_type_2_10_10_10_rev GL_ATI_meminfo GL_EXT_provoking_vertex GL_EXT_texture_snorm GL_MESA_texture_signed_rgba GL_NV_texture_barrier GL_ARB_get_program_binary GL_ARB_robustness GL_ARB_separate_shader_objects GL_ARB_shader_bit_encoding GL_ARB_shader_precision GL_ARB_texture_compression_bptc GL_ARB_timer_query GL_ARB_transform_feedback2 GL_ARB_transform_feedback3 GL_NV_vdpau_interop GL_ANGLE_texture_compression_dxt3 GL_ANGLE_texture_compression_dxt5 GL_ARB_base_instance GL_ARB_compressed_texture_pixel_storage GL_ARB_conservative_depth GL_ARB_internalformat_query GL_ARB_map_buffer_alignment GL_ARB_shading_language_420pack GL_ARB_shading_language_packing GL_ARB_texture_storage GL_ARB_transform_feedback_instanced GL_EXT_framebuffer_multisample_blit_scaled GL_EXT_transform_feedback GL_AMD_shader_trinary_minmax GL_ARB_ES3_compatibility GL_ARB_arrays_of_arrays GL_ARB_clear_buffer_object GL_ARB_copy_image GL_ARB_explicit_uniform_location GL_ARB_invalidate_subdata GL_ARB_program_interface_query GL_ARB_stencil_texturing GL_ARB_texture_query_levels GL_ARB_texture_storage_multisample GL_ARB_texture_view GL_ARB_vertex_attrib_binding GL_KHR_debug GL_AMD_pinned_memory GL_ARB_buffer_storage GL_ARB_multi_bind GL_ARB_seamless_cubemap_per_texture GL_ARB_texture_mirror_clamp_to_edge GL_ARB_texture_stencil8 GL_ARB_vertex_type_10f_11f_11f_rev GL_EXT_shader_integer_mix GL_NVX_gpu_memory_info GL_ARB_clip_control GL_ARB_conditional_render_inverted GL_ARB_derivative_control GL_ARB_get_texture_sub_image GL_ARB_pipeline_statistics_query GL_ARB_shader_texture_image_samples GL_ARB_texture_barrier GL_EXT_polygon_offset_clamp GL_KHR_context_flush_control 
13:07:21: Supported GLX extensions: GLX_ARB_create_context GLX_ARB_create_context_profile GLX_ARB_create_context_robustness GLX_ARB_fbconfig_float GLX_ARB_framebuffer_sRGB GLX_ARB_get_proc_address GLX_ARB_multisample GLX_EXT_import_context GLX_EXT_visual_info GLX_EXT_visual_rating GLX_EXT_fbconfig_packed_float GLX_EXT_framebuffer_sRGB GLX_EXT_create_context_es2_profile GLX_EXT_create_context_es_profile GLX_MESA_copy_sub_buffer GLX_MESA_multithread_makecurrent GLX_MESA_query_renderer GLX_MESA_swap_control GLX_OML_swap_method GLX_OML_sync_control GLX_SGI_make_current_read GLX_SGI_swap_control GLX_SGI_video_sync GLX_SGIS_multisample GLX_SGIX_fbconfig GLX_SGIX_pbuffer GLX_SGIX_visual_select_group GLX_EXT_texture_from_pixmap GLX_INTEL_swap_event 
13:07:21: ***************************
13:07:21: *** GL Renderer Started ***
13:07:21: ***************************
13:07:21: Registering ResourceManager for type GpuProgram
13:07:21: GLSL support detected
13:07:21: GL: Using GL_EXT_framebuffer_object for rendering to textures (best)
13:07:21: FBO PF_UNKNOWN depth/stencil support: D0S1 D0S4 D0S8 D0S16 D16S0 D24S0 D32S0 Packed-D24S8 
13:07:21: FBO PF_L8 depth/stencil support: D0S0 D0S1 D0S4 D0S8 D0S16 D16S0 D24S0 D32S0 Packed-D24S8 
13:07:21: FBO PF_L16 depth/stencil support: D0S0 D0S1 D0S4 D0S8 D0S16 D16S0 D24S0 D32S0 Packed-D24S8 
13:07:21: FBO PF_A8 depth/stencil support: D0S0 D0S1 D0S4 D0S8 D0S16 D16S0 D24S0 D32S0 Packed-D24S8 
13:07:21: FBO PF_BYTE_LA depth/stencil support: D0S0 D0S1 D0S4 D0S8 D0S16 D16S0 D24S0 D32S0 Packed-D24S8 
13:07:21: FBO PF_R5G6B5 depth/stencil support: D0S0 D0S1 D0S4 D0S8 D0S16 D16S0 D24S0 D32S0 Packed-D24S8 
13:07:21: FBO PF_B5G6R5 depth/stencil support: D0S0 D0S1 D0S4 D0S8 D0S16 D16S0 D24S0 D32S0 Packed-D24S8 
13:07:21: FBO PF_A4R4G4B4 depth/stencil support: D0S0 D0S1 D0S4 D0S8 D0S16 D16S0 D24S0 D32S0 Packed-D24S8 
13:07:21: FBO PF_A1R5G5B5 depth/stencil support: D0S0 D0S1 D0S4 D0S8 D0S16 D16S0 D24S0 D32S0 Packed-D24S8 
13:07:21: FBO PF_R8G8B8 depth/stencil support: D0S0 D0S1 D0S4 D0S8 D0S16 D16S0 D24S0 D32S0 Packed-D24S8 
13:07:21: FBO PF_B8G8R8 depth/stencil support: D0S0 D0S1 D0S4 D0S8 D0S16 D16S0 D24S0 D32S0 Packed-D24S8 
13:07:21: FBO PF_A8R8G8B8 depth/stencil support: D0S0 D0S1 D0S4 D0S8 D0S16 D16S0 D24S0 D32S0 Packed-D24S8 
13:07:21: FBO PF_B8G8R8A8 depth/stencil support: D0S0 D0S1 D0S4 D0S8 D0S16 D16S0 D24S0 D32S0 Packed-D24S8 
13:07:21: FBO PF_A2R10G10B10 depth/stencil support: D0S0 D0S1 D0S4 D0S8 D0S16 D16S0 D24S0 D32S0 Packed-D24S8 
13:07:21: FBO PF_A2B10G10R10 depth/stencil support: D0S0 D0S1 D0S4 D0S8 D0S16 D16S0 D24S0 D32S0 Packed-D24S8 
13:07:21: FBO PF_FLOAT16_RGB depth/stencil support: D0S0 D0S1 D0S4 D0S8 D0S16 D16S0 D24S0 D32S0 Packed-D24S8 
13:07:21: FBO PF_FLOAT16_RGBA depth/stencil support: D0S0 D0S1 D0S4 D0S8 D0S16 D16S0 D24S0 D32S0 Packed-D24S8 
13:07:21: FBO PF_FLOAT32_RGB depth/stencil support: D0S0 D0S1 D0S4 D0S8 D0S16 D16S0 D24S0 D32S0 Packed-D24S8 
13:07:21: FBO PF_FLOAT32_RGBA depth/stencil support: D0S0 D0S1 D0S4 D0S8 D0S16 D16S0 D24S0 D32S0 Packed-D24S8 
13:07:21: FBO PF_X8R8G8B8 depth/stencil support: D0S0 D0S1 D0S4 D0S8 D0S16 D16S0 D24S0 D32S0 Packed-D24S8 
13:07:21: FBO PF_X8B8G8R8 depth/stencil support: D0S0 D0S1 D0S4 D0S8 D0S16 D16S0 D24S0 D32S0 Packed-D24S8 
13:07:21: FBO PF_SHORT_RGBA depth/stencil support: D0S0 D0S1 D0S4 D0S8 D0S16 D16S0 D24S0 D32S0 Packed-D24S8 
13:07:21: FBO PF_R3G3B2 depth/stencil support: D0S0 D0S1 D0S4 D0S8 D0S16 D16S0 D24S0 D32S0 Packed-D24S8 
13:07:21: FBO PF_FLOAT16_R depth/stencil support: D0S0 D0S1 D0S4 D0S8 D0S16 D16S0 D24S0 D32S0 Packed-D24S8 
13:07:21: FBO PF_FLOAT32_R depth/stencil support: D0S0 D0S1 D0S4 D0S8 D0S16 D16S0 D24S0 D32S0 Packed-D24S8 
13:07:21: FBO PF_SHORT_GR depth/stencil support: D0S0 D0S1 D0S4 D0S8 D0S16 D16S0 D24S0 D32S0 Packed-D24S8 
13:07:21: FBO PF_FLOAT16_GR depth/stencil support: D0S0 D0S1 D0S4 D0S8 D0S16 D16S0 D24S0 D32S0 Packed-D24S8 
13:07:21: FBO PF_FLOAT32_GR depth/stencil support: D0S0 D0S1 D0S4 D0S8 D0S16 D16S0 D24S0 D32S0 Packed-D24S8 
13:07:21: FBO PF_SHORT_RGB depth/stencil support: D0S0 D0S1 D0S4 D0S8 D0S16 D16S0 D24S0 D32S0 Packed-D24S8 
13:07:21: [GL] : Valid FBO targets PF_UNKNOWN PF_L8 PF_L16 PF_A8 PF_BYTE_LA PF_R5G6B5 PF_B5G6R5 PF_A4R4G4B4 PF_A1R5G5B5 PF_R8G8B8 PF_B8G8R8 PF_A8R8G8B8 PF_B8G8R8A8 PF_A2R10G10B10 PF_A2B10G10R10 PF_FLOAT16_RGB PF_FLOAT16_RGBA PF_FLOAT32_RGB PF_FLOAT32_RGBA PF_X8R8G8B8 PF_X8B8G8R8 PF_SHORT_RGBA PF_R3G3B2 PF_FLOAT16_R PF_FLOAT32_R PF_SHORT_GR PF_FLOAT16_GR PF_FLOAT32_GR PF_SHORT_RGB 
13:07:21: RenderSystem capabilities
13:07:21: -------------------------
13:07:21: RenderSystem Name: OpenGL Rendering Subsystem
13:07:21: GPU Vendor: unknown
13:07:21: Device Name: Gallium 0.4 on AMD CAICOS (DRM 2.43.0, LLVM 3.8.0)
13:07:21: Driver Version: 3.0.0.0
13:07:21:  * Fixed function pipeline: yes
13:07:21:  * Hardware generation of mipmaps: yes
13:07:21:  * Texture blending: yes
13:07:21:  * Anisotropic texture filtering: yes
13:07:21:  * Dot product texture operation: yes
13:07:21:  * Cube mapping: yes
13:07:21:  * Hardware stencil buffer: yes
13:07:21:    - Stencil depth: 8
13:07:21:    - Two sided stencil support: yes
13:07:21:    - Wrap stencil values: yes
13:07:21:  * Hardware vertex / index buffers: yes
13:07:21:  * Vertex programs: yes
13:07:21:  * Number of floating-point constants for vertex programs: 4096
13:07:21:  * Number of integer constants for vertex programs: 0
13:07:21:  * Number of boolean constants for vertex programs: 0
13:07:21:  * Fragment programs: yes
13:07:21:  * Number of floating-point constants for fragment programs: 4096
13:07:21:  * Number of integer constants for fragment programs: 0
13:07:21:  * Number of boolean constants for fragment programs: 0
13:07:21:  * Geometry programs: no
13:07:21:  * Number of floating-point constants for geometry programs: 48316
13:07:21:  * Number of integer constants for geometry programs: 27324
13:07:21:  * Number of boolean constants for geometry programs: 47055
13:07:21:  * Tesselation Hull programs: no
13:07:21:  * Number of floating-point constants for tesselation hull programs: 32606
13:07:21:  * Number of integer constants for tesselation hull programs: 57785
13:07:21:  * Number of boolean constants for tesselation hull programs: 5647
13:07:21:  * Tesselation Domain programs: no
13:07:21:  * Number of floating-point constants for tesselation domain programs: 56933
13:07:21:  * Number of integer constants for tesselation domain programs: 30194
13:07:21:  * Number of boolean constants for tesselation domain programs: 1529
13:07:21:  * Compute programs: no
13:07:21:  * Number of floating-point constants for compute programs: 41017
13:07:21:  * Number of integer constants for compute programs: 23504
13:07:21:  * Number of boolean constants for compute programs: 26848
13:07:21:  * Supported Shader Profiles: arbfp1 arbvp1 glsl glsl100 glsl110 glsl120
13:07:21:  * Texture Compression: yes
13:07:21:    - DXT: yes
13:07:21:    - VTC: no
13:07:21:    - PVRTC: no
13:07:21:    - ATC: no
13:07:21:    - ETC1: no
13:07:21:    - ETC2: no
13:07:21:    - BC4/BC5: no
13:07:21:    - BC6H/BC7: no
13:07:21:  * Scissor Rectangle: yes
13:07:21:  * Hardware Occlusion Query: yes
13:07:21:  * User clip planes: yes
13:07:21:  * VET_UBYTE4 vertex element type: yes
13:07:21:  * Infinite far plane projection: yes
13:07:21:  * Hardware render-to-texture: yes
13:07:21:  * Floating point textures: yes
13:07:21:  * Non-power-of-two textures: yes
13:07:21:  * 1d textures: yes
13:07:21:  * Volume textures: yes
13:07:21:  * Multiple Render Targets: 8
13:07:21:    - With different bit depths: yes
13:07:21:  * Point Sprites: yes
13:07:21:  * Extended point parameters: yes
13:07:21:  * Max Point Size: 16384
13:07:21:  * Vertex texture fetch: yes
13:07:21:  * Number of world matrices: 0
13:07:21:  * Number of texture units: 16
13:07:21:  * Stencil buffer depth: 8
13:07:21:  * Number of vertex blend matrices: 0
13:07:21:    - Max vertex textures: 16
13:07:21:    - Vertex textures shared: yes
13:07:21:  * Render to Vertex Buffer : no
13:07:21:  * Hardware Atomic Counters: no
13:07:21:  * GL 1.5 without VBO workaround: no
13:07:21:  * Frame Buffer objects: yes
13:07:21:  * Frame Buffer objects (ARB extension): no
13:07:21:  * Frame Buffer objects (ATI extension): no
13:07:21:  * PBuffer support: yes
13:07:21:  * GL 1.5 without HW-occlusion workaround: no
13:07:21:  * Vertex Array Objects: no
13:07:21:  * Separate shader objects: no
13:07:21: DefaultWorkQueue('Root') initialising on thread 7f3abff53800.
13:07:21: DefaultWorkQueue('Root')::WorkerFunc - thread 7f3aad797700 starting.
13:07:21: DefaultWorkQueue('Root')::WorkerFunc - thread 7f3aadf98700 starting.
13:07:21: DefaultWorkQueue('Root')::WorkerFunc - thread 7f3aa4f96700 starting.
13:07:21: DefaultWorkQueue('Root')::WorkerFunc - thread 7f3aa7fff700 starting.
13:07:21: DefaultWorkQueue('Root')::WorkerFunc - thread 7f3aa6ffd700 starting.
13:07:21: DefaultWorkQueue('Root')::WorkerFunc - thread 7f3aa67fc700 starting.
13:07:21: Particle Renderer Type 'billboard' registered
13:07:21: DefaultWorkQueue('Root')::WorkerFunc - thread 7f3aa77fe700 starting.
13:07:21: DefaultWorkQueue('Root')::WorkerFunc - thread 7f3aacf96700 starting.
13:07:21: SceneManagerFactory for type 'BspSceneManager' registered.
13:07:21: Registering ResourceManager for type BspLevel
13:07:21: SceneManagerFactory for type 'PCZSceneManager' registered.
13:07:21: MovableObjectFactory for type 'PCZLight' registered.
13:07:21: MovableObjectFactory for type 'Portal' registered.
13:07:21: MovableObjectFactory for type 'AntiPortal' registered.
13:07:21: PCZone Factory Type 'ZoneType_Octree' registered
13:07:21: SceneManagerFactory for type 'OctreeSceneManager' registered.
13:07:21: OverlayElementFactory for type Panel registered.
13:07:21: OverlayElementFactory for type BorderPanel registered.
13:07:21: OverlayElementFactory for type TextArea registered.
13:07:21: Registering ResourceManager for type Font
13:07:21: Parsing scripts for resource group Autodetect
13:07:21: Finished parsing scripts for resource group Autodetect
13:07:21: Creating resources for group Autodetect
13:07:21: All done
13:07:21: Parsing scripts for resource group Essential
13:07:21: Parsing script SdkTrays.material
13:07:21: Parsing script OgreProfiler.material
13:07:21: Parsing script SdkTrays.fontdef
13:07:21: Parsing script SdkTrays.overlay
13:07:21: Texture: sdk_cursor.png: Loading 1 faces(PF_A8R8G8B8,32x32x1) with 5 hardware generated mipmaps from Image. Internal format is PF_A8R8G8B8,32x32x1.
13:07:21: Texture: sdk_tray.png: Loading 1 faces(PF_A8R8G8B8,64x64x1) with 5 hardware generated mipmaps from Image. Internal format is PF_A8R8G8B8,64x64x1.
13:07:21: Texture: sdk_button_up.png: Loading 1 faces(PF_A8R8G8B8,128x32x1) with 5 hardware generated mipmaps from Image. Internal format is PF_A8R8G8B8,128x32x1.
13:07:21: Texture: sdk_text_box.png: Loading 1 faces(PF_A8R8G8B8,32x32x1) with 5 hardware generated mipmaps from Image. Internal format is PF_A8R8G8B8,32x32x1.
13:07:21: Texture: sdk_mini_tray.png: Loading 1 faces(PF_A8R8G8B8,32x32x1) with 5 hardware generated mipmaps from Image. Internal format is PF_A8R8G8B8,32x32x1.
13:07:21: Texture: sdk_track.png: Loading 1 faces(PF_A8R8G8B8,16x32x1) with 5 hardware generated mipmaps from Image. Internal format is PF_A8R8G8B8,16x32x1.
13:07:21: Texture: sdk_handle.png: Loading 1 faces(PF_A8R8G8B8,16x16x1) with 4 hardware generated mipmaps from Image. Internal format is PF_A8R8G8B8,16x16x1.
13:07:21: Texture: sdk_mini_text_box.png: Loading 1 faces(PF_A8R8G8B8,32x32x1) with 5 hardware generated mipmaps from Image. Internal format is PF_A8R8G8B8,32x32x1.
13:07:21: Texture: sdk_label.png: Loading 1 faces(PF_A8R8G8B8,32x32x1) with 5 hardware generated mipmaps from Image. Internal format is PF_A8R8G8B8,32x32x1.
13:07:21: Texture: sdk_separator.png: Loading 1 faces(PF_A8R8G8B8,64x16x1) with 5 hardware generated mipmaps from Image. Internal format is PF_A8R8G8B8,64x16x1.
13:07:21: Texture: sdk_logo.png: Loading 1 faces(PF_A8R8G8B8,128x64x1) with 5 hardware generated mipmaps from Image. Internal format is PF_A8R8G8B8,128x64x1.
13:07:21: Texture: sdk_shade.png: Loading 1 faces(PF_A8R8G8B8,64x48x1) with 5 hardware generated mipmaps from Image. Internal format is PF_A8R8G8B8,64x48x1.
13:07:21: Texture: sdk_frame.png: Loading 1 faces(PF_A8R8G8B8,32x32x1) with 5 hardware generated mipmaps from Image. Internal format is PF_A8R8G8B8,32x32x1.
13:07:21: Texture: sdk_mini_text_box_over.png: Loading 1 faces(PF_A8R8G8B8,32x32x1) with 5 hardware generated mipmaps from Image. Internal format is PF_A8R8G8B8,32x32x1.
13:07:21: Texture: sdk_pulse.png: Loading 1 faces(PF_R8G8B8,8x1x1) with 3 hardware generated mipmaps from Image. Internal format is PF_X8R8G8B8,8x1x1.
13:07:21: Finished parsing scripts for resource group Essential
13:07:21: Creating resources for group Essential
13:07:21: All done
13:07:21: Parsing scripts for resource group General
13:07:21: Finished parsing scripts for resource group General
13:07:21: Creating resources for group General
13:07:21: All done
13:07:21: Parsing scripts for resource group Internal
13:07:21: Finished parsing scripts for resource group Internal
13:07:21: Creating resources for group Internal
13:07:21: All done
13:07:21: Parsing scripts for resource group Popular
13:07:21: Parsing script StdQuad_vp.program
13:07:21: Parsing script Instancing.program
13:07:21: Parsing script Examples.program
13:07:21: Parsing script DualQuaternion.program
13:07:21: OGRE EXCEPTION(7:InternalErrorException): Unable to compile Cg program Ogre/DualQuaternionHardwareSkinningTwoWeightsTwoPhaseCg: The compile returned an error.
DualQuaternion.cg(90) : warning C7019: "blendWgt" is too large for semantic "BLENDWEIGHT", which is size 1
(0) : error C6007: Constant register limit exceeded; more than 96 constant registers needed to compiled program
(0) : error C6007: Constant register limit exceeded; more than 96 constant registers needed to compiled program
(0) : error C6007: Constant register limit exceeded; more than 96 constant registers needed to compiled program
(0) : error C6007: Constant register limit exceeded; more than 96 constant registers needed to compiled program
(0) : error C6007: Constant register limit exceeded; more than 96 constant registers needed to compiled program
(0) : error C6007: Constant register limit exceeded; more than 96 constant registers needed to compiled program
(0) : error C6007: Constant register limit exceeded; more than 96 constant registers needed to compiled program
(0) : error C6007: Constant register limit exceeded; more than 96 constant registers needed to compiled program
 in CgProgram::compileMicrocode at /opt/ogre/PlugIns/CgProgramManager/src/OgreCgProgramManagerDll.cpp (line 67)
13:07:21: High-level program Ogre/DualQuaternionHardwareSkinningTwoWeightsTwoPhaseCg encountered an error during loading and is thus not supported.
OGRE EXCEPTION(7:InternalErrorException): Unable to compile Cg program Ogre/DualQuaternionHardwareSkinningTwoWeightsTwoPhaseCg: The compile returned an error.
DualQuaternion.cg(90) : warning C7019: "blendWgt" is too large for semantic "BLENDWEIGHT", which is size 1
(0) : error C6007: Constant register limit exceeded; more than 96 constant registers needed to compiled program
(0) : error C6007: Constant register limit exceeded; more than 96 constant registers needed to compiled program
(0) : error C6007: Constant register limit exceeded; more than 96 constant registers needed to compiled program
(0) : error C6007: Constant register limit exceeded; more than 96 constant registers needed to compiled program
(0) : error C6007: Constant register limit exceeded; more than 96 constant registers needed to compiled program
(0) : error C6007: Constant register limit exceeded; more than 96 constant registers needed to compiled program
(0) : error C6007: Constant register limit exceeded; more than 96 constant registers needed to compiled program
(0) : error C6007: Constant register limit exceeded; more than 96 constant registers needed to compiled program
 in CgProgram::compileMicrocode at /opt/ogre/PlugIns/CgProgramManager/src/OgreCgProgramManagerDll.cpp (line 67)
13:07:21: OGRE EXCEPTION(2:InvalidParametersException): Named constants have not been initialised, perhaps a compile error. in GpuProgramParameters::_findNamedConstantDefinition at /build/ogre-1.9-mqY1wq/ogre-1.9-1.9.0+dfsg1/OgreMain/src/OgreGpuProgramParams.cpp (line 1709)
13:07:21: Compiler error: invalid parameters in DualQuaternion.program(28): setting of constant failed
13:07:21: Parsing script deferred_post.program
13:07:21: Parsing script ShadowCaster.program
13:07:21: Parsing script GBuffer.program
13:07:21: Parsing script triplanarReference.program
13:07:21: Parsing script cigarette.material
13:07:21: Parsing script ddg51.material
13:07:21: Parsing script sleek.material
13:07:21: Parsing script alienship.material
13:07:21: Compiler error: unknown error in alienship.material(90): token "1.0," is not recognized
13:07:21: Parsing script cvn68.material
13:07:21: Parsing script Tiling.material
13:07:21: Parsing script RasterizationOrder.material
13:07:21: Parsing script pssm.material
13:07:21: Parsing script HW_VTFInstancing.material
13:07:21: Parsing script Examples-DynTex.material
13:07:21: Parsing script Penguin.material
13:07:21: Parsing script OffsetMapping.material
13:07:21: Compiler error: object unsupported by render system in OffsetMapping.material(35): , Shader name: Examples/OffsetMappingPSAsm
13:07:21: Parsing script shadows.material
13:07:21: Parsing script HW_VTF_LUTInstancing.material
13:07:21: Parsing script Bloom2.material
13:07:21: Parsing script DualQuaternion.material
13:07:21: Parsing script InstancingMisc.material
13:07:21: Parsing script Glass.material
13:07:21: Parsing script hdr.material
13:07:21: Parsing script ParticleGS.material
13:07:21: Parsing script DepthShadowmap.material
13:07:21: Parsing script sibenik.material
13:07:21: Parsing script ShaderInstancing.material
13:07:21: Parsing script IsoSurf.material
13:07:21: Parsing script BlackAndWhite.material
13:07:21: Parsing script Embossed.material
13:07:21: Parsing script MotionBlur.material
13:07:21: Parsing script Examples.material
13:07:21: Parsing script VarianceShadowmap.material
13:07:21: Parsing script SharpenEdges.material
13:07:21: Parsing script GLSLSwizzle.material
13:07:21: Parsing script Example-Water.material
13:07:21: Parsing script RadialBlur.material
13:07:21: Parsing script Laplace.material
13:07:21: Parsing script Examples-Water.material
13:07:21: Parsing script ShaderSystem.material
13:07:21: Parsing script ASCII.material
13:07:21: Parsing script Hurt.material
13:07:21: Parsing script CompositorDemo.material
13:07:21: Parsing script instancing.material
13:07:21: Parsing script Dither.material
13:07:21: Parsing script Ogre.material
13:07:21: Parsing script ASMSwizzle.material
13:07:21: Compiler error: object unsupported by render system in ASMSwizzle.material(1): , Shader name: Ogre/GPTest/Swizzle_GP_ASM
13:07:21: Parsing script Halftone.material
13:07:21: Parsing script HeatVision.material
13:07:21: Parsing script smoke.material
13:07:21: Parsing script Ocean.material
13:07:21: Parsing script MRTtest.material
13:07:21: Parsing script OldMovie.material
13:07:21: Parsing script OldTV.material
13:07:21: Parsing script NightVision.material
13:07:21: Parsing script RZR-002.material
13:07:21: Parsing script Bloom.material
13:07:21: Parsing script DOF.material
13:07:21: Parsing script Invert.material
13:07:21: Parsing script CGSwizzle.material
13:07:21: Parsing script Posterize.material
13:07:21: Parsing script AdaptivePNTrianglesTessellation.material
13:07:21: Parsing script VTFInstancing.material
13:07:21: Parsing script Tesselation.material
13:07:21: Parsing script HWInstancing.material
13:07:21: Parsing script facial.material
13:07:21: Parsing script Examples-Advanced.material
13:07:21: Compiler error: object unsupported by render system in Examples-Advanced.material(728): , Shader name: Examples/FresnelRefractReflectPS
13:07:21: Compiler error: object unsupported by render system in Examples-Advanced.material(1027): , Shader name: Examples/TextureArrayPSasm
13:07:21: Parsing script ssao.material
13:07:21: Parsing script deferreddemo.material
13:07:21: Parsing script deferred_post_minilight.material
13:07:21: Parsing script ShadowCaster.material
13:07:21: Parsing script deferred_post.material
13:07:21: Parsing script ROOM.material
13:07:21: Parsing script TriplanarTexturing.material
13:07:21: Compiler error: unknown error in TriplanarTexturing.material(9): token "rtshader_system" is not recognized
13:07:21: Parsing script HardwareSkinningShadow.material
13:07:21: OGRE EXCEPTION(7:InternalErrorException): Unable to compile Cg program Ogre/RTShader/shadow_caster_skinning_1weight_vs_cg: The compile returned an error.
(25) : warning C7019: "blendWgt" is too large for semantic "BLENDWEIGHT", which is size 1
(27) : error C5041: cannot locate suitable resource to bind parameter "<null atom>"
(27) : error C5041: cannot locate suitable resource to bind parameter "<null atom>"
(27) : error C5041: cannot locate suitable resource to bind parameter "<null atom>"
(27) : error C5041: cannot locate suitable resource to bind parameter "<null atom>"
(27) : error C5041: cannot locate suitable resource to bind parameter "<null atom>"
(27) : error C5041: cannot locate suitable resource to bind parameter "<null atom>"
(27) : error C5041: cannot locate suitable resource to bind parameter "<null atom>"
(27) : error C5041: cannot locate suitable resource to bind parameter "<null atom>"
(27) : error C5041: cannot locate suitable resource to bind parameter "<null atom>"
(27) : error C5041: cannot locate suitable resource to bind parameter "<null atom>"
(27) : error C5041: cannot locate suitable resource to bind parameter "<null atom>"
(27) : error C5041: cannot locate suitable resource to bind parameter "<null atom>"
(27) : error C5041: cannot locate suitable resource to bind parameter "<null atom>"
(27) : error C5041: cannot locate suitable resource to bind parameter "<null atom>"
(27) : error C5041: cannot locate suitable resource to bind parameter "<null atom>"
(27) : error C5041: cannot locate suitable resource to bind parameter "<null atom>"
(27) : error C5041: cannot locate suitable resource to bind parameter "<null atom>"
(27) : error C5041: cannot locate suitable resource to bind parameter "<null atom>"
(27) : error C5041: cannot locate suitable resource to bind parameter "<null atom>"
 in CgProgram::compileMicrocode at /opt/ogre/PlugIns/CgProgramManager/src/OgreCgProgramManagerDll.cpp (line 67)
13:07:21: High-level program Ogre/RTShader/shadow_caster_skinning_1weight_vs_cg encountered an error during loading and is thus not supported.
OGRE EXCEPTION(7:InternalErrorException): Unable to compile Cg program Ogre/RTShader/shadow_caster_skinning_1weight_vs_cg: The compile returned an error.
(25) : warning C7019: "blendWgt" is too large for semantic "BLENDWEIGHT", which is size 1
(27) : error C5041: cannot locate suitable resource to bind parameter "<null atom>"
(27) : error C5041: cannot locate suitable resource to bind parameter "<null atom>"
(27) : error C5041: cannot locate suitable resource to bind parameter "<null atom>"
(27) : error C5041: cannot locate suitable resource to bind parameter "<null atom>"
(27) : error C5041: cannot locate suitable resource to bind parameter "<null atom>"
(27) : error C5041: cannot locate suitable resource to bind parameter "<null atom>"
(27) : error C5041: cannot locate suitable resource to bind parameter "<null atom>"
(27) : error C5041: cannot locate suitable resource to bind parameter "<null atom>"
(27) : error C5041: cannot locate suitable resource to bind parameter "<null atom>"
(27) : error C5041: cannot locate suitable resource to bind parameter "<null atom>"
(27) : error C5041: cannot locate suitable resource to bind parameter "<null atom>"
(27) : error C5041: cannot locate suitable resource to bind parameter "<null atom>"
(27) : error C5041: cannot locate suitable resource to bind parameter "<null atom>"
(27) : error C5041: cannot locate suitable resource to bind parameter "<null atom>"
(27) : error C5041: cannot locate suitable resource to bind parameter "<null atom>"
(27) : error C5041: cannot locate suitable resource to bind parameter "<null atom>"
(27) : error C5041: cannot locate suitable resource to bind parameter "<null atom>"
(27) : error C5041: cannot locate suitable resource to bind parameter "<null atom>"
(27) : error C5041: cannot locate suitable resource to bind parameter "<null atom>"
 in CgProgram::compileMicrocode at /opt/ogre/PlugIns/CgProgramManager/src/OgreCgProgramManagerDll.cpp (line 67)
13:07:21: OGRE EXCEPTION(2:InvalidParametersException): Named constants have not been initialised, perhaps a compile error. in GpuProgramParameters::_findNamedConstantDefinition at /build/ogre-1.9-mqY1wq/ogre-1.9-1.9.0+dfsg1/OgreMain/src/OgreGpuProgramParams.cpp (line 1709)
13:07:21: Compiler error: invalid parameters in HardwareSkinningShadow.material(29): setting of constant failed
13:07:21: OGRE EXCEPTION(2:InvalidParametersException): Named constants have not been initialised, perhaps a compile error. in GpuProgramParameters::_findNamedConstantDefinition at /build/ogre-1.9-mqY1wq/ogre-1.9-1.9.0+dfsg1/OgreMain/src/OgreGpuProgramParams.cpp (line 1709)
13:07:21: Compiler error: invalid parameters in HardwareSkinningShadow.material(30): setting of constant failed
13:07:21: OGRE EXCEPTION(7:InternalErrorException): Unable to compile Cg program Ogre/RTShader/shadow_caster_skinning_2weight_vs_cg: The compile returned an error.
(49) : warning C7019: "blendWgt" is too large for semantic "BLENDWEIGHT", which is size 1
(52) : error C5041: cannot locate suitable resource to bind parameter "<null atom>"
(52) : error C5041: cannot locate suitable resource to bind parameter "<null atom>"
(52) : error C5041: cannot locate suitable resource to bind parameter "<null atom>"
(52) : error C5041: cannot locate suitable resource to bind parameter "<null atom>"
(52) : error C5041: cannot locate suitable resource to bind parameter "<null atom>"
(52) : error C5041: cannot locate suitable resource to bind parameter "<null atom>"
(52) : error C5041: cannot locate suitable resource to bind parameter "<null atom>"
(52) : error C5041: cannot locate suitable resource to bind parameter "<null atom>"
(52) : error C5041: cannot locate suitable resource to bind parameter "<null atom>"
(52) : error C5041: cannot locate suitable resource to bind parameter "<null atom>"
(52) : error C5041: cannot locate suitable resource to bind parameter "<null atom>"
(52) : error C5041: cannot locate suitable resource to bind parameter "<null atom>"
(52) : error C5041: cannot locate suitable resource to bind parameter "<null atom>"
(52) : error C5041: cannot locate suitable resource to bind parameter "<null atom>"
(52) : error C5041: cannot locate suitable resource to bind parameter "<null atom>"
(52) : error C5041: cannot locate suitable resource to bind parameter "<null atom>"
(52) : error C5041: cannot locate suitable resource to bind parameter "<null atom>"
(52) : error C5041: cannot locate suitable resource to bind parameter "<null atom>"
(52) : error C5041: cannot locate suitable resource to bind parameter "<null atom>"
 in CgProgram::compileMicrocode at /opt/ogre/PlugIns/CgProgramManager/src/OgreCgProgramManagerDll.cpp (line 67)
13:07:21: High-level program Ogre/RTShader/shadow_caster_skinning_2weight_vs_cg encountered an error during loading and is thus not supported.
OGRE EXCEPTION(7:InternalErrorException): Unable to compile Cg program Ogre/RTShader/shadow_caster_skinning_2weight_vs_cg: The compile returned an error.
(49) : warning C7019: "blendWgt" is too large for semantic "BLENDWEIGHT", which is size 1
(52) : error C5041: cannot locate suitable resource to bind parameter "<null atom>"
(52) : error C5041: cannot locate suitable resource to bind parameter "<null atom>"
(52) : error C5041: cannot locate suitable resource to bind parameter "<null atom>"
(52) : error C5041: cannot locate suitable resource to bind parameter "<null atom>"
(52) : error C5041: cannot locate suitable resource to bind parameter "<null atom>"
(52) : error C5041: cannot locate suitable resource to bind parameter "<null atom>"
(52) : error C5041: cannot locate suitable resource to bind parameter "<null atom>"
(52) : error C5041: cannot locate suitable resource to bind parameter "<null atom>"
(52) : error C5041: cannot locate suitable resource to bind parameter "<null atom>"
(52) : error C5041: cannot locate suitable resource to bind parameter "<null atom>"
(52) : error C5041: cannot locate suitable resource to bind parameter "<null atom>"
(52) : error C5041: cannot locate suitable resource to bind parameter "<null atom>"
(52) : error C5041: cannot locate suitable resource to bind parameter "<null atom>"
(52) : error C5041: cannot locate suitable resource to bind parameter "<null atom>"
(52) : error C5041: cannot locate suitable resource to bind parameter "<null atom>"
(52) : error C5041: cannot locate suitable resource to bind parameter "<null atom>"
(52) : error C5041: cannot locate suitable resource to bind parameter "<null atom>"
(52) : error C5041: cannot locate suitable resource to bind parameter "<null atom>"
(52) : error C5041: cannot locate suitable resource to bind parameter "<null atom>"
 in CgProgram::compileMicrocode at /opt/ogre/PlugIns/CgProgramManager/src/OgreCgProgramManagerDll.cpp (line 67)
13:07:21: OGRE EXCEPTION(2:InvalidParametersException): Named constants have not been initialised, perhaps a compile error. in GpuProgramParameters::_findNamedConstantDefinition at /build/ogre-1.9-mqY1wq/ogre-1.9-1.9.0+dfsg1/OgreMain/src/OgreGpuProgramParams.cpp (line 1709)
13:07:21: Compiler error: invalid parameters in HardwareSkinningShadow.material(43): setting of constant failed
13:07:21: OGRE EXCEPTION(2:InvalidParametersException): Named constants have not been initialised, perhaps a compile error. in GpuProgramParameters::_findNamedConstantDefinition at /build/ogre-1.9-mqY1wq/ogre-1.9-1.9.0+dfsg1/OgreMain/src/OgreGpuProgramParams.cpp (line 1709)
13:07:21: Compiler error: invalid parameters in HardwareSkinningShadow.material(44): setting of constant failed
13:07:21: OGRE EXCEPTION(7:InternalErrorException): Unable to compile Cg program Ogre/RTShader/shadow_caster_skinning_3weight_vs_cg: The compile returned an error.
(76) : warning C7019: "blendWgt" is too large for semantic "BLENDWEIGHT", which is size 1
(79) : error C5041: cannot locate suitable resource to bind parameter "<null atom>"
(79) : error C5041: cannot locate suitable resource to bind parameter "<null atom>"
(79) : error C5041: cannot locate suitable resource to bind parameter "<null atom>"
(79) : error C5041: cannot locate suitable resource to bind parameter "<null atom>"
(79) : error C5041: cannot locate suitable resource to bind parameter "<null atom>"
(79) : error C5041: cannot locate suitable resource to bind parameter "<null atom>"
(79) : error C5041: cannot locate suitable resource to bind parameter "<null atom>"
(79) : error C5041: cannot locate suitable resource to bind parameter "<null atom>"
(79) : error C5041: cannot locate suitable resource to bind parameter "<null atom>"
(79) : error C5041: cannot locate suitable resource to bind parameter "<null atom>"
(79) : error C5041: cannot locate suitable resource to bind parameter "<null atom>"
(79) : error C5041: cannot locate suitable resource to bind parameter "<null atom>"
(79) : error C5041: cannot locate suitable resource to bind parameter "<null atom>"
(79) : error C5041: cannot locate suitable resource to bind parameter "<null atom>"
(79) : error C5041: cannot locate suitable resource to bind parameter "<null atom>"
(79) : error C5041: cannot locate suitable resource to bind parameter "<null atom>"
(79) : error C5041: cannot locate suitable resource to bind parameter "<null atom>"
(79) : error C5041: cannot locate suitable resource to bind parameter "<null atom>"
(79) : error C5041: cannot locate suitable resource to bind parameter "<null atom>"
 in CgProgram::compileMicrocode at /opt/ogre/PlugIns/CgProgramManager/src/OgreCgProgramManagerDll.cpp (line 67)
13:07:21: High-level program Ogre/RTShader/shadow_caster_skinning_3weight_vs_cg encountered an error during loading and is thus not supported.
OGRE EXCEPTION(7:InternalErrorException): Unable to compile Cg program Ogre/RTShader/shadow_caster_skinning_3weight_vs_cg: The compile returned an error.
(76) : warning C7019: "blendWgt" is too large for semantic "BLENDWEIGHT", which is size 1
(79) : error C5041: cannot locate suitable resource to bind parameter "<null atom>"
(79) : error C5041: cannot locate suitable resource to bind parameter "<null atom>"
(79) : error C5041: cannot locate suitable resource to bind parameter "<null atom>"
(79) : error C5041: cannot locate suitable resource to bind parameter "<null atom>"
(79) : error C5041: cannot locate suitable resource to bind parameter "<null atom>"
(79) : error C5041: cannot locate suitable resource to bind parameter "<null atom>"
(79) : error C5041: cannot locate suitable resource to bind parameter "<null atom>"
(79) : error C5041: cannot locate suitable resource to bind parameter "<null atom>"
(79) : error C5041: cannot locate suitable resource to bind parameter "<null atom>"
(79) : error C5041: cannot locate suitable resource to bind parameter "<null atom>"
(79) : error C5041: cannot locate suitable resource to bind parameter "<null atom>"
(79) : error C5041: cannot locate suitable resource to bind parameter "<null atom>"
(79) : error C5041: cannot locate suitable resource to bind parameter "<null atom>"
(79) : error C5041: cannot locate suitable resource to bind parameter "<null atom>"
(79) : error C5041: cannot locate suitable resource to bind parameter "<null atom>"
(79) : error C5041: cannot locate suitable resource to bind parameter "<null atom>"
(79) : error C5041: cannot locate suitable resource to bind parameter "<null atom>"
(79) : error C5041: cannot locate suitable resource to bind parameter "<null atom>"
(79) : error C5041: cannot locate suitable resource to bind parameter "<null atom>"
 in CgProgram::compileMicrocode at /opt/ogre/PlugIns/CgProgramManager/src/OgreCgProgramManagerDll.cpp (line 67)
13:07:21: OGRE EXCEPTION(2:InvalidParametersException): Named constants have not been initialised, perhaps a compile error. in GpuProgramParameters::_findNamedConstantDefinition at /build/ogre-1.9-mqY1wq/ogre-1.9-1.9.0+dfsg1/OgreMain/src/OgreGpuProgramParams.cpp (line 1709)
13:07:21: Compiler error: invalid parameters in HardwareSkinningShadow.material(57): setting of constant failed
13:07:21: OGRE EXCEPTION(2:InvalidParametersException): Named constants have not been initialised, perhaps a compile error. in GpuProgramParameters::_findNamedConstantDefinition at /build/ogre-1.9-mqY1wq/ogre-1.9-1.9.0+dfsg1/OgreMain/src/OgreGpuProgramParams.cpp (line 1709)
13:07:21: Compiler error: invalid parameters in HardwareSkinningShadow.material(58): setting of constant failed
13:07:21: OGRE EXCEPTION(7:InternalErrorException): Unable to compile Cg program Ogre/RTShader/shadow_caster_skinning_4weight_vs_cg: The compile returned an error.
(104) : warning C7019: "blendWgt" is too large for semantic "BLENDWEIGHT", which is size 1
(107) : error C5041: cannot locate suitable resource to bind parameter "<null atom>"
(107) : error C5041: cannot locate suitable resource to bind parameter "<null atom>"
(107) : error C5041: cannot locate suitable resource to bind parameter "<null atom>"
(107) : error C5041: cannot locate suitable resource to bind parameter "<null atom>"
(107) : error C5041: cannot locate suitable resource to bind parameter "<null atom>"
(107) : error C5041: cannot locate suitable resource to bind parameter "<null atom>"
(107) : error C5041: cannot locate suitable resource to bind parameter "<null atom>"
(107) : error C5041: cannot locate suitable resource to bind parameter "<null atom>"
(107) : error C5041: cannot locate suitable resource to bind parameter "<null atom>"
(107) : error C5041: cannot locate suitable resource to bind parameter "<null atom>"
(107) : error C5041: cannot locate suitable resource to bind parameter "<null atom>"
(107) : error C5041: cannot locate suitable resource to bind parameter "<null atom>"
(107) : error C5041: cannot locate suitable resource to bind parameter "<null atom>"
(107) : error C5041: cannot locate suitable resource to bind parameter "<null atom>"
(107) : error C5041: cannot locate suitable resource to bind parameter "<null atom>"
(107) : error C5041: cannot locate suitable resource to bind parameter "<null atom>"
(107) : error C5041: cannot locate suitable resource to bind parameter "<null atom>"
(107) : error C5041: cannot locate suitable resource to bind parameter "<null atom>"
(107) : error C5041: cannot locate suitable resource to bind parameter "<null atom>"
 in CgProgram::compileMicrocode at /opt/ogre/PlugIns/CgProgramManager/src/OgreCgProgramManagerDll.cpp (line 67)
13:07:21: High-level program Ogre/RTShader/shadow_caster_skinning_4weight_vs_cg encountered an error during loading and is thus not supported.
OGRE EXCEPTION(7:InternalErrorException): Unable to compile Cg program Ogre/RTShader/shadow_caster_skinning_4weight_vs_cg: The compile returned an error.
(104) : warning C7019: "blendWgt" is too large for semantic "BLENDWEIGHT", which is size 1
(107) : error C5041: cannot locate suitable resource to bind parameter "<null atom>"
(107) : error C5041: cannot locate suitable resource to bind parameter "<null atom>"
(107) : error C5041: cannot locate suitable resource to bind parameter "<null atom>"
(107) : error C5041: cannot locate suitable resource to bind parameter "<null atom>"
(107) : error C5041: cannot locate suitable resource to bind parameter "<null atom>"
(107) : error C5041: cannot locate suitable resource to bind parameter "<null atom>"
(107) : error C5041: cannot locate suitable resource to bind parameter "<null atom>"
(107) : error C5041: cannot locate suitable resource to bind parameter "<null atom>"
(107) : error C5041: cannot locate suitable resource to bind parameter "<null atom>"
(107) : error C5041: cannot locate suitable resource to bind parameter "<null atom>"
(107) : error C5041: cannot locate suitable resource to bind parameter "<null atom>"
(107) : error C5041: cannot locate suitable resource to bind parameter "<null atom>"
(107) : error C5041: cannot locate suitable resource to bind parameter "<null atom>"
(107) : error C5041: cannot locate suitable resource to bind parameter "<null atom>"
(107) : error C5041: cannot locate suitable resource to bind parameter "<null atom>"
(107) : error C5041: cannot locate suitable resource to bind parameter "<null atom>"
(107) : error C5041: cannot locate suitable resource to bind parameter "<null atom>"
(107) : error C5041: cannot locate suitable resource to bind parameter "<null atom>"
(107) : error C5041: cannot locate suitable resource to bind parameter "<null atom>"
 in CgProgram::compileMicrocode at /opt/ogre/PlugIns/CgProgramManager/src/OgreCgProgramManagerDll.cpp (line 67)
13:07:21: OGRE EXCEPTION(2:InvalidParametersException): Named constants have not been initialised, perhaps a compile error. in GpuProgramParameters::_findNamedConstantDefinition at /build/ogre-1.9-mqY1wq/ogre-1.9-1.9.0+dfsg1/OgreMain/src/OgreGpuProgramParams.cpp (line 1709)
13:07:21: Compiler error: invalid parameters in HardwareSkinningShadow.material(72): setting of constant failed
13:07:21: OGRE EXCEPTION(2:InvalidParametersException): Named constants have not been initialised, perhaps a compile error. in GpuProgramParameters::_findNamedConstantDefinition at /build/ogre-1.9-mqY1wq/ogre-1.9-1.9.0+dfsg1/OgreMain/src/OgreGpuProgramParams.cpp (line 1709)
13:07:21: Compiler error: invalid parameters in HardwareSkinningShadow.material(73): setting of constant failed
13:07:21: Parsing script DualQuaternionSkinning_Shadow.material
13:07:21: OGRE EXCEPTION(7:InternalErrorException): Unable to compile Cg program Ogre/RTShader/shadow_caster_dq_skinning_1weight_twophase_vs_cg: The compile returned an error.
(248) : warning C7019: "blendWgt" is too large for semantic "BLENDWEIGHT", which is size 1
(0) : error C6007: Constant register limit exceeded; more than 96 constant registers needed to compiled program
(0) : error C6007: Constant register limit exceeded; more than 96 constant registers needed to compiled program
(0) : error C6007: Constant register limit exceeded; more than 96 constant registers needed to compiled program
 in CgProgram::compileMicrocode at /opt/ogre/PlugIns/CgProgramManager/src/OgreCgProgramManagerDll.cpp (line 67)
13:07:21: High-level program Ogre/RTShader/shadow_caster_dq_skinning_1weight_twophase_vs_cg encountered an error during loading and is thus not supported.
OGRE EXCEPTION(7:InternalErrorException): Unable to compile Cg program Ogre/RTShader/shadow_caster_dq_skinning_1weight_twophase_vs_cg: The compile returned an error.
(248) : warning C7019: "blendWgt" is too large for semantic "BLENDWEIGHT", which is size 1
(0) : error C6007: Constant register limit exceeded; more than 96 constant registers needed to compiled program
(0) : error C6007: Constant register limit exceeded; more than 96 constant registers needed to compiled program
(0) : error C6007: Constant register limit exceeded; more than 96 constant registers needed to compiled program
 in CgProgram::compileMicrocode at /opt/ogre/PlugIns/CgProgramManager/src/OgreCgProgramManagerDll.cpp (line 67)
13:07:21: OGRE EXCEPTION(2:InvalidParametersException): Named constants have not been initialised, perhaps a compile error. in GpuProgramParameters::_findNamedConstantDefinition at /build/ogre-1.9-mqY1wq/ogre-1.9-1.9.0+dfsg1/OgreMain/src/OgreGpuProgramParams.cpp (line 1709)
13:07:21: Compiler error: invalid parameters in DualQuaternionSkinning_Shadow.material(242): setting of constant failed
13:07:21: OGRE EXCEPTION(2:InvalidParametersException): Named constants have not been initialised, perhaps a compile error. in GpuProgramParameters::_findNamedConstantDefinition at /build/ogre-1.9-mqY1wq/ogre-1.9-1.9.0+dfsg1/OgreMain/src/OgreGpuProgramParams.cpp (line 1709)
13:07:21: Compiler error: invalid parameters in DualQuaternionSkinning_Shadow.material(243): setting of constant failed
13:07:21: OGRE EXCEPTION(2:InvalidParametersException): Named constants have not been initialised, perhaps a compile error. in GpuProgramParameters::_findNamedConstantDefinition at /build/ogre-1.9-mqY1wq/ogre-1.9-1.9.0+dfsg1/OgreMain/src/OgreGpuProgramParams.cpp (line 1709)
13:07:21: Compiler error: invalid parameters in DualQuaternionSkinning_Shadow.material(244): setting of constant failed
13:07:21: OGRE EXCEPTION(2:InvalidParametersException): Named constants have not been initialised, perhaps a compile error. in GpuProgramParameters::_findNamedConstantDefinition at /build/ogre-1.9-mqY1wq/ogre-1.9-1.9.0+dfsg1/OgreMain/src/OgreGpuProgramParams.cpp (line 1709)
13:07:21: Compiler error: invalid parameters in DualQuaternionSkinning_Shadow.material(245): setting of constant failed
13:07:21: OGRE EXCEPTION(7:InternalErrorException): Unable to compile Cg program Ogre/RTShader/shadow_caster_dq_skinning_2weight_twophase_vs_cg: The compile returned an error.
(286) : warning C7019: "blendWgt" is too large for semantic "BLENDWEIGHT", which is size 1
(0) : error C6007: Constant register limit exceeded; more than 96 constant registers needed to compiled program
(0) : error C6007: Constant register limit exceeded; more than 96 constant registers needed to compiled program
(0) : error C6007: Constant register limit exceeded; more than 96 constant registers needed to compiled program
 in CgProgram::compileMicrocode at /opt/ogre/PlugIns/CgProgramManager/src/OgreCgProgramManagerDll.cpp (line 67)
13:07:21: High-level program Ogre/RTShader/shadow_caster_dq_skinning_2weight_twophase_vs_cg encountered an error during loading and is thus not supported.
OGRE EXCEPTION(7:InternalErrorException): Unable to compile Cg program Ogre/RTShader/shadow_caster_dq_skinning_2weight_twophase_vs_cg: The compile returned an error.
(286) : warning C7019: "blendWgt" is too large for semantic "BLENDWEIGHT", which is size 1
(0) : error C6007: Constant register limit exceeded; more than 96 constant registers needed to compiled program
(0) : error C6007: Constant register limit exceeded; more than 96 constant registers needed to compiled program
(0) : error C6007: Constant register limit exceeded; more than 96 constant registers needed to compiled program
 in CgProgram::compileMicrocode at /opt/ogre/PlugIns/CgProgramManager/src/OgreCgProgramManagerDll.cpp (line 67)
13:07:21: OGRE EXCEPTION(2:InvalidParametersException): Named constants have not been initialised, perhaps a compile error. in GpuProgramParameters::_findNamedConstantDefinition at /build/ogre-1.9-mqY1wq/ogre-1.9-1.9.0+dfsg1/OgreMain/src/OgreGpuProgramParams.cpp (line 1709)
13:07:21: Compiler error: invalid parameters in DualQuaternionSkinning_Shadow.material(259): setting of constant failed
13:07:21: OGRE EXCEPTION(2:InvalidParametersException): Named constants have not been initialised, perhaps a compile error. in GpuProgramParameters::_findNamedConstantDefinition at /build/ogre-1.9-mqY1wq/ogre-1.9-1.9.0+dfsg1/OgreMain/src/OgreGpuProgramParams.cpp (line 1709)
13:07:21: Compiler error: invalid parameters in DualQuaternionSkinning_Shadow.material(260): setting of constant failed
13:07:21: OGRE EXCEPTION(2:InvalidParametersException): Named constants have not been initialised, perhaps a compile error. in GpuProgramParameters::_findNamedConstantDefinition at /build/ogre-1.9-mqY1wq/ogre-1.9-1.9.0+dfsg1/OgreMain/src/OgreGpuProgramParams.cpp (line 1709)
13:07:21: Compiler error: invalid parameters in DualQuaternionSkinning_Shadow.material(261): setting of constant failed
13:07:21: OGRE EXCEPTION(2:InvalidParametersException): Named constants have not been initialised, perhaps a compile error. in GpuProgramParameters::_findNamedConstantDefinition at /build/ogre-1.9-mqY1wq/ogre-1.9-1.9.0+dfsg1/OgreMain/src/OgreGpuProgramParams.cpp (line 1709)
13:07:21: Compiler error: invalid parameters in DualQuaternionSkinning_Shadow.material(262): setting of constant failed
13:07:21: Parsing script RTShaderSystem.material
13:07:21: Compiler error: unknown error in RTShaderSystem.material(23): token "rtshader_system" is not recognized
13:07:21: Compiler error: unknown error in RTShaderSystem.material(52): token "rtshader_system" is not recognized
13:07:21: Compiler error: unknown error in RTShaderSystem.material(81): token "rtshader_system" is not recognized
13:07:21: Compiler error: unknown error in RTShaderSystem.material(110): token "rtshader_system" is not recognized
13:07:21: Compiler error: unknown error in RTShaderSystem.material(146): token "rtshader_system" is not recognized
13:07:21: Compiler error: unknown error in RTShaderSystem.material(81): token "rtshader_system" is not recognized
13:07:21: Compiler error: unknown error in RTShaderSystem.material(162): token "rtshader_system" is not recognized
13:07:21: Compiler error: unknown error in RTShaderSystem.material(81): token "rtshader_system" is not recognized
13:07:21: Compiler error: unknown error in RTShaderSystem.material(110): token "rtshader_system" is not recognized
13:07:21: Compiler error: unknown error in RTShaderSystem.material(211): token "rtshader_system" is not recognized
13:07:21: Parsing script UnsharpMask.material
13:07:21: Parsing script SSAOPost.material
13:07:21: Parsing script Crytek.material
13:07:21: Parsing script HemisphereMC.material
13:07:21: Parsing script CreaseShading.material
13:07:21: Parsing script ShowNormals.material
13:07:21: Parsing script Modulate.material
13:07:21: Parsing script Volumetric.material
13:07:21: Parsing script GBuffer.material
13:07:21: Parsing script ShowDepth.material
13:07:21: Parsing script HorizonBased.material
13:07:21: Parsing script ShowViewPos.material
13:07:21: Parsing script triplanarReference.material
13:07:21: Parsing script RomanBath.material
13:07:21: Parsing script Sinbad.material
13:07:21: Parsing script Examples.particle
13:07:21: Parsing script Examples-Water.particle
13:07:21: Parsing script emitted_emitter.particle
13:07:21: Parsing script smoke.particle
13:07:21: Parsing script Examples.compositor
13:07:21: Parsing script deferred.compositor
13:07:21: Parsing script ssao.compositor
13:07:21: Parsing script SSAO.compositor
13:07:21: Parsing script SSAOPost.compositor
13:07:21: Finished parsing scripts for resource group Popular
13:07:21: Creating resources for group Popular
13:07:21: All done
13:07:21: Parsing scripts for resource group Tests
13:07:21: Finished parsing scripts for resource group Tests
13:07:21: Creating resources for group Tests
13:07:21: All done
13:07:21: Mesh: Loading ddg51.mesh.
13:07:21: WARNING: ddg51.mesh is an older format ([MeshSerializer_v1.40]); you should upgrade it as soon as possible using the OgreMeshUpgrade tool.
13:07:21: Can't assign material C000015/SOLID/TEX/ecslHorizontal.bmp to SubEntity of Ogre/MO1 because this Material does not exist. Have you forgotten to define it in a .material script?
13:07:21: Can't assign material C000018/SOLID/TEX/ecslHorizontal.bmp to SubEntity of Ogre/MO1 because this Material does not exist. Have you forgotten to define it in a .material script?
13:07:21: Can't assign material C000013/SOLID/TEX/ecslHorizontal.bmp to SubEntity of Ogre/MO1 because this Material does not exist. Have you forgotten to define it in a .material script?
13:07:21: Can't assign material C000016/SOLID/TEX/ecslHorizontal.bmp to SubEntity of Ogre/MO1 because this Material does not exist. Have you forgotten to define it in a .material script?
13:07:21: Can't assign material C000005/SOLID/TEX/ecslHorizontal.bmp to SubEntity of Ogre/MO1 because this Material does not exist. Have you forgotten to define it in a .material script?
13:07:21: Can't assign material C000011/SOLID/TEX/ecslHorizontal.bmp to SubEntity of Ogre/MO1 because this Material does not exist. Have you forgotten to define it in a .material script?
13:07:21: Can't assign material C000017/SOLID/TEX/ecslHorizontal.bmp to SubEntity of Ogre/MO1 because this Material does not exist. Have you forgotten to define it in a .material script?
13:07:21: Can't assign material C000004/SOLID/TEX/ecslHorizontal.bmp to SubEntity of Ogre/MO1 because this Material does not exist. Have you forgotten to define it in a .material script?
13:07:21: Can't assign material C000003/SOLID/TEX/ecslHorizontal.bmp to SubEntity of Ogre/MO1 because this Material does not exist. Have you forgotten to define it in a .material script?
13:07:21: Can't assign material C000002/SOLID/TEX/ecslHorizontal.bmp to SubEntity of Ogre/MO1 because this Material does not exist. Have you forgotten to define it in a .material script?
13:07:21: Can't assign material C000012/SOLID/TEX/ecslHorizontal.bmp to SubEntity of Ogre/MO1 because this Material does not exist. Have you forgotten to define it in a .material script?
13:07:21: Can't assign material C000000/SOLID/TEX/ecslHorizontal.bmp to SubEntity of Ogre/MO1 because this Material does not exist. Have you forgotten to define it in a .material script?
13:07:21: Can't assign material C000007/SOLID/TEX/ecslHorizontal.bmp to SubEntity of Ogre/MO1 because this Material does not exist. Have you forgotten to define it in a .material script?
13:07:21: Can't assign material C000006/SOLID/TEX/ecslHorizontal.bmp to SubEntity of Ogre/MO1 because this Material does not exist. Have you forgotten to define it in a .material script?
13:07:21: Can't assign material Deck/SOLID/TEX/ecslHorizontal.bmp to SubEntity of Ogre/MO1 because this Material does not exist. Have you forgotten to define it in a .material script?
13:07:21: Mesh: Loading cvn68.mesh.
13:07:21: WARNING: cvn68.mesh is an older format ([MeshSerializer_v1.40]); you should upgrade it as soon as possible using the OgreMeshUpgrade tool.
13:07:21: OGRE EXCEPTION(6:FileNotFoundException): Cannot locate resource ecslDark.bmp in resource group Popular or any other group. in ResourceGroupManager::openResource at /build/ogre-1.9-mqY1wq/ogre-1.9-1.9.0+dfsg1/OgreMain/src/OgreResourceGroupManager.cpp (line 756)
13:07:21: Error loading texture ecslDark.bmp. Texture layer will be blank. Loading the texture failed with the following exception: OGRE EXCEPTION(6:FileNotFoundException): Cannot locate resource ecslDark.bmp in resource group Popular or any other group. in ResourceGroupManager::openResource at /build/ogre-1.9-mqY1wq/ogre-1.9-1.9.0+dfsg1/OgreMain/src/OgreResourceGroupManager.cpp (line 756)
13:07:21: OGRE EXCEPTION(6:FileNotFoundException): Cannot locate resource ecslDark.bmp in resource group Popular or any other group. in ResourceGroupManager::openResource at /build/ogre-1.9-mqY1wq/ogre-1.9-1.9.0+dfsg1/OgreMain/src/OgreResourceGroupManager.cpp (line 756)
13:07:21: Error loading texture ecslDark.bmp. Texture layer will be blank. Loading the texture failed with the following exception: OGRE EXCEPTION(6:FileNotFoundException): Cannot locate resource ecslDark.bmp in resource group Popular or any other group. in ResourceGroupManager::openResource at /build/ogre-1.9-mqY1wq/ogre-1.9-1.9.0+dfsg1/OgreMain/src/OgreResourceGroupManager.cpp (line 756)
13:07:21: OGRE EXCEPTION(6:FileNotFoundException): Cannot locate resource ecslDark.bmp in resource group Popular or any other group. in ResourceGroupManager::openResource at /build/ogre-1.9-mqY1wq/ogre-1.9-1.9.0+dfsg1/OgreMain/src/OgreResourceGroupManager.cpp (line 756)
13:07:21: Error loading texture ecslDark.bmp. Texture layer will be blank. Loading the texture failed with the following exception: OGRE EXCEPTION(6:FileNotFoundException): Cannot locate resource ecslDark.bmp in resource group Popular or any other group. in ResourceGroupManager::openResource at /build/ogre-1.9-mqY1wq/ogre-1.9-1.9.0+dfsg1/OgreMain/src/OgreResourceGroupManager.cpp (line 756)
13:07:21: OGRE EXCEPTION(6:FileNotFoundException): Cannot locate resource ecslDark.bmp in resource group Popular or any other group. in ResourceGroupManager::openResource at /build/ogre-1.9-mqY1wq/ogre-1.9-1.9.0+dfsg1/OgreMain/src/OgreResourceGroupManager.cpp (line 756)
13:07:21: Error loading texture ecslDark.bmp. Texture layer will be blank. Loading the texture failed with the following exception: OGRE EXCEPTION(6:FileNotFoundException): Cannot locate resource ecslDark.bmp in resource group Popular or any other group. in ResourceGroupManager::openResource at /build/ogre-1.9-mqY1wq/ogre-1.9-1.9.0+dfsg1/OgreMain/src/OgreResourceGroupManager.cpp (line 756)
13:07:21: OGRE EXCEPTION(6:FileNotFoundException): Cannot locate resource ecslDark.bmp in resource group Popular or any other group. in ResourceGroupManager::openResource at /build/ogre-1.9-mqY1wq/ogre-1.9-1.9.0+dfsg1/OgreMain/src/OgreResourceGroupManager.cpp (line 756)
13:07:21: Error loading texture ecslDark.bmp. Texture layer will be blank. Loading the texture failed with the following exception: OGRE EXCEPTION(6:FileNotFoundException): Cannot locate resource ecslDark.bmp in resource group Popular or any other group. in ResourceGroupManager::openResource at /build/ogre-1.9-mqY1wq/ogre-1.9-1.9.0+dfsg1/OgreMain/src/OgreResourceGroupManager.cpp (line 756)
13:07:21: OGRE EXCEPTION(6:FileNotFoundException): Cannot locate resource ecslDark.bmp in resource group Popular or any other group. in ResourceGroupManager::openResource at /build/ogre-1.9-mqY1wq/ogre-1.9-1.9.0+dfsg1/OgreMain/src/OgreResourceGroupManager.cpp (line 756)
13:07:21: Error loading texture ecslDark.bmp. Texture layer will be blank. Loading the texture failed with the following exception: OGRE EXCEPTION(6:FileNotFoundException): Cannot locate resource ecslDark.bmp in resource group Popular or any other group. in ResourceGroupManager::openResource at /build/ogre-1.9-mqY1wq/ogre-1.9-1.9.0+dfsg1/OgreMain/src/OgreResourceGroupManager.cpp (line 756)
13:07:21: OGRE EXCEPTION(6:FileNotFoundException): Cannot locate resource ecslDark.bmp in resource group Popular or any other group. in ResourceGroupManager::openResource at /build/ogre-1.9-mqY1wq/ogre-1.9-1.9.0+dfsg1/OgreMain/src/OgreResourceGroupManager.cpp (line 756)
13:07:21: Error loading texture ecslDark.bmp. Texture layer will be blank. Loading the texture failed with the following exception: OGRE EXCEPTION(6:FileNotFoundException): Cannot locate resource ecslDark.bmp in resource group Popular or any other group. in ResourceGroupManager::openResource at /build/ogre-1.9-mqY1wq/ogre-1.9-1.9.0+dfsg1/OgreMain/src/OgreResourceGroupManager.cpp (line 756)
13:07:21: OGRE EXCEPTION(6:FileNotFoundException): Cannot locate resource ecslDark.bmp in resource group Popular or any other group. in ResourceGroupManager::openResource at /build/ogre-1.9-mqY1wq/ogre-1.9-1.9.0+dfsg1/OgreMain/src/OgreResourceGroupManager.cpp (line 756)
13:07:21: Error loading texture ecslDark.bmp. Texture layer will be blank. Loading the texture failed with the following exception: OGRE EXCEPTION(6:FileNotFoundException): Cannot locate resource ecslDark.bmp in resource group Popular or any other group. in ResourceGroupManager::openResource at /build/ogre-1.9-mqY1wq/ogre-1.9-1.9.0+dfsg1/OgreMain/src/OgreResourceGroupManager.cpp (line 756)
13:07:21: OGRE EXCEPTION(6:FileNotFoundException): Cannot locate resource ecslDark.bmp in resource group Popular or any other group. in ResourceGroupManager::openResource at /build/ogre-1.9-mqY1wq/ogre-1.9-1.9.0+dfsg1/OgreMain/src/OgreResourceGroupManager.cpp (line 756)
13:07:21: Error loading texture ecslDark.bmp. Texture layer will be blank. Loading the texture failed with the following exception: OGRE EXCEPTION(6:FileNotFoundException): Cannot locate resource ecslDark.bmp in resource group Popular or any other group. in ResourceGroupManager::openResource at /build/ogre-1.9-mqY1wq/ogre-1.9-1.9.0+dfsg1/OgreMain/src/OgreResourceGroupManager.cpp (line 756)
13:07:21: OGRE EXCEPTION(6:FileNotFoundException): Cannot locate resource ecslDark.bmp in resource group Popular or any other group. in ResourceGroupManager::openResource at /build/ogre-1.9-mqY1wq/ogre-1.9-1.9.0+dfsg1/OgreMain/src/OgreResourceGroupManager.cpp (line 756)
13:07:21: Error loading texture ecslDark.bmp. Texture layer will be blank. Loading the texture failed with the following exception: OGRE EXCEPTION(6:FileNotFoundException): Cannot locate resource ecslDark.bmp in resource group Popular or any other group. in ResourceGroupManager::openResource at /build/ogre-1.9-mqY1wq/ogre-1.9-1.9.0+dfsg1/OgreMain/src/OgreResourceGroupManager.cpp (line 756)
13:07:21: OGRE EXCEPTION(6:FileNotFoundException): Cannot locate resource ecslDark.bmp in resource group Popular or any other group. in ResourceGroupManager::openResource at /build/ogre-1.9-mqY1wq/ogre-1.9-1.9.0+dfsg1/OgreMain/src/OgreResourceGroupManager.cpp (line 756)
13:07:21: Error loading texture ecslDark.bmp. Texture layer will be blank. Loading the texture failed with the following exception: OGRE EXCEPTION(6:FileNotFoundException): Cannot locate resource ecslDark.bmp in resource group Popular or any other group. in ResourceGroupManager::openResource at /build/ogre-1.9-mqY1wq/ogre-1.9-1.9.0+dfsg1/OgreMain/src/OgreResourceGroupManager.cpp (line 756)
13:07:21: OGRE EXCEPTION(6:FileNotFoundException): Cannot locate resource ecslDark.bmp in resource group Popular or any other group. in ResourceGroupManager::openResource at /build/ogre-1.9-mqY1wq/ogre-1.9-1.9.0+dfsg1/OgreMain/src/OgreResourceGroupManager.cpp (line 756)
13:07:21: Error loading texture ecslDark.bmp. Texture layer will be blank. Loading the texture failed with the following exception: OGRE EXCEPTION(6:FileNotFoundException): Cannot locate resource ecslDark.bmp in resource group Popular or any other group. in ResourceGroupManager::openResource at /build/ogre-1.9-mqY1wq/ogre-1.9-1.9.0+dfsg1/OgreMain/src/OgreResourceGroupManager.cpp (line 756)
13:07:21: OGRE EXCEPTION(6:FileNotFoundException): Cannot locate resource ecslDark.bmp in resource group Popular or any other group. in ResourceGroupManager::openResource at /build/ogre-1.9-mqY1wq/ogre-1.9-1.9.0+dfsg1/OgreMain/src/OgreResourceGroupManager.cpp (line 756)
13:07:21: Error loading texture ecslDark.bmp. Texture layer will be blank. Loading the texture failed with the following exception: OGRE EXCEPTION(6:FileNotFoundException): Cannot locate resource ecslDark.bmp in resource group Popular or any other group. in ResourceGroupManager::openResource at /build/ogre-1.9-mqY1wq/ogre-1.9-1.9.0+dfsg1/OgreMain/src/OgreResourceGroupManager.cpp (line 756)
13:07:21: Mesh: Loading cigarette.mesh.
13:07:21: WARNING: cigarette.mesh is an older format ([MeshSerializer_v1.40]); you should upgrade it as soon as possible using the OgreMeshUpgrade tool.
13:07:21: OGRE EXCEPTION(6:FileNotFoundException): Cannot locate resource ecslHorizontal.bmp in resource group Popular or any other group. in ResourceGroupManager::openResource at /build/ogre-1.9-mqY1wq/ogre-1.9-1.9.0+dfsg1/OgreMain/src/OgreResourceGroupManager.cpp (line 756)
13:07:21: Error loading texture ecslHorizontal.bmp. Texture layer will be blank. Loading the texture failed with the following exception: OGRE EXCEPTION(6:FileNotFoundException): Cannot locate resource ecslHorizontal.bmp in resource group Popular or any other group. in ResourceGroupManager::openResource at /build/ogre-1.9-mqY1wq/ogre-1.9-1.9.0+dfsg1/OgreMain/src/OgreResourceGroupManager.cpp (line 756)
13:07:21: Mesh: Loading sleek.mesh.
13:07:21: WARNING: sleek.mesh is an older format ([MeshSerializer_v1.40]); you should upgrade it as soon as possible using the OgreMeshUpgrade tool.
13:07:21: OGRE EXCEPTION(6:FileNotFoundException): Cannot locate resource ecsl.bmp in resource group Popular or any other group. in ResourceGroupManager::openResource at /build/ogre-1.9-mqY1wq/ogre-1.9-1.9.0+dfsg1/OgreMain/src/OgreResourceGroupManager.cpp (line 756)
13:07:21: Error loading texture ecsl.bmp. Texture layer will be blank. Loading the texture failed with the following exception: OGRE EXCEPTION(6:FileNotFoundException): Cannot locate resource ecsl.bmp in resource group Popular or any other group. in ResourceGroupManager::openResource at /build/ogre-1.9-mqY1wq/ogre-1.9-1.9.0+dfsg1/OgreMain/src/OgreResourceGroupManager.cpp (line 756)
13:07:21: OGRE EXCEPTION(6:FileNotFoundException): Cannot locate resource ecsl.bmp in resource group Popular or any other group. in ResourceGroupManager::openResource at /build/ogre-1.9-mqY1wq/ogre-1.9-1.9.0+dfsg1/OgreMain/src/OgreResourceGroupManager.cpp (line 756)
13:07:21: Error loading texture ecsl.bmp. Texture layer will be blank. Loading the texture failed with the following exception: OGRE EXCEPTION(6:FileNotFoundException): Cannot locate resource ecsl.bmp in resource group Popular or any other group. in ResourceGroupManager::openResource at /build/ogre-1.9-mqY1wq/ogre-1.9-1.9.0+dfsg1/OgreMain/src/OgreResourceGroupManager.cpp (line 756)
13:07:21: OGRE EXCEPTION(6:FileNotFoundException): Cannot locate resource ecsl.bmp in resource group Popular or any other group. in ResourceGroupManager::openResource at /build/ogre-1.9-mqY1wq/ogre-1.9-1.9.0+dfsg1/OgreMain/src/OgreResourceGroupManager.cpp (line 756)
13:07:21: Error loading texture ecsl.bmp. Texture layer will be blank. Loading the texture failed with the following exception: OGRE EXCEPTION(6:FileNotFoundException): Cannot locate resource ecsl.bmp in resource group Popular or any other group. in ResourceGroupManager::openResource at /build/ogre-1.9-mqY1wq/ogre-1.9-1.9.0+dfsg1/OgreMain/src/OgreResourceGroupManager.cpp (line 756)
13:07:21: OGRE EXCEPTION(6:FileNotFoundException): Cannot locate resource ecsl.bmp in resource group Popular or any other group. in ResourceGroupManager::openResource at /build/ogre-1.9-mqY1wq/ogre-1.9-1.9.0+dfsg1/OgreMain/src/OgreResourceGroupManager.cpp (line 756)
13:07:21: Error loading texture ecsl.bmp. Texture layer will be blank. Loading the texture failed with the following exception: OGRE EXCEPTION(6:FileNotFoundException): Cannot locate resource ecsl.bmp in resource group Popular or any other group. in ResourceGroupManager::openResource at /build/ogre-1.9-mqY1wq/ogre-1.9-1.9.0+dfsg1/OgreMain/src/OgreResourceGroupManager.cpp (line 756)
13:07:21: OGRE EXCEPTION(6:FileNotFoundException): Cannot locate resource ecsl.bmp in resource group Popular or any other group. in ResourceGroupManager::openResource at /build/ogre-1.9-mqY1wq/ogre-1.9-1.9.0+dfsg1/OgreMain/src/OgreResourceGroupManager.cpp (line 756)
13:07:21: Error loading texture ecsl.bmp. Texture layer will be blank. Loading the texture failed with the following exception: OGRE EXCEPTION(6:FileNotFoundException): Cannot locate resource ecsl.bmp in resource group Popular or any other group. in ResourceGroupManager::openResource at /build/ogre-1.9-mqY1wq/ogre-1.9-1.9.0+dfsg1/OgreMain/src/OgreResourceGroupManager.cpp (line 756)
13:07:21: OGRE EXCEPTION(6:FileNotFoundException): Cannot locate resource ecsl.bmp in resource group Popular or any other group. in ResourceGroupManager::openResource at /build/ogre-1.9-mqY1wq/ogre-1.9-1.9.0+dfsg1/OgreMain/src/OgreResourceGroupManager.cpp (line 756)
13:07:21: Error loading texture ecsl.bmp. Texture layer will be blank. Loading the texture failed with the following exception: OGRE EXCEPTION(6:FileNotFoundException): Cannot locate resource ecsl.bmp in resource group Popular or any other group. in ResourceGroupManager::openResource at /build/ogre-1.9-mqY1wq/ogre-1.9-1.9.0+dfsg1/OgreMain/src/OgreResourceGroupManager.cpp (line 756)
13:07:21: OGRE EXCEPTION(6:FileNotFoundException): Cannot locate resource ecsl.bmp in resource group Popular or any other group. in ResourceGroupManager::openResource at /build/ogre-1.9-mqY1wq/ogre-1.9-1.9.0+dfsg1/OgreMain/src/OgreResourceGroupManager.cpp (line 756)
13:07:21: Error loading texture ecsl.bmp. Texture layer will be blank. Loading the texture failed with the following exception: OGRE EXCEPTION(6:FileNotFoundException): Cannot locate resource ecsl.bmp in resource group Popular or any other group. in ResourceGroupManager::openResource at /build/ogre-1.9-mqY1wq/ogre-1.9-1.9.0+dfsg1/OgreMain/src/OgreResourceGroupManager.cpp (line 756)
13:07:21: OGRE EXCEPTION(6:FileNotFoundException): Cannot locate resource ecsl.bmp in resource group Popular or any other group. in ResourceGroupManager::openResource at /build/ogre-1.9-mqY1wq/ogre-1.9-1.9.0+dfsg1/OgreMain/src/OgreResourceGroupManager.cpp (line 756)
13:07:21: Error loading texture ecsl.bmp. Texture layer will be blank. Loading the texture failed with the following exception: OGRE EXCEPTION(6:FileNotFoundException): Cannot locate resource ecsl.bmp in resource group Popular or any other group. in ResourceGroupManager::openResource at /build/ogre-1.9-mqY1wq/ogre-1.9-1.9.0+dfsg1/OgreMain/src/OgreResourceGroupManager.cpp (line 756)
13:07:21: OGRE EXCEPTION(6:FileNotFoundException): Cannot locate resource ecsl.bmp in resource group Popular or any other group. in ResourceGroupManager::openResource at /build/ogre-1.9-mqY1wq/ogre-1.9-1.9.0+dfsg1/OgreMain/src/OgreResourceGroupManager.cpp (line 756)
13:07:21: Error loading texture ecsl.bmp. Texture layer will be blank. Loading the texture failed with the following exception: OGRE EXCEPTION(6:FileNotFoundException): Cannot locate resource ecsl.bmp in resource group Popular or any other group. in ResourceGroupManager::openResource at /build/ogre-1.9-mqY1wq/ogre-1.9-1.9.0+dfsg1/OgreMain/src/OgreResourceGroupManager.cpp (line 756)
13:07:21: OGRE EXCEPTION(6:FileNotFoundException): Cannot locate resource ecsl.bmp in resource group Popular or any other group. in ResourceGroupManager::openResource at /build/ogre-1.9-mqY1wq/ogre-1.9-1.9.0+dfsg1/OgreMain/src/OgreResourceGroupManager.cpp (line 756)
13:07:21: Error loading texture ecsl.bmp. Texture layer will be blank. Loading the texture failed with the following exception: OGRE EXCEPTION(6:FileNotFoundException): Cannot locate resource ecsl.bmp in resource group Popular or any other group. in ResourceGroupManager::openResource at /build/ogre-1.9-mqY1wq/ogre-1.9-1.9.0+dfsg1/OgreMain/src/OgreResourceGroupManager.cpp (line 756)
13:07:21: OGRE EXCEPTION(6:FileNotFoundException): Cannot locate resource ecsl.bmp in resource group Popular or any other group. in ResourceGroupManager::openResource at /build/ogre-1.9-mqY1wq/ogre-1.9-1.9.0+dfsg1/OgreMain/src/OgreResourceGroupManager.cpp (line 756)
13:07:21: Error loading texture ecsl.bmp. Texture layer will be blank. Loading the texture failed with the following exception: OGRE EXCEPTION(6:FileNotFoundException): Cannot locate resource ecsl.bmp in resource group Popular or any other group. in ResourceGroupManager::openResource at /build/ogre-1.9-mqY1wq/ogre-1.9-1.9.0+dfsg1/OgreMain/src/OgreResourceGroupManager.cpp (line 756)
13:07:21: Mesh: Loading alienship.mesh.
13:07:21: WARNING: alienship.mesh is an older format ([MeshSerializer_v1.40]); you should upgrade it as soon as possible using the OgreMeshUpgrade tool.
13:07:21: OGRE EXCEPTION(6:FileNotFoundException): Cannot locate resource ALM07.JPG in resource group Popular or any other group. in ResourceGroupManager::openResource at /build/ogre-1.9-mqY1wq/ogre-1.9-1.9.0+dfsg1/OgreMain/src/OgreResourceGroupManager.cpp (line 756)
13:07:21: Error loading texture ALM07.JPG. Texture layer will be blank. Loading the texture failed with the following exception: OGRE EXCEPTION(6:FileNotFoundException): Cannot locate resource ALM07.JPG in resource group Popular or any other group. in ResourceGroupManager::openResource at /build/ogre-1.9-mqY1wq/ogre-1.9-1.9.0+dfsg1/OgreMain/src/OgreResourceGroupManager.cpp (line 756)
13:07:21: Texture: waves2.dds: Loading 1 faces(PF_A8R8G8B8,256x256x1) with 5 hardware generated mipmaps from Image. Internal format is PF_A8R8G8B8,256x256x1.
13:07:21: Texture: morning.jpg: Loading 6 faces(PF_R8G8B8,512x512x1) with 5 hardware generated mipmaps from multiple Images. Internal format is PF_X8R8G8B8,512x512x1.
13:07:21: Texture: morning_fr.jpg: Loading 1 faces(PF_R8G8B8,512x512x1) with 5 hardware generated mipmaps from Image. Internal format is PF_X8R8G8B8,512x512x1.
13:07:21: Texture: morning_bk.jpg: Loading 1 faces(PF_R8G8B8,512x512x1) with 5 hardware generated mipmaps from Image. Internal format is PF_X8R8G8B8,512x512x1.
13:07:21: Texture: morning_lf.jpg: Loading 1 faces(PF_R8G8B8,512x512x1) with 5 hardware generated mipmaps from Image. Internal format is PF_X8R8G8B8,512x512x1.
13:07:21: Texture: morning_rt.jpg: Loading 1 faces(PF_R8G8B8,512x512x1) with 5 hardware generated mipmaps from Image. Internal format is PF_X8R8G8B8,512x512x1.
13:07:21: Texture: morning_up.jpg: Loading 1 faces(PF_R8G8B8,512x512x1) with 5 hardware generated mipmaps from Image. Internal format is PF_X8R8G8B8,512x512x1.
13:07:21: Texture: morning_dn.jpg: Loading 1 faces(PF_R8G8B8,512x512x1) with 5 hardware generated mipmaps from Image. Internal format is PF_X8R8G8B8,512x512x1.
13:07:21: *** Initializing OIS ***
13:07:21: Font SdkTrays/Caption using texture size 512x256
13:07:21: Info: Freetype returned null for character 160 in font SdkTrays/Caption
13:07:21: Texture: SdkTrays/CaptionTexture: Loading 1 faces(PF_BYTE_LA,512x256x1) Internal format is PF_BYTE_LA,512x256x1.
13:07:21: Font SdkTrays/Value using texture size 512x256
13:07:21: Info: Freetype returned null for character 127 in font SdkTrays/Value
13:07:21: Info: Freetype returned null for character 128 in font SdkTrays/Value
13:07:21: Info: Freetype returned null for character 129 in font SdkTrays/Value
13:07:21: Info: Freetype returned null for character 130 in font SdkTrays/Value
13:07:21: Info: Freetype returned null for character 131 in font SdkTrays/Value
13:07:21: Info: Freetype returned null for character 132 in font SdkTrays/Value
13:07:21: Info: Freetype returned null for character 133 in font SdkTrays/Value
13:07:21: Info: Freetype returned null for character 134 in font SdkTrays/Value
13:07:21: Info: Freetype returned null for character 135 in font SdkTrays/Value
13:07:21: Info: Freetype returned null for character 136 in font SdkTrays/Value
13:07:21: Info: Freetype returned null for character 137 in font SdkTrays/Value
13:07:21: Info: Freetype returned null for character 138 in font SdkTrays/Value
13:07:21: Info: Freetype returned null for character 139 in font SdkTrays/Value
13:07:21: Info: Freetype returned null for character 140 in font SdkTrays/Value
13:07:21: Info: Freetype returned null for character 141 in font SdkTrays/Value
13:07:21: Info: Freetype returned null for character 142 in font SdkTrays/Value
13:07:21: Info: Freetype returned null for character 143 in font SdkTrays/Value
13:07:21: Info: Freetype returned null for character 144 in font SdkTrays/Value
13:07:21: Info: Freetype returned null for character 145 in font SdkTrays/Value
13:07:21: Info: Freetype returned null for character 146 in font SdkTrays/Value
13:07:21: Info: Freetype returned null for character 147 in font SdkTrays/Value
13:07:21: Info: Freetype returned null for character 148 in font SdkTrays/Value
13:07:21: Info: Freetype returned null for character 149 in font SdkTrays/Value
13:07:21: Info: Freetype returned null for character 150 in font SdkTrays/Value
13:07:21: Info: Freetype returned null for character 151 in font SdkTrays/Value
13:07:21: Info: Freetype returned null for character 152 in font SdkTrays/Value
13:07:21: Info: Freetype returned null for character 153 in font SdkTrays/Value
13:07:21: Info: Freetype returned null for character 154 in font SdkTrays/Value
13:07:21: Info: Freetype returned null for character 155 in font SdkTrays/Value
13:07:21: Info: Freetype returned null for character 156 in font SdkTrays/Value
13:07:21: Info: Freetype returned null for character 157 in font SdkTrays/Value
13:07:21: Info: Freetype returned null for character 158 in font SdkTrays/Value
13:07:21: Info: Freetype returned null for character 159 in font SdkTrays/Value
13:07:21: Info: Freetype returned null for character 160 in font SdkTrays/Value
13:07:21: Texture: SdkTrays/ValueTexture: Loading 1 faces(PF_BYTE_LA,512x256x1) Internal format is PF_BYTE_LA,512x256x1.
13:09:02: Unregistering ResourceManager for type Font
13:09:02: DefaultWorkQueue('Root') shutting down on thread 7f3abff53800.
13:09:02: DefaultWorkQueue('Root')::WorkerFunc - thread 7f3aad797700 stopped.
13:09:02: DefaultWorkQueue('Root')::WorkerFunc - thread 7f3aadf98700 stopped.
13:09:02: DefaultWorkQueue('Root')::WorkerFunc - thread 7f3aa4f96700 stopped.
13:09:02: DefaultWorkQueue('Root')::WorkerFunc - thread 7f3aa7fff700 stopped.
13:09:02: DefaultWorkQueue('Root')::WorkerFunc - thread 7f3aa6ffd700 stopped.
13:09:02: DefaultWorkQueue('Root')::WorkerFunc - thread 7f3aa67fc700 stopped.
13:09:02: DefaultWorkQueue('Root')::WorkerFunc - thread 7f3aa77fe700 stopped.
13:09:02: DefaultWorkQueue('Root')::WorkerFunc - thread 7f3aacf96700 stopped.
13:09:02: PCZone Factory Type 'ZoneType_Octree' unregistered
13:09:02: Unregistering ResourceManager for type BspLevel
13:09:02: *-*-* OGRE Shutdown
13:09:02: Unregistering ResourceManager for type Compositor
13:09:02: Unregistering ResourceManager for type Skeleton
13:09:02: Unregistering ResourceManager for type Mesh
13:09:02: Unregistering ResourceManager for type HighLevelGpuProgram
13:09:02: Uninstalling plugin: Octree Scene Manager
13:09:02: Plugin successfully uninstalled
13:09:02: Unloading library /usr/local/lib/OGRE/Plugin_OctreeSceneManager
13:09:02: Uninstalling plugin: Octree Zone Factory
13:09:02: Plugin successfully uninstalled
13:09:02: Unloading library /usr/local/lib/OGRE/Plugin_OctreeZone
13:09:02: Uninstalling plugin: Portal Connected Zone Scene Manager
13:09:02: Plugin successfully uninstalled
13:09:02: Unloading library /usr/local/lib/OGRE/Plugin_PCZSceneManager
13:09:02: Uninstalling plugin: Cg Program Manager
13:09:02: Plugin successfully uninstalled
13:09:02: Unloading library /usr/local/lib/OGRE/Plugin_CgProgramManager
13:09:02: Uninstalling plugin: BSP Scene Manager
13:09:02: Plugin successfully uninstalled
13:09:02: Unloading library /usr/local/lib/OGRE/Plugin_BSPSceneManager
13:09:02: Uninstalling plugin: ParticleFX
13:09:02: Plugin successfully uninstalled
13:09:02: Unloading library /usr/local/lib/OGRE/Plugin_ParticleFX
13:09:02: Uninstalling plugin: GL RenderSystem
13:09:02: Unregistering ResourceManager for type GpuProgram
13:09:02: ******************************
*** Stopping GLX Subsystem ***
******************************
13:09:02: Unregistering ResourceManager for type Texture
13:09:02: Plugin successfully uninstalled
13:09:02: Unloading library /usr/local/lib/OGRE/RenderSystem_GL
13:09:02: Unregistering ResourceManager for type Material
