23:32:02: Creating resource group General
23:32:02: Creating resource group Internal
23:32:02: Creating resource group Autodetect
23:32:02: SceneManagerFactory for type 'DefaultSceneManager' registered.
23:32:02: Registering ResourceManager for type Material
23:32:02: Registering ResourceManager for type Mesh
23:32:02: Registering ResourceManager for type Skeleton
23:32:02: MovableObjectFactory for type 'ParticleSystem' registered.
23:32:02: ArchiveFactory for archive type FileSystem registered.
23:32:02: ArchiveFactory for archive type Zip registered.
23:32:02: ArchiveFactory for archive type EmbeddedZip registered.
23:32:02: DDS codec registering
23:32:02: FreeImage version: 3.17.0
23:32:02: This program uses FreeImage, a free, open source image library supporting all common bitmap formats. See http://freeimage.sourceforge.net for details
23:32:02: Supported formats: bmp,ico,jpg,jif,jpeg,jpe,jng,koa,iff,lbm,mng,pbm,pbm,pcd,pcx,pgm,pgm,png,ppm,ppm,ras,tga,targa,tif,tiff,wap,wbmp,wbm,psd,cut,xbm,xpm,gif,hdr,sgi,rgb,rgba,bw,exr,j2k,j2c,jp2,pfm,pct,pict,pic,3fr,arw,bay,bmq,cap,cine,cr2,crw,cs1,dc2,dcr,drf,dsc,dng,erf,fff,ia,iiq,k25,kc2,kdc,mdc,mef,mos,mrw,nef,nrw,orf,pef,ptx,pxn,qtk,raf,raw,rdc,rw2,rwl,rwz,sr2,srf,srw,sti,x3f,webp,jxr,wdp,hdp
23:32:02: Registering ResourceManager for type HighLevelGpuProgram
23:32:02: Registering ResourceManager for type Compositor
23:32:02: MovableObjectFactory for type 'Entity' registered.
23:32:02: MovableObjectFactory for type 'Light' registered.
23:32:02: MovableObjectFactory for type 'BillboardSet' registered.
23:32:02: MovableObjectFactory for type 'ManualObject' registered.
23:32:02: MovableObjectFactory for type 'BillboardChain' registered.
23:32:02: MovableObjectFactory for type 'RibbonTrail' registered.
23:32:02: Loading library /usr/local/lib/OGRE/RenderSystem_GL
23:32:02: Installing plugin: GL RenderSystem
23:32:02: OpenGL Rendering Subsystem created.
23:32:02: Plugin successfully installed
23:32:02: Loading library /usr/local/lib/OGRE/Plugin_ParticleFX
23:32:02: Installing plugin: ParticleFX
23:32:02: Particle Emitter Type 'Point' registered
23:32:02: Particle Emitter Type 'Box' registered
23:32:02: Particle Emitter Type 'Ellipsoid' registered
23:32:02: Particle Emitter Type 'Cylinder' registered
23:32:02: Particle Emitter Type 'Ring' registered
23:32:02: Particle Emitter Type 'HollowEllipsoid' registered
23:32:02: Particle Affector Type 'LinearForce' registered
23:32:02: Particle Affector Type 'ColourFader' registered
23:32:02: Particle Affector Type 'ColourFader2' registered
23:32:02: Particle Affector Type 'ColourImage' registered
23:32:02: Particle Affector Type 'ColourInterpolator' registered
23:32:02: Particle Affector Type 'Scaler' registered
23:32:02: Particle Affector Type 'Rotator' registered
23:32:02: Particle Affector Type 'DirectionRandomiser' registered
23:32:02: Particle Affector Type 'DeflectorPlane' registered
23:32:02: Plugin successfully installed
23:32:02: Loading library /usr/local/lib/OGRE/Plugin_BSPSceneManager
23:32:02: Installing plugin: BSP Scene Manager
23:32:02: Plugin successfully installed
23:32:02: Loading library /usr/local/lib/OGRE/Plugin_CgProgramManager
23:32:02: Installing plugin: Cg Program Manager
23:32:02: Plugin successfully installed
23:32:02: Loading library /usr/local/lib/OGRE/Plugin_PCZSceneManager
23:32:02: Installing plugin: Portal Connected Zone Scene Manager
23:32:02: PCZone Factory Type 'ZoneType_Default' registered
23:32:02: Plugin successfully installed
23:32:02: Loading library /usr/local/lib/OGRE/Plugin_OctreeZone
23:32:02: Installing plugin: Octree Zone Factory
23:32:02: Plugin successfully installed
23:32:02: Loading library /usr/local/lib/OGRE/Plugin_OctreeSceneManager
23:32:02: Installing plugin: Octree Scene Manager
23:32:02: Plugin successfully installed
23:32:02: *-*-* OGRE Initialising
23:32:02: *-*-* Version 1.9.0 (Ghadamon)
23:32:02: Added resource location '/usr/local/share/OGRE/Media/thumbnails' of type 'FileSystem' to resource group 'General'
23:32:02: Added resource location '../FE3D/data/material/programs' of type 'FileSystem' to resource group 'General'
23:32:02: Added resource location '../FE3D/data/material/scripts' of type 'FileSystem' to resource group 'General'
23:32:02: Added resource location '../FE3D/data/material/textures' of type 'FileSystem' to resource group 'General'
23:32:02: Added resource location '../FE3D/data/meshes' of type 'FileSystem' to resource group 'General'
23:32:02: Added resource location '../FE3D/data/watercraft/material/maps' of type 'FileSystem' to resource group 'General'
23:32:02: Added resource location '../FE3D/data/watercraft/material/scripts' of type 'FileSystem' to resource group 'General'
23:32:02: Added resource location '../FE3D/data/watercraft/material/textures' of type 'FileSystem' to resource group 'General'
23:32:02: Added resource location '../FE3D/data/watercraft/meshes' of type 'FileSystem' to resource group 'General'
23:32:02: Added resource location '../FE3D/data/watercraft/terrain' of type 'FileSystem' to resource group 'General'
23:32:02: Added resource location '/usr/local/share/OGRE/Media/packs/SdkTrays.zip' of type 'Zip' to resource group 'General'
23:32:02: Added resource location '/usr/local/share/OGRE/Media/packs/profiler.zip' of type 'Zip' to resource group 'General'
23:32:02: Added resource location '/usr/local/share/OGRE/Media' of type 'FileSystem' to resource group 'General'
23:32:02: Added resource location 'materials' of type 'FileSystem' to resource group 'General'
23:32:02: Added resource location '/usr/local/share/OGRE/Media/fonts' of type 'FileSystem' to resource group 'General'
23:32:02: Added resource location '/usr/local/share/OGRE/Media/materials/programs' of type 'FileSystem' to resource group 'General'
23:32:02: Added resource location '/usr/local/share/OGRE/Media/materials/programs/Cg' of type 'FileSystem' to resource group 'General'
23:32:02: Added resource location '/usr/local/share/OGRE/Media/materials/programs/GLSL' of type 'FileSystem' to resource group 'General'
23:32:02: Added resource location '/usr/local/share/OGRE/Media/materials/programs/GLSL400' of type 'FileSystem' to resource group 'General'
23:32:02: Added resource location '/usr/local/share/OGRE/Media/materials/programs/HLSL' of type 'FileSystem' to resource group 'General'
23:32:02: Added resource location '/usr/local/share/OGRE/Media/materials/programs/HLSL_Cg' of type 'FileSystem' to resource group 'General'
23:32:02: Added resource location '/usr/local/share/OGRE/Media/materials/scripts' of type 'FileSystem' to resource group 'General'
23:32:02: Added resource location '/usr/local/share/OGRE/Media/materials/textures' of type 'FileSystem' to resource group 'General'
23:32:02: Added resource location '/usr/local/share/OGRE/Media/materials/textures/nvidia' of type 'FileSystem' to resource group 'General'
23:32:02: Added resource location '/usr/local/share/OGRE/Media/models' of type 'FileSystem' to resource group 'General'
23:32:02: Added resource location '/usr/local/share/OGRE/Media/particle' of type 'FileSystem' to resource group 'General'
23:32:02: Added resource location '/usr/local/share/OGRE/Media/DeferredShadingMedia' of type 'FileSystem' to resource group 'General'
23:32:02: Added resource location '/usr/local/share/OGRE/Media/PCZAppMedia' of type 'FileSystem' to resource group 'General'
23:32:02: Added resource location '/usr/local/share/OGRE/Media/RTShaderLib' of type 'FileSystem' to resource group 'General'
23:32:02: Added resource location '/usr/local/share/OGRE/Media/RTShaderLib/GLSL' of type 'FileSystem' to resource group 'General'
23:32:02: Added resource location '/usr/local/share/OGRE/Media/RTShaderLib/HLSL_Cg' of type 'FileSystem' to resource group 'General'
23:32:02: Added resource location '/usr/local/share/OGRE/Media/RTShaderLib/materials' of type 'FileSystem' to resource group 'General'
23:32:02: Added resource location '/usr/local/share/OGRE/Media/materials/scripts/SSAO' of type 'FileSystem' to resource group 'General'
23:32:02: Added resource location '/usr/local/share/OGRE/Media/materials/textures/SSAO' of type 'FileSystem' to resource group 'General'
23:32:02: Added resource location '/usr/local/share/OGRE/Media/volumeTerrain' of type 'FileSystem' to resource group 'General'
23:32:02: Added resource location '/usr/local/share/OGRE/Media/packs/cubemap.zip' of type 'Zip' to resource group 'General'
23:32:02: Added resource location '/usr/local/share/OGRE/Media/packs/cubemapsJS.zip' of type 'Zip' to resource group 'General'
23:32:02: Added resource location '/usr/local/share/OGRE/Media/packs/dragon.zip' of type 'Zip' to resource group 'General'
23:32:02: Added resource location '/usr/local/share/OGRE/Media/packs/fresneldemo.zip' of type 'Zip' to resource group 'General'
23:32:02: Added resource location '/usr/local/share/OGRE/Media/packs/ogretestmap.zip' of type 'Zip' to resource group 'General'
23:32:02: Added resource location '/usr/local/share/OGRE/Media/packs/ogredance.zip' of type 'Zip' to resource group 'General'
23:32:02: Added resource location '/usr/local/share/OGRE/Media/packs/Sinbad.zip' of type 'Zip' to resource group 'General'
23:32:02: Added resource location '/usr/local/share/OGRE/Media/packs/skybox.zip' of type 'Zip' to resource group 'General'
23:32:02: Added resource location '/usr/local/share/OGRE/Media/volumeTerrain/volumeTerrainBig.zip' of type 'Zip' to resource group 'General'
23:32:02: Added resource location '/usr/local/Tests/Media' of type 'FileSystem' to resource group 'General'
23:32:02: CPU Identifier & Features
23:32:02: -------------------------
23:32:02:  *   CPU ID: AuthenticAMD: AMD A8-6410 APU with AMD Radeon R5 Graphics
23:32:02:  *      SSE: yes
23:32:02:  *     SSE2: yes
23:32:02:  *     SSE3: yes
23:32:02:  *      MMX: yes
23:32:02:  *   MMXEXT: yes
23:32:02:  *    3DNOW: no
23:32:02:  * 3DNOWEXT: no
23:32:02:  *     CMOV: yes
23:32:02:  *      TSC: yes
23:32:02:  *      FPU: yes
23:32:02:  *      PRO: yes
23:32:02:  *       HT: no
23:32:02: -------------------------
23:32:02: ******************************
*** Starting GLX Subsystem ***
******************************
23:32:02: Registering ResourceManager for type Texture
23:32:02: GLRenderSystem::_createRenderWindow "381 Game Engine", 800x600 windowed  miscParams: FSAA=0 displayFrequency=60 Hz gamma=No vsync=No 
23:32:02: GLXWindow::create used FBConfigID = 297
23:32:02: GL_VERSION = 3.0 Mesa 12.0.6
23:32:02: GL_VENDOR = X.Org
23:32:02: GL_RENDERER = Gallium 0.4 on AMD MULLINS (DRM 2.43.0 / 4.4.0-70-generic, LLVM 3.8.0)
23:32:02: GL_EXTENSIONS = GL_ARB_multisample GL_EXT_abgr GL_EXT_bgra GL_EXT_blend_color GL_EXT_blend_minmax GL_EXT_blend_subtract GL_EXT_copy_texture GL_EXT_polygon_offset GL_EXT_subtexture GL_EXT_texture_object GL_EXT_vertex_array GL_EXT_compiled_vertex_array GL_EXT_texture GL_EXT_texture3D GL_IBM_rasterpos_clip GL_ARB_point_parameters GL_EXT_draw_range_elements GL_EXT_packed_pixels GL_EXT_point_parameters GL_EXT_rescale_normal GL_EXT_separate_specular_color GL_EXT_texture_edge_clamp GL_SGIS_generate_mipmap GL_SGIS_texture_border_clamp GL_SGIS_texture_edge_clamp GL_SGIS_texture_lod GL_ARB_framebuffer_sRGB GL_ARB_multitexture GL_EXT_framebuffer_sRGB GL_IBM_multimode_draw_arrays GL_IBM_texture_mirrored_repeat GL_ARB_texture_cube_map GL_ARB_texture_env_add GL_ARB_transpose_matrix GL_EXT_blend_func_separate GL_EXT_fog_coord GL_EXT_multi_draw_arrays GL_EXT_secondary_color GL_EXT_texture_env_add GL_EXT_texture_filter_anisotropic GL_EXT_texture_lod_bias GL_INGR_blend_func_separate GL_NV_blend_square GL_NV_light_max_exponent GL_NV_texgen_reflection GL_NV_texture_env_combine4 GL_S3_s3tc GL_SUN_multi_draw_arrays GL_ARB_texture_border_clamp GL_ARB_texture_compression GL_EXT_framebuffer_object GL_EXT_texture_compression_s3tc GL_EXT_texture_env_combine GL_EXT_texture_env_dot3 GL_MESA_window_pos GL_NV_packed_depth_stencil GL_NV_texture_rectangle GL_ARB_depth_texture GL_ARB_occlusion_query GL_ARB_shadow GL_ARB_texture_env_combine GL_ARB_texture_env_crossbar GL_ARB_texture_env_dot3 GL_ARB_texture_mirrored_repeat GL_ARB_window_pos GL_ATI_fragment_shader GL_EXT_stencil_two_side GL_EXT_texture_cube_map GL_NV_depth_clamp GL_NV_fog_distance GL_APPLE_packed_pixels GL_APPLE_vertex_array_object GL_ARB_draw_buffers GL_ARB_fragment_program GL_ARB_fragment_shader GL_ARB_shader_objects GL_ARB_vertex_program GL_ARB_vertex_shader GL_ATI_draw_buffers GL_ATI_texture_env_combine3 GL_ATI_texture_float GL_EXT_depth_bounds_test GL_EXT_shadow_funcs GL_EXT_stencil_wrap GL_MESA_pack_invert GL_NV_primitive_restart GL_ARB_depth_clamp GL_ARB_fragment_program_shadow GL_ARB_half_float_pixel GL_ARB_occlusion_query2 GL_ARB_point_sprite GL_ARB_shading_language_100 GL_ARB_sync GL_ARB_texture_non_power_of_two GL_ARB_vertex_buffer_object GL_ATI_blend_equation_separate GL_EXT_blend_equation_separate GL_OES_read_format GL_ARB_color_buffer_float GL_ARB_pixel_buffer_object GL_ARB_texture_compression_rgtc GL_ARB_texture_float GL_ARB_texture_rectangle GL_ATI_texture_compression_3dc GL_EXT_packed_float GL_EXT_pixel_buffer_object GL_EXT_texture_compression_dxt1 GL_EXT_texture_compression_rgtc GL_EXT_texture_mirror_clamp GL_EXT_texture_rectangle GL_EXT_texture_sRGB GL_EXT_texture_shared_exponent GL_ARB_framebuffer_object GL_EXT_framebuffer_blit GL_EXT_framebuffer_multisample GL_EXT_packed_depth_stencil GL_ARB_vertex_array_object GL_ATI_separate_stencil GL_ATI_texture_mirror_once GL_EXT_draw_buffers2 GL_EXT_draw_instanced GL_EXT_gpu_program_parameters GL_EXT_texture_array GL_EXT_texture_compression_latc GL_EXT_texture_integer GL_EXT_texture_sRGB_decode GL_EXT_timer_query GL_OES_EGL_image GL_AMD_performance_monitor GL_ARB_copy_buffer GL_ARB_depth_buffer_float GL_ARB_draw_instanced GL_ARB_half_float_vertex GL_ARB_instanced_arrays GL_ARB_map_buffer_range GL_ARB_texture_rg GL_ARB_texture_swizzle GL_ARB_vertex_array_bgra GL_EXT_texture_swizzle GL_EXT_vertex_array_bgra GL_NV_conditional_render GL_AMD_conservative_depth GL_AMD_draw_buffers_blend GL_AMD_seamless_cubemap_per_texture GL_AMD_shader_stencil_export GL_ARB_ES2_compatibility GL_ARB_blend_func_extended GL_ARB_debug_output GL_ARB_draw_buffers_blend GL_ARB_draw_elements_base_vertex GL_ARB_explicit_attrib_location GL_ARB_fragment_coord_conventions GL_ARB_provoking_vertex GL_ARB_sample_shading GL_ARB_sampler_objects GL_ARB_seamless_cube_map GL_ARB_shader_stencil_export GL_ARB_shader_texture_lod GL_ARB_texture_cube_map_array GL_ARB_texture_gather GL_ARB_texture_multisample GL_ARB_texture_query_lod GL_ARB_texture_rgb10_a2ui GL_ARB_uniform_buffer_object GL_ARB_vertex_type_2_10_10_10_rev GL_ATI_meminfo GL_EXT_provoking_vertex GL_EXT_texture_snorm GL_MESA_texture_signed_rgba GL_NV_texture_barrier GL_ARB_get_program_binary GL_ARB_robustness GL_ARB_separate_shader_objects GL_ARB_shader_bit_encoding GL_ARB_shader_precision GL_ARB_texture_compression_bptc GL_ARB_timer_query GL_ARB_transform_feedback2 GL_ARB_transform_feedback3 GL_NV_vdpau_interop GL_ANGLE_texture_compression_dxt3 GL_ANGLE_texture_compression_dxt5 GL_ARB_base_instance GL_ARB_compressed_texture_pixel_storage GL_ARB_conservative_depth GL_ARB_internalformat_query GL_ARB_map_buffer_alignment GL_ARB_shading_language_420pack GL_ARB_shading_language_packing GL_ARB_texture_storage GL_ARB_transform_feedback_instanced GL_EXT_framebuffer_multisample_blit_scaled GL_EXT_transform_feedback GL_AMD_shader_trinary_minmax GL_ARB_ES3_compatibility GL_ARB_arrays_of_arrays GL_ARB_clear_buffer_object GL_ARB_copy_image GL_ARB_explicit_uniform_location GL_ARB_framebuffer_no_attachments GL_ARB_invalidate_subdata GL_ARB_program_interface_query GL_ARB_robust_buffer_access_behavior GL_ARB_stencil_texturing GL_ARB_texture_query_levels GL_ARB_texture_storage_multisample GL_ARB_texture_view GL_ARB_vertex_attrib_binding GL_KHR_debug GL_AMD_pinned_memory GL_ARB_buffer_storage GL_ARB_internalformat_query2 GL_ARB_multi_bind GL_ARB_seamless_cubemap_per_texture GL_ARB_texture_mirror_clamp_to_edge GL_ARB_texture_stencil8 GL_ARB_vertex_type_10f_11f_11f_rev GL_EXT_shader_integer_mix GL_NVX_gpu_memory_info GL_ARB_clip_control GL_ARB_conditional_render_inverted GL_ARB_derivative_control GL_ARB_get_texture_sub_image GL_ARB_pipeline_statistics_query GL_ARB_shader_texture_image_samples GL_ARB_texture_barrier GL_EXT_polygon_offset_clamp GL_KHR_context_flush_control GL_KHR_robust_buffer_access_behavior 
23:32:02: Supported GLX extensions: GLX_ARB_create_context GLX_ARB_create_context_profile GLX_ARB_create_context_robustness GLX_ARB_fbconfig_float GLX_ARB_framebuffer_sRGB GLX_ARB_get_proc_address GLX_ARB_multisample GLX_EXT_import_context GLX_EXT_visual_info GLX_EXT_visual_rating GLX_EXT_fbconfig_packed_float GLX_EXT_framebuffer_sRGB GLX_EXT_create_context_es2_profile GLX_EXT_create_context_es_profile GLX_MESA_copy_sub_buffer GLX_MESA_multithread_makecurrent GLX_MESA_query_renderer GLX_MESA_swap_control GLX_OML_swap_method GLX_OML_sync_control GLX_SGI_make_current_read GLX_SGI_swap_control GLX_SGI_video_sync GLX_SGIS_multisample GLX_SGIX_fbconfig GLX_SGIX_pbuffer GLX_SGIX_visual_select_group GLX_EXT_texture_from_pixmap GLX_INTEL_swap_event 
23:32:02: ***************************
23:32:02: *** GL Renderer Started ***
23:32:02: ***************************
23:32:02: Registering ResourceManager for type GpuProgram
23:32:02: GLSL support detected
23:32:02: GL: Using GL_EXT_framebuffer_object for rendering to textures (best)
23:32:02: FBO PF_UNKNOWN depth/stencil support: D0S1 D0S4 D0S8 D0S16 D16S0 D24S0 D32S0 Packed-D24S8 
23:32:02: FBO PF_L8 depth/stencil support: D0S0 D0S1 D0S4 D0S8 D0S16 D16S0 D24S0 D32S0 Packed-D24S8 
23:32:02: FBO PF_L16 depth/stencil support: D0S0 D0S1 D0S4 D0S8 D0S16 D16S0 D24S0 D32S0 Packed-D24S8 
23:32:02: FBO PF_A8 depth/stencil support: D0S0 D0S1 D0S4 D0S8 D0S16 D16S0 D24S0 D32S0 Packed-D24S8 
23:32:02: FBO PF_A4L4 depth/stencil support: D0S0 D0S1 D0S4 D0S8 D0S16 D16S0 D24S0 D32S0 Packed-D24S8 
23:32:02: FBO PF_BYTE_LA depth/stencil support: D0S0 D0S1 D0S4 D0S8 D0S16 D16S0 D24S0 D32S0 Packed-D24S8 
23:32:02: FBO PF_R5G6B5 depth/stencil support: D0S0 D0S1 D0S4 D0S8 D0S16 D16S0 D24S0 D32S0 Packed-D24S8 
23:32:02: FBO PF_B5G6R5 depth/stencil support: D0S0 D0S1 D0S4 D0S8 D0S16 D16S0 D24S0 D32S0 Packed-D24S8 
23:32:02: FBO PF_A4R4G4B4 depth/stencil support: D0S0 D0S1 D0S4 D0S8 D0S16 D16S0 D24S0 D32S0 Packed-D24S8 
23:32:03: FBO PF_A1R5G5B5 depth/stencil support: D0S0 D0S1 D0S4 D0S8 D0S16 D16S0 D24S0 D32S0 Packed-D24S8 
23:32:03: FBO PF_R8G8B8 depth/stencil support: D0S0 D0S1 D0S4 D0S8 D0S16 D16S0 D24S0 D32S0 Packed-D24S8 
23:32:03: FBO PF_B8G8R8 depth/stencil support: D0S0 D0S1 D0S4 D0S8 D0S16 D16S0 D24S0 D32S0 Packed-D24S8 
23:32:03: FBO PF_A8R8G8B8 depth/stencil support: D0S0 D0S1 D0S4 D0S8 D0S16 D16S0 D24S0 D32S0 Packed-D24S8 
23:32:03: FBO PF_B8G8R8A8 depth/stencil support: D0S0 D0S1 D0S4 D0S8 D0S16 D16S0 D24S0 D32S0 Packed-D24S8 
23:32:03: FBO PF_A2R10G10B10 depth/stencil support: D0S0 D0S1 D0S4 D0S8 D0S16 D16S0 D24S0 D32S0 Packed-D24S8 
23:32:03: FBO PF_A2B10G10R10 depth/stencil support: D0S0 D0S1 D0S4 D0S8 D0S16 D16S0 D24S0 D32S0 Packed-D24S8 
23:32:03: FBO PF_FLOAT16_RGB depth/stencil support: D0S0 D0S1 D0S4 D0S8 D0S16 D16S0 D24S0 D32S0 Packed-D24S8 
23:32:03: FBO PF_FLOAT16_RGBA depth/stencil support: D0S0 D0S1 D0S4 D0S8 D0S16 D16S0 D24S0 D32S0 Packed-D24S8 
23:32:03: FBO PF_FLOAT32_RGB depth/stencil support: D0S0 D0S1 D0S4 D0S8 D0S16 D16S0 D24S0 D32S0 Packed-D24S8 
23:32:03: FBO PF_FLOAT32_RGBA depth/stencil support: D0S0 D0S1 D0S4 D0S8 D0S16 D16S0 D24S0 D32S0 Packed-D24S8 
23:32:03: FBO PF_X8R8G8B8 depth/stencil support: D0S0 D0S1 D0S4 D0S8 D0S16 D16S0 D24S0 D32S0 Packed-D24S8 
23:32:03: FBO PF_X8B8G8R8 depth/stencil support: D0S0 D0S1 D0S4 D0S8 D0S16 D16S0 D24S0 D32S0 Packed-D24S8 
23:32:03: FBO PF_SHORT_RGBA depth/stencil support: D0S0 D0S1 D0S4 D0S8 D0S16 D16S0 D24S0 D32S0 Packed-D24S8 
23:32:03: FBO PF_R3G3B2 depth/stencil support: D0S0 D0S1 D0S4 D0S8 D0S16 D16S0 D24S0 D32S0 Packed-D24S8 
23:32:03: FBO PF_FLOAT16_R depth/stencil support: D0S0 D0S1 D0S4 D0S8 D0S16 D16S0 D24S0 D32S0 Packed-D24S8 
23:32:03: FBO PF_FLOAT32_R depth/stencil support: D0S0 D0S1 D0S4 D0S8 D0S16 D16S0 D24S0 D32S0 Packed-D24S8 
23:32:03: FBO PF_SHORT_GR depth/stencil support: D0S0 D0S1 D0S4 D0S8 D0S16 D16S0 D24S0 D32S0 Packed-D24S8 
23:32:03: FBO PF_FLOAT16_GR depth/stencil support: D0S0 D0S1 D0S4 D0S8 D0S16 D16S0 D24S0 D32S0 Packed-D24S8 
23:32:03: FBO PF_FLOAT32_GR depth/stencil support: D0S0 D0S1 D0S4 D0S8 D0S16 D16S0 D24S0 D32S0 Packed-D24S8 
23:32:03: FBO PF_SHORT_RGB depth/stencil support: D0S0 D0S1 D0S4 D0S8 D0S16 D16S0 D24S0 D32S0 Packed-D24S8 
23:32:03: [GL] : Valid FBO targets PF_UNKNOWN PF_L8 PF_L16 PF_A8 PF_A4L4 PF_BYTE_LA PF_R5G6B5 PF_B5G6R5 PF_A4R4G4B4 PF_A1R5G5B5 PF_R8G8B8 PF_B8G8R8 PF_A8R8G8B8 PF_B8G8R8A8 PF_A2R10G10B10 PF_A2B10G10R10 PF_FLOAT16_RGB PF_FLOAT16_RGBA PF_FLOAT32_RGB PF_FLOAT32_RGBA PF_X8R8G8B8 PF_X8B8G8R8 PF_SHORT_RGBA PF_R3G3B2 PF_FLOAT16_R PF_FLOAT32_R PF_SHORT_GR PF_FLOAT16_GR PF_FLOAT32_GR PF_SHORT_RGB 
23:32:03: RenderSystem capabilities
23:32:03: -------------------------
23:32:03: RenderSystem Name: OpenGL Rendering Subsystem
23:32:03: GPU Vendor: unknown
23:32:03: Device Name: Gallium 0.4 on AMD MULLINS (DRM 2.43.0 / 4.4.0-70-generic, LLVM 3.8.0)
23:32:03: Driver Version: 3.0.0.0
23:32:03:  * Fixed function pipeline: yes
23:32:03:  * Hardware generation of mipmaps: yes
23:32:03:  * Texture blending: yes
23:32:03:  * Anisotropic texture filtering: yes
23:32:03:  * Dot product texture operation: yes
23:32:03:  * Cube mapping: yes
23:32:03:  * Hardware stencil buffer: yes
23:32:03:    - Stencil depth: 8
23:32:03:    - Two sided stencil support: yes
23:32:03:    - Wrap stencil values: yes
23:32:03:  * Hardware vertex / index buffers: yes
23:32:03:  * 32-bit index buffers: yes
23:32:03:  * Vertex programs: yes
23:32:03:  * Number of floating-point constants for vertex programs: 4096
23:32:03:  * Number of integer constants for vertex programs: 0
23:32:03:  * Number of boolean constants for vertex programs: 0
23:32:03:  * Fragment programs: yes
23:32:03:  * Number of floating-point constants for fragment programs: 4096
23:32:03:  * Number of integer constants for fragment programs: 0
23:32:03:  * Number of boolean constants for fragment programs: 0
23:32:03:  * Geometry programs: no
23:32:03:  * Number of floating-point constants for geometry programs: 0
23:32:03:  * Number of integer constants for geometry programs: 24008
23:32:03:  * Number of boolean constants for geometry programs: 3645
23:32:03:  * Tesselation Hull programs: no
23:32:03:  * Number of floating-point constants for tesselation hull programs: 12342
23:32:03:  * Number of integer constants for tesselation hull programs: 48
23:32:03:  * Number of boolean constants for tesselation hull programs: 0
23:32:03:  * Tesselation Domain programs: no
23:32:03:  * Number of floating-point constants for tesselation domain programs: 0
23:32:03:  * Number of integer constants for tesselation domain programs: 24104
23:32:03:  * Number of boolean constants for tesselation domain programs: 3645
23:32:03:  * Compute programs: no
23:32:03:  * Number of floating-point constants for compute programs: 32614
23:32:03:  * Number of integer constants for compute programs: 0
23:32:03:  * Number of boolean constants for compute programs: 11
23:32:03:  * Supported Shader Profiles: arbfp1 arbvp1 glsl glsl100 glsl110 glsl120 ps_1_1 ps_1_2 ps_1_3 ps_1_4
23:32:03:  * Texture Compression: yes
23:32:03:    - DXT: yes
23:32:03:    - VTC: no
23:32:03:    - PVRTC: no
23:32:03:    - ATC: no
23:32:03:    - ETC1: no
23:32:03:    - ETC2: no
23:32:03:    - BC4/BC5: no
23:32:03:    - BC6H/BC7: no
23:32:03:  * Scissor Rectangle: yes
23:32:03:  * Hardware Occlusion Query: yes
23:32:03:  * User clip planes: yes
23:32:03:  * VET_UBYTE4 vertex element type: yes
23:32:03:  * Infinite far plane projection: yes
23:32:03:  * Hardware render-to-texture: yes
23:32:03:  * Floating point textures: yes
23:32:03:  * Non-power-of-two textures: yes
23:32:03:  * 1d textures: yes
23:32:03:  * Volume textures: yes
23:32:03:  * Multiple Render Targets: 8
23:32:03:    - With different bit depths: yes
23:32:03:  * Point Sprites: yes
23:32:03:  * Extended point parameters: yes
23:32:03:  * Max Point Size: 16384
23:32:03:  * Vertex texture fetch: yes
23:32:03:  * Number of world matrices: 0
23:32:03:  * Number of texture units: 16
23:32:03:  * Stencil buffer depth: 8
23:32:03:  * Number of vertex blend matrices: 0
23:32:03:    - Max vertex textures: 32
23:32:03:    - Vertex textures shared: yes
23:32:03:  * Render to Vertex Buffer : no
23:32:03:  * Hardware Atomic Counters: no
23:32:03:  * GL 1.5 without VBO workaround: no
23:32:03:  * Frame Buffer objects: yes
23:32:03:  * Frame Buffer objects (ARB extension): no
23:32:03:  * Frame Buffer objects (ATI extension): no
23:32:03:  * PBuffer support: yes
23:32:03:  * GL 1.5 without HW-occlusion workaround: no
23:32:03:  * Vertex Array Objects: no
23:32:03:  * Separate shader objects: no
23:32:03: DefaultWorkQueue('Root') initialising on thread 7f660e4c9800.
23:32:03: DefaultWorkQueue('Root')::WorkerFunc - thread 7f65fc07a700 starting.
23:32:03: DefaultWorkQueue('Root')::WorkerFunc - thread 7f65fb879700 starting.
23:32:03: DefaultWorkQueue('Root')::WorkerFunc - thread 7f65fb078700 starting.
23:32:03: DefaultWorkQueue('Root')::WorkerFunc - thread 7f65fa877700 starting.
23:32:03: Particle Renderer Type 'billboard' registered
23:32:03: SceneManagerFactory for type 'BspSceneManager' registered.
23:32:03: Registering ResourceManager for type BspLevel
23:32:03: SceneManagerFactory for type 'PCZSceneManager' registered.
23:32:03: MovableObjectFactory for type 'PCZLight' registered.
23:32:03: MovableObjectFactory for type 'Portal' registered.
23:32:03: MovableObjectFactory for type 'AntiPortal' registered.
23:32:03: PCZone Factory Type 'ZoneType_Octree' registered
23:32:03: SceneManagerFactory for type 'OctreeSceneManager' registered.
23:32:03: OverlayElementFactory for type Panel registered.
23:32:03: OverlayElementFactory for type BorderPanel registered.
23:32:03: OverlayElementFactory for type TextArea registered.
23:32:03: Registering ResourceManager for type Font
23:32:03: Parsing scripts for resource group Autodetect
23:32:03: Finished parsing scripts for resource group Autodetect
23:32:03: Creating resources for group Autodetect
23:32:03: All done
23:32:03: Parsing scripts for resource group General
23:32:03: Parsing script StdQuad_vp.program
23:32:03: Parsing script Instancing.program
23:32:03: Parsing script DualQuaternion.program
23:32:03: OGRE EXCEPTION(7:InternalErrorException): Unable to compile Cg program Ogre/DualQuaternionHardwareSkinningTwoWeightsTwoPhaseCg: The compile returned an error.
DualQuaternion.cg(90) : warning C7019: "blendWgt" is too large for semantic "BLENDWEIGHT", which is size 1
(0) : error C6007: Constant register limit exceeded; more than 96 constant registers needed to compiled program
(0) : error C6007: Constant register limit exceeded; more than 96 constant registers needed to compiled program
(0) : error C6007: Constant register limit exceeded; more than 96 constant registers needed to compiled program
(0) : error C6007: Constant register limit exceeded; more than 96 constant registers needed to compiled program
(0) : error C6007: Constant register limit exceeded; more than 96 constant registers needed to compiled program
(0) : error C6007: Constant register limit exceeded; more than 96 constant registers needed to compiled program
(0) : error C6007: Constant register limit exceeded; more than 96 constant registers needed to compiled program
(0) : error C6007: Constant register limit exceeded; more than 96 constant registers needed to compiled program
 in CgProgram::compileMicrocode at /home/randy/Desktop/ogre/PlugIns/CgProgramManager/src/OgreCgProgramManagerDll.cpp (line 67)
23:32:03: High-level program Ogre/DualQuaternionHardwareSkinningTwoWeightsTwoPhaseCg encountered an error during loading and is thus not supported.
OGRE EXCEPTION(7:InternalErrorException): Unable to compile Cg program Ogre/DualQuaternionHardwareSkinningTwoWeightsTwoPhaseCg: The compile returned an error.
DualQuaternion.cg(90) : warning C7019: "blendWgt" is too large for semantic "BLENDWEIGHT", which is size 1
(0) : error C6007: Constant register limit exceeded; more than 96 constant registers needed to compiled program
(0) : error C6007: Constant register limit exceeded; more than 96 constant registers needed to compiled program
(0) : error C6007: Constant register limit exceeded; more than 96 constant registers needed to compiled program
(0) : error C6007: Constant register limit exceeded; more than 96 constant registers needed to compiled program
(0) : error C6007: Constant register limit exceeded; more than 96 constant registers needed to compiled program
(0) : error C6007: Constant register limit exceeded; more than 96 constant registers needed to compiled program
(0) : error C6007: Constant register limit exceeded; more than 96 constant registers needed to compiled program
(0) : error C6007: Constant register limit exceeded; more than 96 constant registers needed to compiled program
 in CgProgram::compileMicrocode at /home/randy/Desktop/ogre/PlugIns/CgProgramManager/src/OgreCgProgramManagerDll.cpp (line 67)
23:32:03: OGRE EXCEPTION(2:InvalidParametersException): Named constants have not been initialised, perhaps a compile error. in GpuProgramParameters::_findNamedConstantDefinition at /home/randy/Desktop/ogre/OgreMain/src/OgreGpuProgramParams.cpp (line 1709)
23:32:03: Compiler error: invalid parameters in DualQuaternion.program(28): setting of constant failed
23:32:03: Parsing script Examples.program
23:32:03: Parsing script ShadowCaster.program
23:32:03: Parsing script deferred_post.program
23:32:03: Parsing script GBuffer.program
23:32:03: Parsing script triplanarReference.program
23:32:03: Parsing script SdkTrays.material
23:32:03: Parsing script OgreProfiler.material
23:32:03: Parsing script Hair.material
23:32:03: Parsing script HW_VTFInstancing.material
23:32:03: Parsing script SharpenEdges.material
23:32:03: Parsing script Dither.material
23:32:03: Parsing script VTFInstancing.material
23:32:03: Parsing script ParticleGS.material
23:32:03: Parsing script HeatVision.material
23:32:03: Parsing script Tessellation.material
23:32:03: Compiler error: unknown error in Tessellation.material(20): token class, tessellation_hull_program, unrecognized.
23:32:03: Compiler error: unknown error in Tessellation.material(32): token class, tessellation_hull_program, unrecognized.
23:32:03: Compiler error: unknown error in Tessellation.material(43): token class, tessellation_hull_program, unrecognized.
23:32:03: Compiler error: unknown error in Tessellation.material(49): token class, tessellation_domain_program, unrecognized.
23:32:03: Compiler error: unknown error in Tessellation.material(61): token class, tessellation_domain_program, unrecognized.
23:32:03: Compiler error: unknown error in Tessellation.material(72): token class, tessellation_domain_program, unrecognized.
23:32:03: Compiler error: unknown error in Tessellation.material(111): token class, tessellation_hull_program_ref, unrecognized.
23:32:03: Compiler error: unknown error in Tessellation.material(116): token class, tessellation_domain_program_ref, unrecognized.
23:32:03: Compiler error: unknown error in Tessellation.material(111): token "tessellation_hull_program_ref" is not recognized
23:32:03: Compiler error: unknown error in Tessellation.material(116): token "tessellation_domain_program_ref" is not recognized
23:32:03: Parsing script Ocean.material
23:32:03: Parsing script Examples-DynTex.material
23:32:03: Parsing script Invert.material
23:32:03: Parsing script Island.material
23:32:03: Compiler error: unknown error in Island.material(199): token class, tessellation_hull_program, unrecognized.
23:32:03: Compiler error: unknown error in Island.material(215): token class, tessellation_domain_program, unrecognized.
23:32:03: Compiler error: unknown error in Island.material(271): token class, tessellation_hull_program_ref, unrecognized.
23:32:03: Compiler error: unknown error in Island.material(275): token class, tessellation_domain_program_ref, unrecognized.
23:32:03: Compiler error: unknown error in Island.material(295): token class, tessellation_hull_program_ref, unrecognized.
23:32:03: Compiler error: unknown error in Island.material(299): token class, tessellation_domain_program_ref, unrecognized.
23:32:03: Compiler error: unknown error in Island.material(315): token class, tessellation_domain_program, unrecognized.
23:32:03: Compiler error: unknown error in Island.material(364): token class, tessellation_hull_program_ref, unrecognized.
23:32:03: Compiler error: unknown error in Island.material(368): token class, tessellation_domain_program_ref, unrecognized.
23:32:03: Parsing script NightVision.material
23:32:03: Parsing script MRTtest.material
23:32:03: Parsing script Compute.material
23:32:03: Parsing script Ogre.material
23:32:03: Parsing script hdr.material
23:32:03: Parsing script sibenik.material
23:32:03: Parsing script Examples-Water.material
23:32:03: Parsing script ShaderSystem.material
23:32:03: Parsing script CompositorDemo.material
23:32:03: Parsing script Hurt.material
23:32:03: Parsing script ShaderInstancing.material
23:32:03: Parsing script RasterizationOrder.material
23:32:03: Parsing script Examples.material
23:32:03: Parsing script Glass.material
23:32:03: Parsing script smoke.material
23:32:03: Parsing script InstancingMisc.material
23:32:03: Parsing script IsoSurf.material
23:32:03: Parsing script GLSLSwizzle.material
23:32:03: Parsing script OffsetMapping.material
23:32:03: Parsing script DualQuaternion.material
23:32:03: Parsing script Swizzle.material
23:32:03: OGRE EXCEPTION(2:InvalidParametersException): Parameter called origColour does not exist.  in GpuProgramParameters::_findNamedConstantDefinition at /home/randy/Desktop/ogre/OgreMain/src/OgreGpuProgramParams.cpp (line 1727)
23:32:03: Compiler error: invalid parameters in Swizzle.material(74): setting of constant failed
23:32:03: OGRE EXCEPTION(2:InvalidParametersException): Parameter called cloneColour does not exist.  in GpuProgramParameters::_findNamedConstantDefinition at /home/randy/Desktop/ogre/OgreMain/src/OgreGpuProgramParams.cpp (line 1727)
23:32:03: Compiler error: invalid parameters in Swizzle.material(75): setting of constant failed
23:32:03: OGRE EXCEPTION(2:InvalidParametersException): Parameter called WorldViewProj does not exist.  in GpuProgramParameters::_findNamedConstantDefinition at /home/randy/Desktop/ogre/OgreMain/src/OgreGpuProgramParams.cpp (line 1727)
23:32:03: Compiler error: invalid parameters in Swizzle.material(76): setting of constant failed
23:32:03: Parsing script Tesselation.material
23:32:03: Parsing script FluidSim.material
23:32:03: Parsing script CGSwizzle.material
23:32:03: Parsing script OldTV.material
23:32:03: Parsing script Bloom.material
23:32:03: Parsing script facial.material
23:32:03: Parsing script pssm.material
23:32:03: Parsing script Embossed.material
23:32:03: Parsing script HW_VTF_LUTInstancing.material
23:32:03: Parsing script VarianceShadowmap.material
23:32:03: Parsing script instancing.material
23:32:03: Parsing script ASMSwizzle.material
23:32:03: Compiler error: object unsupported by render system in ASMSwizzle.material(1): , Shader name: Ogre/GPTest/Swizzle_GP_ASM
23:32:03: Parsing script RZR-002.material
23:32:03: Parsing script OldMovie.material
23:32:03: Parsing script Laplace.material
23:32:03: Parsing script HWInstancing.material
23:32:03: Parsing script ASCII.material
23:32:03: Parsing script AtomicCounters.material
23:32:03: Compiler error: number expected in AtomicCounters.material(3): true invalid - extra parameters to shared_param_named must be numbers
23:32:03: Compiler error: number expected in AtomicCounters.material(14): false invalid - extra parameters to shared_param_named must be numbers
23:32:03: Parsing script DepthShadowmap.material
23:32:03: Parsing script BlackAndWhite.material
23:32:03: Parsing script Bloom2.material
23:32:03: Parsing script Halftone.material
23:32:03: Parsing script Examples-Advanced.material
23:32:04: Compiler error: object unsupported by render system in Examples-Advanced.material(1027): , Shader name: Examples/TextureArrayPSasm
23:32:04: Parsing script Penguin.material
23:32:04: Parsing script RadialBlur.material
23:32:04: Parsing script TerrainTessellation.material
23:32:04: Compiler error: unknown error in TerrainTessellation.material(123): token class, tessellation_hull_program, unrecognized.
23:32:04: Compiler error: unknown error in TerrainTessellation.material(140): token class, tessellation_domain_program, unrecognized.
23:32:04: Compiler error: unknown error in TerrainTessellation.material(177): token class, tessellation_hull_program_ref, unrecognized.
23:32:04: Compiler error: unknown error in TerrainTessellation.material(182): token class, tessellation_domain_program_ref, unrecognized.
23:32:04: Compiler error: unknown error in TerrainTessellation.material(177): token "tessellation_hull_program_ref" is not recognized
23:32:04: Compiler error: unknown error in TerrainTessellation.material(182): token "tessellation_domain_program_ref" is not recognized
23:32:04: Parsing script AdaptivePNTrianglesTessellation.material
23:32:04: Parsing script DOF.material
23:32:04: Parsing script shadows.material
23:32:04: Parsing script Posterize.material
23:32:04: Parsing script Example-Water.material
23:32:04: Parsing script MotionBlur.material
23:32:04: Parsing script Tiling.material
23:32:04: Parsing script deferred_post.material
23:32:04: Parsing script ShadowCaster.material
23:32:04: Parsing script ssao.material
23:32:04: Parsing script deferreddemo.material
23:32:04: Parsing script deferred_post_minilight.material
23:32:04: Parsing script ROOM.material
23:32:04: Parsing script TriplanarTexturing.material
23:32:04: Compiler error: unknown error in TriplanarTexturing.material(9): token "rtshader_system" is not recognized
23:32:04: Parsing script RTShaderSystem.material
23:32:04: Compiler error: unknown error in RTShaderSystem.material(23): token "rtshader_system" is not recognized
23:32:04: Compiler error: unknown error in RTShaderSystem.material(52): token "rtshader_system" is not recognized
23:32:04: Compiler error: unknown error in RTShaderSystem.material(81): token "rtshader_system" is not recognized
23:32:04: Compiler error: unknown error in RTShaderSystem.material(110): token "rtshader_system" is not recognized
23:32:04: Compiler error: unknown error in RTShaderSystem.material(146): token "rtshader_system" is not recognized
23:32:04: Compiler error: unknown error in RTShaderSystem.material(81): token "rtshader_system" is not recognized
23:32:04: Compiler error: unknown error in RTShaderSystem.material(162): token "rtshader_system" is not recognized
23:32:04: Compiler error: unknown error in RTShaderSystem.material(81): token "rtshader_system" is not recognized
23:32:04: Compiler error: unknown error in RTShaderSystem.material(110): token "rtshader_system" is not recognized
23:32:04: Compiler error: unknown error in RTShaderSystem.material(211): token "rtshader_system" is not recognized
23:32:04: Parsing script DualQuaternionSkinning_Shadow.material
23:32:04: OGRE EXCEPTION(7:InternalErrorException): Unable to compile Cg program Ogre/RTShader/shadow_caster_dq_skinning_1weight_twophase_vs_cg: The compile returned an error.
(248) : warning C7019: "blendWgt" is too large for semantic "BLENDWEIGHT", which is size 1
(0) : error C6007: Constant register limit exceeded; more than 96 constant registers needed to compiled program
(0) : error C6007: Constant register limit exceeded; more than 96 constant registers needed to compiled program
(0) : error C6007: Constant register limit exceeded; more than 96 constant registers needed to compiled program
 in CgProgram::compileMicrocode at /home/randy/Desktop/ogre/PlugIns/CgProgramManager/src/OgreCgProgramManagerDll.cpp (line 67)
23:32:04: High-level program Ogre/RTShader/shadow_caster_dq_skinning_1weight_twophase_vs_cg encountered an error during loading and is thus not supported.
OGRE EXCEPTION(7:InternalErrorException): Unable to compile Cg program Ogre/RTShader/shadow_caster_dq_skinning_1weight_twophase_vs_cg: The compile returned an error.
(248) : warning C7019: "blendWgt" is too large for semantic "BLENDWEIGHT", which is size 1
(0) : error C6007: Constant register limit exceeded; more than 96 constant registers needed to compiled program
(0) : error C6007: Constant register limit exceeded; more than 96 constant registers needed to compiled program
(0) : error C6007: Constant register limit exceeded; more than 96 constant registers needed to compiled program
 in CgProgram::compileMicrocode at /home/randy/Desktop/ogre/PlugIns/CgProgramManager/src/OgreCgProgramManagerDll.cpp (line 67)
23:32:04: OGRE EXCEPTION(2:InvalidParametersException): Named constants have not been initialised, perhaps a compile error. in GpuProgramParameters::_findNamedConstantDefinition at /home/randy/Desktop/ogre/OgreMain/src/OgreGpuProgramParams.cpp (line 1709)
23:32:04: Compiler error: invalid parameters in DualQuaternionSkinning_Shadow.material(242): setting of constant failed
23:32:04: OGRE EXCEPTION(2:InvalidParametersException): Named constants have not been initialised, perhaps a compile error. in GpuProgramParameters::_findNamedConstantDefinition at /home/randy/Desktop/ogre/OgreMain/src/OgreGpuProgramParams.cpp (line 1709)
23:32:04: Compiler error: invalid parameters in DualQuaternionSkinning_Shadow.material(243): setting of constant failed
23:32:04: OGRE EXCEPTION(2:InvalidParametersException): Named constants have not been initialised, perhaps a compile error. in GpuProgramParameters::_findNamedConstantDefinition at /home/randy/Desktop/ogre/OgreMain/src/OgreGpuProgramParams.cpp (line 1709)
23:32:04: Compiler error: invalid parameters in DualQuaternionSkinning_Shadow.material(244): setting of constant failed
23:32:04: OGRE EXCEPTION(2:InvalidParametersException): Named constants have not been initialised, perhaps a compile error. in GpuProgramParameters::_findNamedConstantDefinition at /home/randy/Desktop/ogre/OgreMain/src/OgreGpuProgramParams.cpp (line 1709)
23:32:04: Compiler error: invalid parameters in DualQuaternionSkinning_Shadow.material(245): setting of constant failed
23:32:04: OGRE EXCEPTION(7:InternalErrorException): Unable to compile Cg program Ogre/RTShader/shadow_caster_dq_skinning_2weight_twophase_vs_cg: The compile returned an error.
(286) : warning C7019: "blendWgt" is too large for semantic "BLENDWEIGHT", which is size 1
(0) : error C6007: Constant register limit exceeded; more than 96 constant registers needed to compiled program
(0) : error C6007: Constant register limit exceeded; more than 96 constant registers needed to compiled program
(0) : error C6007: Constant register limit exceeded; more than 96 constant registers needed to compiled program
 in CgProgram::compileMicrocode at /home/randy/Desktop/ogre/PlugIns/CgProgramManager/src/OgreCgProgramManagerDll.cpp (line 67)
23:32:04: High-level program Ogre/RTShader/shadow_caster_dq_skinning_2weight_twophase_vs_cg encountered an error during loading and is thus not supported.
OGRE EXCEPTION(7:InternalErrorException): Unable to compile Cg program Ogre/RTShader/shadow_caster_dq_skinning_2weight_twophase_vs_cg: The compile returned an error.
(286) : warning C7019: "blendWgt" is too large for semantic "BLENDWEIGHT", which is size 1
(0) : error C6007: Constant register limit exceeded; more than 96 constant registers needed to compiled program
(0) : error C6007: Constant register limit exceeded; more than 96 constant registers needed to compiled program
(0) : error C6007: Constant register limit exceeded; more than 96 constant registers needed to compiled program
 in CgProgram::compileMicrocode at /home/randy/Desktop/ogre/PlugIns/CgProgramManager/src/OgreCgProgramManagerDll.cpp (line 67)
23:32:04: OGRE EXCEPTION(2:InvalidParametersException): Named constants have not been initialised, perhaps a compile error. in GpuProgramParameters::_findNamedConstantDefinition at /home/randy/Desktop/ogre/OgreMain/src/OgreGpuProgramParams.cpp (line 1709)
23:32:04: Compiler error: invalid parameters in DualQuaternionSkinning_Shadow.material(259): setting of constant failed
23:32:04: OGRE EXCEPTION(2:InvalidParametersException): Named constants have not been initialised, perhaps a compile error. in GpuProgramParameters::_findNamedConstantDefinition at /home/randy/Desktop/ogre/OgreMain/src/OgreGpuProgramParams.cpp (line 1709)
23:32:04: Compiler error: invalid parameters in DualQuaternionSkinning_Shadow.material(260): setting of constant failed
23:32:04: OGRE EXCEPTION(2:InvalidParametersException): Named constants have not been initialised, perhaps a compile error. in GpuProgramParameters::_findNamedConstantDefinition at /home/randy/Desktop/ogre/OgreMain/src/OgreGpuProgramParams.cpp (line 1709)
23:32:04: Compiler error: invalid parameters in DualQuaternionSkinning_Shadow.material(261): setting of constant failed
23:32:04: OGRE EXCEPTION(2:InvalidParametersException): Named constants have not been initialised, perhaps a compile error. in GpuProgramParameters::_findNamedConstantDefinition at /home/randy/Desktop/ogre/OgreMain/src/OgreGpuProgramParams.cpp (line 1709)
23:32:04: Compiler error: invalid parameters in DualQuaternionSkinning_Shadow.material(262): setting of constant failed
23:32:04: Parsing script HardwareSkinningShadow.material
23:32:04: OGRE EXCEPTION(7:InternalErrorException): Unable to compile Cg program Ogre/RTShader/shadow_caster_skinning_1weight_vs_cg: The compile returned an error.
(25) : warning C7019: "blendWgt" is too large for semantic "BLENDWEIGHT", which is size 1
(27) : error C5041: cannot locate suitable resource to bind parameter "<null atom>"
(27) : error C5041: cannot locate suitable resource to bind parameter "<null atom>"
(27) : error C5041: cannot locate suitable resource to bind parameter "<null atom>"
(27) : error C5041: cannot locate suitable resource to bind parameter "<null atom>"
(27) : error C5041: cannot locate suitable resource to bind parameter "<null atom>"
(27) : error C5041: cannot locate suitable resource to bind parameter "<null atom>"
(27) : error C5041: cannot locate suitable resource to bind parameter "<null atom>"
(27) : error C5041: cannot locate suitable resource to bind parameter "<null atom>"
(27) : error C5041: cannot locate suitable resource to bind parameter "<null atom>"
(27) : error C5041: cannot locate suitable resource to bind parameter "<null atom>"
(27) : error C5041: cannot locate suitable resource to bind parameter "<null atom>"
(27) : error C5041: cannot locate suitable resource to bind parameter "<null atom>"
(27) : error C5041: cannot locate suitable resource to bind parameter "<null atom>"
(27) : error C5041: cannot locate suitable resource to bind parameter "<null atom>"
(27) : error C5041: cannot locate suitable resource to bind parameter "<null atom>"
(27) : error C5041: cannot locate suitable resource to bind parameter "<null atom>"
(27) : error C5041: cannot locate suitable resource to bind parameter "<null atom>"
(27) : error C5041: cannot locate suitable resource to bind parameter "<null atom>"
(27) : error C5041: cannot locate suitable resource to bind parameter "<null atom>"
 in CgProgram::compileMicrocode at /home/randy/Desktop/ogre/PlugIns/CgProgramManager/src/OgreCgProgramManagerDll.cpp (line 67)
23:32:04: High-level program Ogre/RTShader/shadow_caster_skinning_1weight_vs_cg encountered an error during loading and is thus not supported.
OGRE EXCEPTION(7:InternalErrorException): Unable to compile Cg program Ogre/RTShader/shadow_caster_skinning_1weight_vs_cg: The compile returned an error.
(25) : warning C7019: "blendWgt" is too large for semantic "BLENDWEIGHT", which is size 1
(27) : error C5041: cannot locate suitable resource to bind parameter "<null atom>"
(27) : error C5041: cannot locate suitable resource to bind parameter "<null atom>"
(27) : error C5041: cannot locate suitable resource to bind parameter "<null atom>"
(27) : error C5041: cannot locate suitable resource to bind parameter "<null atom>"
(27) : error C5041: cannot locate suitable resource to bind parameter "<null atom>"
(27) : error C5041: cannot locate suitable resource to bind parameter "<null atom>"
(27) : error C5041: cannot locate suitable resource to bind parameter "<null atom>"
(27) : error C5041: cannot locate suitable resource to bind parameter "<null atom>"
(27) : error C5041: cannot locate suitable resource to bind parameter "<null atom>"
(27) : error C5041: cannot locate suitable resource to bind parameter "<null atom>"
(27) : error C5041: cannot locate suitable resource to bind parameter "<null atom>"
(27) : error C5041: cannot locate suitable resource to bind parameter "<null atom>"
(27) : error C5041: cannot locate suitable resource to bind parameter "<null atom>"
(27) : error C5041: cannot locate suitable resource to bind parameter "<null atom>"
(27) : error C5041: cannot locate suitable resource to bind parameter "<null atom>"
(27) : error C5041: cannot locate suitable resource to bind parameter "<null atom>"
(27) : error C5041: cannot locate suitable resource to bind parameter "<null atom>"
(27) : error C5041: cannot locate suitable resource to bind parameter "<null atom>"
(27) : error C5041: cannot locate suitable resource to bind parameter "<null atom>"
 in CgProgram::compileMicrocode at /home/randy/Desktop/ogre/PlugIns/CgProgramManager/src/OgreCgProgramManagerDll.cpp (line 67)
23:32:04: OGRE EXCEPTION(2:InvalidParametersException): Named constants have not been initialised, perhaps a compile error. in GpuProgramParameters::_findNamedConstantDefinition at /home/randy/Desktop/ogre/OgreMain/src/OgreGpuProgramParams.cpp (line 1709)
23:32:04: Compiler error: invalid parameters in HardwareSkinningShadow.material(29): setting of constant failed
23:32:04: OGRE EXCEPTION(2:InvalidParametersException): Named constants have not been initialised, perhaps a compile error. in GpuProgramParameters::_findNamedConstantDefinition at /home/randy/Desktop/ogre/OgreMain/src/OgreGpuProgramParams.cpp (line 1709)
23:32:04: Compiler error: invalid parameters in HardwareSkinningShadow.material(30): setting of constant failed
23:32:04: OGRE EXCEPTION(7:InternalErrorException): Unable to compile Cg program Ogre/RTShader/shadow_caster_skinning_2weight_vs_cg: The compile returned an error.
(49) : warning C7019: "blendWgt" is too large for semantic "BLENDWEIGHT", which is size 1
(52) : error C5041: cannot locate suitable resource to bind parameter "<null atom>"
(52) : error C5041: cannot locate suitable resource to bind parameter "<null atom>"
(52) : error C5041: cannot locate suitable resource to bind parameter "<null atom>"
(52) : error C5041: cannot locate suitable resource to bind parameter "<null atom>"
(52) : error C5041: cannot locate suitable resource to bind parameter "<null atom>"
(52) : error C5041: cannot locate suitable resource to bind parameter "<null atom>"
(52) : error C5041: cannot locate suitable resource to bind parameter "<null atom>"
(52) : error C5041: cannot locate suitable resource to bind parameter "<null atom>"
(52) : error C5041: cannot locate suitable resource to bind parameter "<null atom>"
(52) : error C5041: cannot locate suitable resource to bind parameter "<null atom>"
(52) : error C5041: cannot locate suitable resource to bind parameter "<null atom>"
(52) : error C5041: cannot locate suitable resource to bind parameter "<null atom>"
(52) : error C5041: cannot locate suitable resource to bind parameter "<null atom>"
(52) : error C5041: cannot locate suitable resource to bind parameter "<null atom>"
(52) : error C5041: cannot locate suitable resource to bind parameter "<null atom>"
(52) : error C5041: cannot locate suitable resource to bind parameter "<null atom>"
(52) : error C5041: cannot locate suitable resource to bind parameter "<null atom>"
(52) : error C5041: cannot locate suitable resource to bind parameter "<null atom>"
(52) : error C5041: cannot locate suitable resource to bind parameter "<null atom>"
 in CgProgram::compileMicrocode at /home/randy/Desktop/ogre/PlugIns/CgProgramManager/src/OgreCgProgramManagerDll.cpp (line 67)
23:32:04: High-level program Ogre/RTShader/shadow_caster_skinning_2weight_vs_cg encountered an error during loading and is thus not supported.
OGRE EXCEPTION(7:InternalErrorException): Unable to compile Cg program Ogre/RTShader/shadow_caster_skinning_2weight_vs_cg: The compile returned an error.
(49) : warning C7019: "blendWgt" is too large for semantic "BLENDWEIGHT", which is size 1
(52) : error C5041: cannot locate suitable resource to bind parameter "<null atom>"
(52) : error C5041: cannot locate suitable resource to bind parameter "<null atom>"
(52) : error C5041: cannot locate suitable resource to bind parameter "<null atom>"
(52) : error C5041: cannot locate suitable resource to bind parameter "<null atom>"
(52) : error C5041: cannot locate suitable resource to bind parameter "<null atom>"
(52) : error C5041: cannot locate suitable resource to bind parameter "<null atom>"
(52) : error C5041: cannot locate suitable resource to bind parameter "<null atom>"
(52) : error C5041: cannot locate suitable resource to bind parameter "<null atom>"
(52) : error C5041: cannot locate suitable resource to bind parameter "<null atom>"
(52) : error C5041: cannot locate suitable resource to bind parameter "<null atom>"
(52) : error C5041: cannot locate suitable resource to bind parameter "<null atom>"
(52) : error C5041: cannot locate suitable resource to bind parameter "<null atom>"
(52) : error C5041: cannot locate suitable resource to bind parameter "<null atom>"
(52) : error C5041: cannot locate suitable resource to bind parameter "<null atom>"
(52) : error C5041: cannot locate suitable resource to bind parameter "<null atom>"
(52) : error C5041: cannot locate suitable resource to bind parameter "<null atom>"
(52) : error C5041: cannot locate suitable resource to bind parameter "<null atom>"
(52) : error C5041: cannot locate suitable resource to bind parameter "<null atom>"
(52) : error C5041: cannot locate suitable resource to bind parameter "<null atom>"
 in CgProgram::compileMicrocode at /home/randy/Desktop/ogre/PlugIns/CgProgramManager/src/OgreCgProgramManagerDll.cpp (line 67)
23:32:04: OGRE EXCEPTION(2:InvalidParametersException): Named constants have not been initialised, perhaps a compile error. in GpuProgramParameters::_findNamedConstantDefinition at /home/randy/Desktop/ogre/OgreMain/src/OgreGpuProgramParams.cpp (line 1709)
23:32:04: Compiler error: invalid parameters in HardwareSkinningShadow.material(43): setting of constant failed
23:32:04: OGRE EXCEPTION(2:InvalidParametersException): Named constants have not been initialised, perhaps a compile error. in GpuProgramParameters::_findNamedConstantDefinition at /home/randy/Desktop/ogre/OgreMain/src/OgreGpuProgramParams.cpp (line 1709)
23:32:04: Compiler error: invalid parameters in HardwareSkinningShadow.material(44): setting of constant failed
23:32:04: OGRE EXCEPTION(7:InternalErrorException): Unable to compile Cg program Ogre/RTShader/shadow_caster_skinning_3weight_vs_cg: The compile returned an error.
(76) : warning C7019: "blendWgt" is too large for semantic "BLENDWEIGHT", which is size 1
(79) : error C5041: cannot locate suitable resource to bind parameter "<null atom>"
(79) : error C5041: cannot locate suitable resource to bind parameter "<null atom>"
(79) : error C5041: cannot locate suitable resource to bind parameter "<null atom>"
(79) : error C5041: cannot locate suitable resource to bind parameter "<null atom>"
(79) : error C5041: cannot locate suitable resource to bind parameter "<null atom>"
(79) : error C5041: cannot locate suitable resource to bind parameter "<null atom>"
(79) : error C5041: cannot locate suitable resource to bind parameter "<null atom>"
(79) : error C5041: cannot locate suitable resource to bind parameter "<null atom>"
(79) : error C5041: cannot locate suitable resource to bind parameter "<null atom>"
(79) : error C5041: cannot locate suitable resource to bind parameter "<null atom>"
(79) : error C5041: cannot locate suitable resource to bind parameter "<null atom>"
(79) : error C5041: cannot locate suitable resource to bind parameter "<null atom>"
(79) : error C5041: cannot locate suitable resource to bind parameter "<null atom>"
(79) : error C5041: cannot locate suitable resource to bind parameter "<null atom>"
(79) : error C5041: cannot locate suitable resource to bind parameter "<null atom>"
(79) : error C5041: cannot locate suitable resource to bind parameter "<null atom>"
(79) : error C5041: cannot locate suitable resource to bind parameter "<null atom>"
(79) : error C5041: cannot locate suitable resource to bind parameter "<null atom>"
(79) : error C5041: cannot locate suitable resource to bind parameter "<null atom>"
 in CgProgram::compileMicrocode at /home/randy/Desktop/ogre/PlugIns/CgProgramManager/src/OgreCgProgramManagerDll.cpp (line 67)
23:32:04: High-level program Ogre/RTShader/shadow_caster_skinning_3weight_vs_cg encountered an error during loading and is thus not supported.
OGRE EXCEPTION(7:InternalErrorException): Unable to compile Cg program Ogre/RTShader/shadow_caster_skinning_3weight_vs_cg: The compile returned an error.
(76) : warning C7019: "blendWgt" is too large for semantic "BLENDWEIGHT", which is size 1
(79) : error C5041: cannot locate suitable resource to bind parameter "<null atom>"
(79) : error C5041: cannot locate suitable resource to bind parameter "<null atom>"
(79) : error C5041: cannot locate suitable resource to bind parameter "<null atom>"
(79) : error C5041: cannot locate suitable resource to bind parameter "<null atom>"
(79) : error C5041: cannot locate suitable resource to bind parameter "<null atom>"
(79) : error C5041: cannot locate suitable resource to bind parameter "<null atom>"
(79) : error C5041: cannot locate suitable resource to bind parameter "<null atom>"
(79) : error C5041: cannot locate suitable resource to bind parameter "<null atom>"
(79) : error C5041: cannot locate suitable resource to bind parameter "<null atom>"
(79) : error C5041: cannot locate suitable resource to bind parameter "<null atom>"
(79) : error C5041: cannot locate suitable resource to bind parameter "<null atom>"
(79) : error C5041: cannot locate suitable resource to bind parameter "<null atom>"
(79) : error C5041: cannot locate suitable resource to bind parameter "<null atom>"
(79) : error C5041: cannot locate suitable resource to bind parameter "<null atom>"
(79) : error C5041: cannot locate suitable resource to bind parameter "<null atom>"
(79) : error C5041: cannot locate suitable resource to bind parameter "<null atom>"
(79) : error C5041: cannot locate suitable resource to bind parameter "<null atom>"
(79) : error C5041: cannot locate suitable resource to bind parameter "<null atom>"
(79) : error C5041: cannot locate suitable resource to bind parameter "<null atom>"
 in CgProgram::compileMicrocode at /home/randy/Desktop/ogre/PlugIns/CgProgramManager/src/OgreCgProgramManagerDll.cpp (line 67)
23:32:04: OGRE EXCEPTION(2:InvalidParametersException): Named constants have not been initialised, perhaps a compile error. in GpuProgramParameters::_findNamedConstantDefinition at /home/randy/Desktop/ogre/OgreMain/src/OgreGpuProgramParams.cpp (line 1709)
23:32:04: Compiler error: invalid parameters in HardwareSkinningShadow.material(57): setting of constant failed
23:32:04: OGRE EXCEPTION(2:InvalidParametersException): Named constants have not been initialised, perhaps a compile error. in GpuProgramParameters::_findNamedConstantDefinition at /home/randy/Desktop/ogre/OgreMain/src/OgreGpuProgramParams.cpp (line 1709)
23:32:04: Compiler error: invalid parameters in HardwareSkinningShadow.material(58): setting of constant failed
23:32:04: OGRE EXCEPTION(7:InternalErrorException): Unable to compile Cg program Ogre/RTShader/shadow_caster_skinning_4weight_vs_cg: The compile returned an error.
(104) : warning C7019: "blendWgt" is too large for semantic "BLENDWEIGHT", which is size 1
(107) : error C5041: cannot locate suitable resource to bind parameter "<null atom>"
(107) : error C5041: cannot locate suitable resource to bind parameter "<null atom>"
(107) : error C5041: cannot locate suitable resource to bind parameter "<null atom>"
(107) : error C5041: cannot locate suitable resource to bind parameter "<null atom>"
(107) : error C5041: cannot locate suitable resource to bind parameter "<null atom>"
(107) : error C5041: cannot locate suitable resource to bind parameter "<null atom>"
(107) : error C5041: cannot locate suitable resource to bind parameter "<null atom>"
(107) : error C5041: cannot locate suitable resource to bind parameter "<null atom>"
(107) : error C5041: cannot locate suitable resource to bind parameter "<null atom>"
(107) : error C5041: cannot locate suitable resource to bind parameter "<null atom>"
(107) : error C5041: cannot locate suitable resource to bind parameter "<null atom>"
(107) : error C5041: cannot locate suitable resource to bind parameter "<null atom>"
(107) : error C5041: cannot locate suitable resource to bind parameter "<null atom>"
(107) : error C5041: cannot locate suitable resource to bind parameter "<null atom>"
(107) : error C5041: cannot locate suitable resource to bind parameter "<null atom>"
(107) : error C5041: cannot locate suitable resource to bind parameter "<null atom>"
(107) : error C5041: cannot locate suitable resource to bind parameter "<null atom>"
(107) : error C5041: cannot locate suitable resource to bind parameter "<null atom>"
(107) : error C5041: cannot locate suitable resource to bind parameter "<null atom>"
 in CgProgram::compileMicrocode at /home/randy/Desktop/ogre/PlugIns/CgProgramManager/src/OgreCgProgramManagerDll.cpp (line 67)
23:32:04: High-level program Ogre/RTShader/shadow_caster_skinning_4weight_vs_cg encountered an error during loading and is thus not supported.
OGRE EXCEPTION(7:InternalErrorException): Unable to compile Cg program Ogre/RTShader/shadow_caster_skinning_4weight_vs_cg: The compile returned an error.
(104) : warning C7019: "blendWgt" is too large for semantic "BLENDWEIGHT", which is size 1
(107) : error C5041: cannot locate suitable resource to bind parameter "<null atom>"
(107) : error C5041: cannot locate suitable resource to bind parameter "<null atom>"
(107) : error C5041: cannot locate suitable resource to bind parameter "<null atom>"
(107) : error C5041: cannot locate suitable resource to bind parameter "<null atom>"
(107) : error C5041: cannot locate suitable resource to bind parameter "<null atom>"
(107) : error C5041: cannot locate suitable resource to bind parameter "<null atom>"
(107) : error C5041: cannot locate suitable resource to bind parameter "<null atom>"
(107) : error C5041: cannot locate suitable resource to bind parameter "<null atom>"
(107) : error C5041: cannot locate suitable resource to bind parameter "<null atom>"
(107) : error C5041: cannot locate suitable resource to bind parameter "<null atom>"
(107) : error C5041: cannot locate suitable resource to bind parameter "<null atom>"
(107) : error C5041: cannot locate suitable resource to bind parameter "<null atom>"
(107) : error C5041: cannot locate suitable resource to bind parameter "<null atom>"
(107) : error C5041: cannot locate suitable resource to bind parameter "<null atom>"
(107) : error C5041: cannot locate suitable resource to bind parameter "<null atom>"
(107) : error C5041: cannot locate suitable resource to bind parameter "<null atom>"
(107) : error C5041: cannot locate suitable resource to bind parameter "<null atom>"
(107) : error C5041: cannot locate suitable resource to bind parameter "<null atom>"
(107) : error C5041: cannot locate suitable resource to bind parameter "<null atom>"
 in CgProgram::compileMicrocode at /home/randy/Desktop/ogre/PlugIns/CgProgramManager/src/OgreCgProgramManagerDll.cpp (line 67)
23:32:04: OGRE EXCEPTION(2:InvalidParametersException): Named constants have not been initialised, perhaps a compile error. in GpuProgramParameters::_findNamedConstantDefinition at /home/randy/Desktop/ogre/OgreMain/src/OgreGpuProgramParams.cpp (line 1709)
23:32:04: Compiler error: invalid parameters in HardwareSkinningShadow.material(72): setting of constant failed
23:32:04: OGRE EXCEPTION(2:InvalidParametersException): Named constants have not been initialised, perhaps a compile error. in GpuProgramParameters::_findNamedConstantDefinition at /home/randy/Desktop/ogre/OgreMain/src/OgreGpuProgramParams.cpp (line 1709)
23:32:04: Compiler error: invalid parameters in HardwareSkinningShadow.material(73): setting of constant failed
23:32:04: Parsing script Modulate.material
23:32:04: Parsing script ShowViewPos.material
23:32:04: Parsing script ShowDepth.material
23:32:04: Parsing script Volumetric.material
23:32:04: Parsing script HorizonBased.material
23:32:04: Parsing script GBuffer.material
23:32:04: Parsing script SSAOPost.material
23:32:04: Parsing script ShowNormals.material
23:32:04: Parsing script CreaseShading.material
23:32:04: Parsing script HemisphereMC.material
23:32:04: Parsing script Crytek.material
23:32:04: Parsing script UnsharpMask.material
23:32:04: Parsing script triplanarReference.material
23:32:04: Parsing script RomanBath.material
23:32:04: Parsing script Sinbad.material
23:32:04: Parsing script emitted_emitter.particle
23:32:04: Parsing script Examples.particle
23:32:04: Parsing script smoke.particle
23:32:04: Parsing script Examples-Water.particle
23:32:04: Parsing script Examples.compositor
23:32:04: Parsing script deferred.compositor
23:32:04: Parsing script ssao.compositor
23:32:04: Parsing script SSAOPost.compositor
23:32:04: Parsing script SSAO.compositor
23:32:04: Parsing script SdkTrays.fontdef
23:32:04: Parsing script SdkTrays.overlay
23:32:04: Texture: sdk_cursor.png: Loading 1 faces(PF_A8R8G8B8,32x32x1) with 5 hardware generated mipmaps from Image. Internal format is PF_A8R8G8B8,32x32x1.
23:32:04: Texture: sdk_tray.png: Loading 1 faces(PF_A8R8G8B8,64x64x1) with 5 hardware generated mipmaps from Image. Internal format is PF_A8R8G8B8,64x64x1.
23:32:04: Texture: sdk_button_up.png: Loading 1 faces(PF_A8R8G8B8,128x32x1) with 5 hardware generated mipmaps from Image. Internal format is PF_A8R8G8B8,128x32x1.
23:32:04: Texture: sdk_text_box.png: Loading 1 faces(PF_A8R8G8B8,32x32x1) with 5 hardware generated mipmaps from Image. Internal format is PF_A8R8G8B8,32x32x1.
23:32:04: Texture: sdk_mini_tray.png: Loading 1 faces(PF_A8R8G8B8,32x32x1) with 5 hardware generated mipmaps from Image. Internal format is PF_A8R8G8B8,32x32x1.
23:32:04: Texture: sdk_track.png: Loading 1 faces(PF_A8R8G8B8,16x32x1) with 5 hardware generated mipmaps from Image. Internal format is PF_A8R8G8B8,16x32x1.
23:32:04: Texture: sdk_handle.png: Loading 1 faces(PF_A8R8G8B8,16x16x1) with 4 hardware generated mipmaps from Image. Internal format is PF_A8R8G8B8,16x16x1.
23:32:04: Texture: sdk_mini_text_box.png: Loading 1 faces(PF_A8R8G8B8,32x32x1) with 5 hardware generated mipmaps from Image. Internal format is PF_A8R8G8B8,32x32x1.
23:32:04: Texture: sdk_label.png: Loading 1 faces(PF_A8R8G8B8,32x32x1) with 5 hardware generated mipmaps from Image. Internal format is PF_A8R8G8B8,32x32x1.
23:32:04: Texture: sdk_separator.png: Loading 1 faces(PF_A8R8G8B8,64x16x1) with 5 hardware generated mipmaps from Image. Internal format is PF_A8R8G8B8,64x16x1.
23:32:04: Texture: sdk_logo.png: Loading 1 faces(PF_A8R8G8B8,128x64x1) with 5 hardware generated mipmaps from Image. Internal format is PF_A8R8G8B8,128x64x1.
23:32:04: Texture: sdk_shade.png: Loading 1 faces(PF_A8R8G8B8,64x48x1) with 5 hardware generated mipmaps from Image. Internal format is PF_A8R8G8B8,64x48x1.
23:32:04: Texture: sdk_frame.png: Loading 1 faces(PF_A8R8G8B8,32x32x1) with 5 hardware generated mipmaps from Image. Internal format is PF_A8R8G8B8,32x32x1.
23:32:04: Texture: sdk_mini_text_box_over.png: Loading 1 faces(PF_A8R8G8B8,32x32x1) with 5 hardware generated mipmaps from Image. Internal format is PF_A8R8G8B8,32x32x1.
23:32:04: Texture: sdk_pulse.png: Loading 1 faces(PF_R8G8B8,8x1x1) with 3 hardware generated mipmaps from Image. Internal format is PF_X8R8G8B8,8x1x1.
23:32:04: Finished parsing scripts for resource group General
23:32:04: Creating resources for group General
23:32:04: All done
23:32:04: Parsing scripts for resource group Internal
23:32:04: Finished parsing scripts for resource group Internal
23:32:04: Creating resources for group Internal
23:32:04: All done
23:32:04: Texture: morning_fr.jpg: Loading 1 faces(PF_R8G8B8,512x512x1) with 5 hardware generated mipmaps from Image. Internal format is PF_X8R8G8B8,512x512x1.
23:32:04: Texture: morning_bk.jpg: Loading 1 faces(PF_R8G8B8,512x512x1) with 5 hardware generated mipmaps from Image. Internal format is PF_X8R8G8B8,512x512x1.
23:32:04: Texture: morning_lf.jpg: Loading 1 faces(PF_R8G8B8,512x512x1) with 5 hardware generated mipmaps from Image. Internal format is PF_X8R8G8B8,512x512x1.
23:32:04: Texture: morning_rt.jpg: Loading 1 faces(PF_R8G8B8,512x512x1) with 5 hardware generated mipmaps from Image. Internal format is PF_X8R8G8B8,512x512x1.
23:32:04: Texture: morning_up.jpg: Loading 1 faces(PF_R8G8B8,512x512x1) with 5 hardware generated mipmaps from Image. Internal format is PF_X8R8G8B8,512x512x1.
23:32:04: Texture: morning_dn.jpg: Loading 1 faces(PF_R8G8B8,512x512x1) with 5 hardware generated mipmaps from Image. Internal format is PF_X8R8G8B8,512x512x1.
23:32:04: Texture: waves2.dds: Loading 1 faces(PF_A8R8G8B8,256x256x1) with 5 hardware generated mipmaps from Image. Internal format is PF_A8R8G8B8,256x256x1.
23:32:04: Texture: morning.jpg: Loading 6 faces(PF_R8G8B8,512x512x1) with 5 hardware generated mipmaps from multiple Images. Internal format is PF_X8R8G8B8,512x512x1.
23:32:04: Texture: pong.png: Loading 1 faces(PF_A8R8G8B8,1920x1080x1) with 5 hardware generated mipmaps from Image. Internal format is PF_A8R8G8B8,1920x1080x1.
23:32:16: DefaultWorkQueue('Root') shutting down on thread 7f660e4c9800.
23:32:16: DefaultWorkQueue('Root')::WorkerFunc - thread 7f65fc07a700 stopped.
23:32:16: DefaultWorkQueue('Root')::WorkerFunc - thread 7f65fb879700 stopped.
23:32:16: DefaultWorkQueue('Root')::WorkerFunc - thread 7f65fb078700 stopped.
23:32:16: DefaultWorkQueue('Root')::WorkerFunc - thread 7f65fa877700 stopped.
23:32:16: PCZone Factory Type 'ZoneType_Octree' unregistered
23:32:16: Unregistering ResourceManager for type BspLevel
23:32:16: *-*-* OGRE Shutdown
