16:58:14 **** Build of configuration Debug for project As3_UI ****
make all 
Building file: ../src/Aspect.cpp
Invoking: GCC C++ Compiler
g++ -I/usr/local/include/OGRE -I"/home/randygonzalez/workspace/As3_UI/inc" -I/usr/local/include/OGRE/Overlay -I/usr/include/ois -O0 -g3 -Wall -c -fmessage-length=0 -std=c++11 -MMD -MP -MF"src/Aspect.d" -MT"src/Aspect.d" -o "src/Aspect.o" "../src/Aspect.cpp"
../src/Aspect.cpp:56:14: warning: ‘RadToDegree’ defined but not used [-Wunused-variable]
 static float RadToDegree = 57.2958; //180/pi
              ^
Finished building: ../src/Aspect.cpp
 
Building file: ../src/Entity381.cpp
Invoking: GCC C++ Compiler
g++ -I/usr/local/include/OGRE -I"/home/randygonzalez/workspace/As3_UI/inc" -I/usr/local/include/OGRE/Overlay -I/usr/include/ois -O0 -g3 -Wall -c -fmessage-length=0 -std=c++11 -MMD -MP -MF"src/Entity381.d" -MT"src/Entity381.d" -o "src/Entity381.o" "../src/Entity381.cpp"
Finished building: ../src/Entity381.cpp
 
Building file: ../src/EntityMgr.cpp
Invoking: GCC C++ Compiler
g++ -I/usr/local/include/OGRE -I"/home/randygonzalez/workspace/As3_UI/inc" -I/usr/local/include/OGRE/Overlay -I/usr/include/ois -O0 -g3 -Wall -c -fmessage-length=0 -std=c++11 -MMD -MP -MF"src/EntityMgr.d" -MT"src/EntityMgr.d" -o "src/EntityMgr.o" "../src/EntityMgr.cpp"
Finished building: ../src/EntityMgr.cpp
 
Building file: ../src/GfxMgr.cpp
Invoking: GCC C++ Compiler
g++ -I/usr/local/include/OGRE -I"/home/randygonzalez/workspace/As3_UI/inc" -I/usr/local/include/OGRE/Overlay -I/usr/include/ois -O0 -g3 -Wall -c -fmessage-length=0 -std=c++11 -MMD -MP -MF"src/GfxMgr.d" -MT"src/GfxMgr.d" -o "src/GfxMgr.o" "../src/GfxMgr.cpp"
Finished building: ../src/GfxMgr.cpp
 
Building file: ../src/UiMgr.cpp
Invoking: GCC C++ Compiler
g++ -I/usr/local/include/OGRE -I"/home/randygonzalez/workspace/As3_UI/inc" -I/usr/local/include/OGRE/Overlay -I/usr/include/ois -O0 -g3 -Wall -c -fmessage-length=0 -std=c++11 -MMD -MP -MF"src/UiMgr.d" -MT"src/UiMgr.d" -o "src/UiMgr.o" "../src/UiMgr.cpp"
Finished building: ../src/UiMgr.cpp
 
Building file: ../src/as3.cpp
Invoking: GCC C++ Compiler
g++ -I/usr/local/include/OGRE -I"/home/randygonzalez/workspace/As3_UI/inc" -I/usr/local/include/OGRE/Overlay -I/usr/include/ois -O0 -g3 -Wall -c -fmessage-length=0 -std=c++11 -MMD -MP -MF"src/as3.d" -MT"src/as3.d" -o "src/as3.o" "../src/as3.cpp"
Finished building: ../src/as3.cpp
 
Building file: ../src/engine.cpp
Invoking: GCC C++ Compiler
g++ -I/usr/local/include/OGRE -I"/home/randygonzalez/workspace/As3_UI/inc" -I/usr/local/include/OGRE/Overlay -I/usr/include/ois -O0 -g3 -Wall -c -fmessage-length=0 -std=c++11 -MMD -MP -MF"src/engine.d" -MT"src/engine.d" -o "src/engine.o" "../src/engine.cpp"
Finished building: ../src/engine.cpp
 
Building file: ../src/gameMgr.cpp
Invoking: GCC C++ Compiler
g++ -I/usr/local/include/OGRE -I"/home/randygonzalez/workspace/As3_UI/inc" -I/usr/local/include/OGRE/Overlay -I/usr/include/ois -O0 -g3 -Wall -c -fmessage-length=0 -std=c++11 -MMD -MP -MF"src/gameMgr.d" -MT"src/gameMgr.d" -o "src/gameMgr.o" "../src/gameMgr.cpp"
Finished building: ../src/gameMgr.cpp
 
Building file: ../src/inputMgr.cpp
Invoking: GCC C++ Compiler
g++ -I/usr/local/include/OGRE -I"/home/randygonzalez/workspace/As3_UI/inc" -I/usr/local/include/OGRE/Overlay -I/usr/include/ois -O0 -g3 -Wall -c -fmessage-length=0 -std=c++11 -MMD -MP -MF"src/inputMgr.d" -MT"src/inputMgr.d" -o "src/inputMgr.o" "../src/inputMgr.cpp"
Finished building: ../src/inputMgr.cpp
 
Building file: ../src/mgr.cpp
Invoking: GCC C++ Compiler
g++ -I/usr/local/include/OGRE -I"/home/randygonzalez/workspace/As3_UI/inc" -I/usr/local/include/OGRE/Overlay -I/usr/include/ois -O0 -g3 -Wall -c -fmessage-length=0 -std=c++11 -MMD -MP -MF"src/mgr.d" -MT"src/mgr.d" -o "src/mgr.o" "../src/mgr.cpp"
Finished building: ../src/mgr.cpp
 
Building target: As3_UI
Invoking: GCC C++ Linker
g++ -L/usr/lib/x86_64-linux-gnu -L/usr/local/lib/OGRE -o "As3_UI"  ./src/Aspect.o ./src/Entity381.o ./src/EntityMgr.o ./src/GfxMgr.o ./src/UiMgr.o ./src/as3.o ./src/engine.o ./src/gameMgr.o ./src/inputMgr.o ./src/mgr.o   -lOgreMain -lOgreOverlay -lOIS -lboost_system
Finished building target: As3_UI
 

16:59:29 Build Finished (took 1m:14s.878ms)

