18:58:40 **** Incremental Build of configuration Debug for project PA1 ****
make all 
Building file: ../src/BaseApplication.cpp
Invoking: GCC C++ Compiler
g++ -I"/home/randygonzalez/Desktop/CS381/PA1/include" -I/usr/local/include/OGRE/Overlay -I/usr/include/ois -I/usr/local/include/OGRE -O0 -g3 -Wall -c -fmessage-length=0 -MMD -MP -MF"src/BaseApplication.d" -MT"src/BaseApplication.d" -o "src/BaseApplication.o" "../src/BaseApplication.cpp"
In file included from ../src/BaseApplication.cpp:18:0:
/home/randygonzalez/Desktop/CS381/PA1/include/BaseApplication.h: In constructor ‘BaseApplication::BaseApplication()’:
/home/randygonzalez/Desktop/CS381/PA1/include/BaseApplication.h:124:33: warning: ‘BaseApplication::mKeyboard’ will be initialized after [-Wreorder]
     OIS::Keyboard*              mKeyboard;
                                 ^
/home/randygonzalez/Desktop/CS381/PA1/include/BaseApplication.h:111:33: warning:   ‘Ogre::OverlaySystem* BaseApplication::mOverlaySystem’ [-Wreorder]
     Ogre::OverlaySystem*        mOverlaySystem;
                                 ^
../src/BaseApplication.cpp:25:1: warning:   when initialized here [-Wreorder]
 BaseApplication::BaseApplication(void)
 ^
Finished building: ../src/BaseApplication.cpp
 
Building file: ../src/TutorialApplication.cpp
Invoking: GCC C++ Compiler
g++ -I"/home/randygonzalez/Desktop/CS381/PA1/include" -I/usr/local/include/OGRE/Overlay -I/usr/include/ois -I/usr/local/include/OGRE -O0 -g3 -Wall -c -fmessage-length=0 -MMD -MP -MF"src/TutorialApplication.d" -MT"src/TutorialApplication.d" -o "src/TutorialApplication.o" "../src/TutorialApplication.cpp"
Finished building: ../src/TutorialApplication.cpp
 
Building target: PA1
Invoking: GCC C++ Linker
g++ -L/usr/lib/x86_64-linux-gnu -L/usr/local/lib/OGRE -o "PA1"  ./src/BaseApplication.o ./src/TutorialApplication.o   -lOgreMain -lOgreOverlay -lOIS -lboost_system
Finished building target: PA1
 

18:58:48 Build Finished (took 7s.788ms)

